2024-07-31 11:12:12.849 +03:00 [INF] Now listening on: https://localhost:7147
2024-07-31 11:12:12.890 +03:00 [INF] Now listening on: http://localhost:5046
2024-07-31 11:12:12.893 +03:00 [INF] Application started. Press Ctrl+C to shut down.
2024-07-31 11:12:12.894 +03:00 [INF] Hosting environment: Development
2024-07-31 11:12:12.895 +03:00 [INF] Content root path: D:\Labs\BooksReviewApp\BooksReviewApp.Host
2024-07-31 11:12:21.205 +03:00 [INF] Request starting HTTP/2 GET https://localhost:7147/swagger/index.html - null null
2024-07-31 11:12:21.782 +03:00 [INF] Request finished HTTP/2 GET https://localhost:7147/swagger/index.html - 200 null text/html;charset=utf-8 596.5875ms
2024-07-31 11:12:21.851 +03:00 [INF] Request starting HTTP/2 GET https://localhost:7147/_framework/aspnetcore-browser-refresh.js - null null
2024-07-31 11:12:21.851 +03:00 [INF] Request starting HTTP/2 GET https://localhost:7147/_vs/browserLink - null null
2024-07-31 11:12:21.881 +03:00 [INF] Request finished HTTP/2 GET https://localhost:7147/_framework/aspnetcore-browser-refresh.js - 200 13774 application/javascript; charset=utf-8 30.614ms
2024-07-31 11:12:22.014 +03:00 [INF] Request finished HTTP/2 GET https://localhost:7147/_vs/browserLink - 200 null text/javascript; charset=UTF-8 165.4835ms
2024-07-31 11:12:22.449 +03:00 [INF] Request starting HTTP/2 GET https://localhost:7147/swagger/v1/swagger.json - null null
2024-07-31 11:12:22.714 +03:00 [INF] Request finished HTTP/2 GET https://localhost:7147/swagger/v1/swagger.json - 200 null application/json;charset=utf-8 268.8255ms
2024-07-31 11:12:35.732 +03:00 [INF] Request starting HTTP/2 POST https://localhost:7147/api/users - application/json 50
2024-07-31 11:12:35.745 +03:00 [INF] Executing endpoint 'BooksReviewApp.WebApi.Controllers.UsersController.CreateUser (BooksReviewApp.WebApi)'
2024-07-31 11:12:35.781 +03:00 [INF] Route matched with {action = "CreateUser", controller = "Users"}. Executing controller action with signature System.Threading.Tasks.Task`1[Microsoft.AspNetCore.Mvc.IActionResult] CreateUser(BooksReviewApp.WebApi.Dtos.User.CreateUserDto) on controller BooksReviewApp.WebApi.Controllers.UsersController (BooksReviewApp.WebApi).
2024-07-31 11:13:04.208 +03:00 [INF] Now listening on: https://localhost:7147
2024-07-31 11:13:04.259 +03:00 [INF] Now listening on: http://localhost:5046
2024-07-31 11:13:04.263 +03:00 [INF] Application started. Press Ctrl+C to shut down.
2024-07-31 11:13:04.265 +03:00 [INF] Hosting environment: Development
2024-07-31 11:13:04.266 +03:00 [INF] Content root path: D:\Labs\BooksReviewApp\BooksReviewApp.Host
2024-07-31 11:13:07.072 +03:00 [INF] Request starting HTTP/2 GET https://localhost:7147/swagger/index.html - null null
2024-07-31 11:13:07.820 +03:00 [INF] Request finished HTTP/2 GET https://localhost:7147/swagger/index.html - 200 null text/html;charset=utf-8 757.7771ms
2024-07-31 11:13:07.834 +03:00 [INF] Request starting HTTP/2 GET https://localhost:7147/_framework/aspnetcore-browser-refresh.js - null null
2024-07-31 11:13:07.851 +03:00 [INF] Request finished HTTP/2 GET https://localhost:7147/_framework/aspnetcore-browser-refresh.js - 200 13774 application/javascript; charset=utf-8 17.3797ms
2024-07-31 11:13:07.881 +03:00 [INF] Request starting HTTP/2 GET https://localhost:7147/_vs/browserLink - null null
2024-07-31 11:13:07.993 +03:00 [INF] Request finished HTTP/2 GET https://localhost:7147/_vs/browserLink - 200 null text/javascript; charset=UTF-8 113.3157ms
2024-07-31 11:13:08.370 +03:00 [INF] Request starting HTTP/2 GET https://localhost:7147/swagger/v1/swagger.json - null null
2024-07-31 11:13:08.587 +03:00 [INF] Request finished HTTP/2 GET https://localhost:7147/swagger/v1/swagger.json - 200 null application/json;charset=utf-8 216.7471ms
2024-07-31 11:13:16.531 +03:00 [INF] Request starting HTTP/2 POST https://localhost:7147/api/users - application/json 50
2024-07-31 11:13:16.547 +03:00 [INF] Executing endpoint 'BooksReviewApp.WebApi.Controllers.UsersController.CreateUser (BooksReviewApp.WebApi)'
2024-07-31 11:13:16.582 +03:00 [INF] Route matched with {action = "CreateUser", controller = "Users"}. Executing controller action with signature System.Threading.Tasks.Task`1[Microsoft.AspNetCore.Mvc.IActionResult] CreateUser(BooksReviewApp.WebApi.Dtos.User.CreateUserDto) on controller BooksReviewApp.WebApi.Controllers.UsersController (BooksReviewApp.WebApi).
2024-07-31 11:16:33.317 +03:00 [INF] Now listening on: https://localhost:7147
2024-07-31 11:16:33.477 +03:00 [INF] Now listening on: http://localhost:5046
2024-07-31 11:16:33.492 +03:00 [INF] Application started. Press Ctrl+C to shut down.
2024-07-31 11:16:33.495 +03:00 [INF] Hosting environment: Development
2024-07-31 11:16:33.498 +03:00 [INF] Content root path: D:\Labs\BooksReviewApp\BooksReviewApp.Host
2024-07-31 11:16:36.520 +03:00 [INF] Request starting HTTP/2 GET https://localhost:7147/swagger/index.html - null null
2024-07-31 11:16:37.248 +03:00 [INF] Request finished HTTP/2 GET https://localhost:7147/swagger/index.html - 200 null text/html;charset=utf-8 738.4899ms
2024-07-31 11:16:37.270 +03:00 [INF] Request starting HTTP/2 GET https://localhost:7147/_framework/aspnetcore-browser-refresh.js - null null
2024-07-31 11:16:37.303 +03:00 [INF] Request finished HTTP/2 GET https://localhost:7147/_framework/aspnetcore-browser-refresh.js - 200 13774 application/javascript; charset=utf-8 33.5818ms
2024-07-31 11:16:37.319 +03:00 [INF] Request starting HTTP/2 GET https://localhost:7147/_vs/browserLink - null null
2024-07-31 11:16:37.575 +03:00 [INF] Request finished HTTP/2 GET https://localhost:7147/_vs/browserLink - 200 null text/javascript; charset=UTF-8 255.7849ms
2024-07-31 11:16:37.948 +03:00 [INF] Request starting HTTP/2 GET https://localhost:7147/swagger/v1/swagger.json - null null
2024-07-31 11:16:38.203 +03:00 [INF] Request finished HTTP/2 GET https://localhost:7147/swagger/v1/swagger.json - 200 null application/json;charset=utf-8 255.3486ms
2024-07-31 11:16:48.525 +03:00 [INF] Request starting HTTP/2 POST https://localhost:7147/api/users - application/json 50
2024-07-31 11:16:48.542 +03:00 [INF] Executing endpoint 'BooksReviewApp.WebApi.Controllers.UsersController.CreateUser (BooksReviewApp.WebApi)'
2024-07-31 11:16:48.580 +03:00 [INF] Route matched with {action = "CreateUser", controller = "Users"}. Executing controller action with signature System.Threading.Tasks.Task`1[Microsoft.AspNetCore.Mvc.IActionResult] CreateUser(BooksReviewApp.WebApi.Dtos.User.CreateUserDto) on controller BooksReviewApp.WebApi.Controllers.UsersController (BooksReviewApp.WebApi).
2024-07-31 11:16:50.265 +03:00 [WRN] Validation message for key 'UsernameIsRequired' not found in culture ''.
2024-07-31 11:16:50.269 +03:00 [WRN] Validation message for key 'UsernameMaxLength' not found in culture ''.
2024-07-31 11:16:50.271 +03:00 [WRN] Validation message for key 'EmailIsRequired' not found in culture ''.
2024-07-31 11:16:50.279 +03:00 [WRN] Validation message for key 'EmailMaxLength' not found in culture ''.
2024-07-31 11:16:50.282 +03:00 [WRN] Validation message for key 'InvalidEmailFormat' not found in culture ''.
2024-07-31 11:16:50.284 +03:00 [WRN] Validation message for key 'PasswordIsRequired' not found in culture ''.
2024-07-31 11:16:50.287 +03:00 [WRN] Validation message for key 'PasswordMinLength' not found in culture ''.
2024-07-31 11:16:50.290 +03:00 [WRN] Validation message for key 'PasswordMaxLength' not found in culture ''.
2024-07-31 11:16:50.293 +03:00 [WRN] Validation message for key 'PasswordPattern' not found in culture ''.
2024-07-31 11:16:55.348 +03:00 [INF] Executed action BooksReviewApp.WebApi.Controllers.UsersController.CreateUser (BooksReviewApp.WebApi) in 6761.4232ms
2024-07-31 11:16:55.353 +03:00 [INF] Executed endpoint 'BooksReviewApp.WebApi.Controllers.UsersController.CreateUser (BooksReviewApp.WebApi)'
2024-07-31 11:16:57.388 +03:00 [ERR] Validation error occurred. Message: Validation failed: 
 -- Email: EmailIsRequired Severity: Error
 -- Password: PasswordMinLength Severity: Error
 -- Password: PasswordPattern Severity: Error, Errors: EmailIsRequired; PasswordMinLength; PasswordPattern, StackTrace:    at BooksReviewApp.WebApi.Validators.BaseValidator`1.Validate(ValidationContext`1 context) in D:\Labs\BooksReviewApp\BooksReviewApp.WebApi\Validators\BaseValidator.cs:line 14
   at FluentValidation.AbstractValidator`1.FluentValidation.IValidator.Validate(IValidationContext context) in /_/src/FluentValidation/AbstractValidator.cs:line 153
   at FluentValidation.AspNetCore.FluentValidationModelValidator.Validate(ModelValidationContext mvContext) in /_/src/FluentValidation.AspNetCore/FluentValidationModelValidatorProvider.cs:line 146
   at Microsoft.AspNetCore.Mvc.ModelBinding.Validation.ValidationVisitor.ValidateNode()
   at Microsoft.AspNetCore.Mvc.ModelBinding.Validation.ValidationVisitor.VisitComplexType(IValidationStrategy defaultStrategy)
   at Microsoft.AspNetCore.Mvc.ModelBinding.Validation.ValidationVisitor.VisitImplementation(ModelMetadata& metadata, String& key, Object model)
   at Microsoft.AspNetCore.Mvc.ModelBinding.Validation.ValidationVisitor.Visit(ModelMetadata metadata, String key, Object model)
   at FluentValidation.AspNetCore.FluentValidationVisitor.<>n__1(ModelMetadata metadata, String key, Object model, Boolean alwaysValidateAtTopLevel, Object container)
   at FluentValidation.AspNetCore.FluentValidationVisitor.<>c__DisplayClass2_0.<Validate>g__BaseValidate|0() in /_/src/FluentValidation.AspNetCore/FluentValidationVisitor.cs:line 45
   at FluentValidation.AspNetCore.FluentValidationVisitor.ValidateInternal(ModelMetadata metadata, String key, Object model, Func`1 continuation) in /_/src/FluentValidation.AspNetCore/FluentValidationVisitor.cs:line 63
   at FluentValidation.AspNetCore.FluentValidationVisitor.Validate(ModelMetadata metadata, String key, Object model, Boolean alwaysValidateAtTopLevel, Object container) in /_/src/FluentValidation.AspNetCore/FluentValidationVisitor.cs:line 47
   at Microsoft.AspNetCore.Mvc.ModelBinding.ObjectModelValidator.Validate(ActionContext actionContext, ValidationStateDictionary validationState, String prefix, Object model, ModelMetadata metadata, Object container)
   at Microsoft.AspNetCore.Mvc.ModelBinding.ParameterBinder.EnforceBindRequiredAndValidate(ObjectModelValidator baseObjectValidator, ActionContext actionContext, ParameterDescriptor parameter, ModelMetadata metadata, ModelBindingContext modelBindingContext, ModelBindingResult modelBindingResult, Object container)
   at Microsoft.AspNetCore.Mvc.ModelBinding.ParameterBinder.BindModelAsync(ActionContext actionContext, IModelBinder modelBinder, IValueProvider valueProvider, ParameterDescriptor parameter, ModelMetadata metadata, Object value, Object container)
   at Microsoft.AspNetCore.Mvc.Controllers.ControllerBinderDelegateProvider.<>c__DisplayClass0_0.<<CreateBinderDelegate>g__Bind|0>d.MoveNext()
--- End of stack trace from previous location ---
   at Microsoft.AspNetCore.Mvc.Infrastructure.ControllerActionInvoker.<InvokeInnerFilterAsync>g__Awaited|13_0(ControllerActionInvoker invoker, Task lastTask, State next, Scope scope, Object state, Boolean isCompleted)
   at Microsoft.AspNetCore.Mvc.Infrastructure.ResourceInvoker.<InvokeFilterPipelineAsync>g__Awaited|20_0(ResourceInvoker invoker, Task lastTask, State next, Scope scope, Object state, Boolean isCompleted)
   at Microsoft.AspNetCore.Mvc.Infrastructure.ResourceInvoker.<InvokeAsync>g__Logged|17_1(ResourceInvoker invoker)
   at Microsoft.AspNetCore.Mvc.Infrastructure.ResourceInvoker.<InvokeAsync>g__Logged|17_1(ResourceInvoker invoker)
   at Microsoft.AspNetCore.Routing.EndpointMiddleware.<Invoke>g__AwaitRequestTask|7_0(Endpoint endpoint, Task requestTask, ILogger logger)
   at Microsoft.AspNetCore.Authorization.AuthorizationMiddleware.Invoke(HttpContext context)
   at BooksReviewApp.WebApi.Middlewares.ExceptionHandlingMiddleware.InvokeAsync(HttpContext context) in D:\Labs\BooksReviewApp\BooksReviewApp.WebApi\Middlewares\ExceptionHandlingMiddleware.cs:line 24, InnerException: null
FluentValidation.ValidationException: Validation failed: 
 -- Email: EmailIsRequired Severity: Error
 -- Password: PasswordMinLength Severity: Error
 -- Password: PasswordPattern Severity: Error
   at BooksReviewApp.WebApi.Validators.BaseValidator`1.Validate(ValidationContext`1 context) in D:\Labs\BooksReviewApp\BooksReviewApp.WebApi\Validators\BaseValidator.cs:line 14
   at FluentValidation.AbstractValidator`1.FluentValidation.IValidator.Validate(IValidationContext context) in /_/src/FluentValidation/AbstractValidator.cs:line 153
   at FluentValidation.AspNetCore.FluentValidationModelValidator.Validate(ModelValidationContext mvContext) in /_/src/FluentValidation.AspNetCore/FluentValidationModelValidatorProvider.cs:line 146
   at Microsoft.AspNetCore.Mvc.ModelBinding.Validation.ValidationVisitor.ValidateNode()
   at Microsoft.AspNetCore.Mvc.ModelBinding.Validation.ValidationVisitor.VisitComplexType(IValidationStrategy defaultStrategy)
   at Microsoft.AspNetCore.Mvc.ModelBinding.Validation.ValidationVisitor.VisitImplementation(ModelMetadata& metadata, String& key, Object model)
   at Microsoft.AspNetCore.Mvc.ModelBinding.Validation.ValidationVisitor.Visit(ModelMetadata metadata, String key, Object model)
   at FluentValidation.AspNetCore.FluentValidationVisitor.<>n__1(ModelMetadata metadata, String key, Object model, Boolean alwaysValidateAtTopLevel, Object container)
   at FluentValidation.AspNetCore.FluentValidationVisitor.<>c__DisplayClass2_0.<Validate>g__BaseValidate|0() in /_/src/FluentValidation.AspNetCore/FluentValidationVisitor.cs:line 45
   at FluentValidation.AspNetCore.FluentValidationVisitor.ValidateInternal(ModelMetadata metadata, String key, Object model, Func`1 continuation) in /_/src/FluentValidation.AspNetCore/FluentValidationVisitor.cs:line 63
   at FluentValidation.AspNetCore.FluentValidationVisitor.Validate(ModelMetadata metadata, String key, Object model, Boolean alwaysValidateAtTopLevel, Object container) in /_/src/FluentValidation.AspNetCore/FluentValidationVisitor.cs:line 47
   at Microsoft.AspNetCore.Mvc.ModelBinding.ObjectModelValidator.Validate(ActionContext actionContext, ValidationStateDictionary validationState, String prefix, Object model, ModelMetadata metadata, Object container)
   at Microsoft.AspNetCore.Mvc.ModelBinding.ParameterBinder.EnforceBindRequiredAndValidate(ObjectModelValidator baseObjectValidator, ActionContext actionContext, ParameterDescriptor parameter, ModelMetadata metadata, ModelBindingContext modelBindingContext, ModelBindingResult modelBindingResult, Object container)
   at Microsoft.AspNetCore.Mvc.ModelBinding.ParameterBinder.BindModelAsync(ActionContext actionContext, IModelBinder modelBinder, IValueProvider valueProvider, ParameterDescriptor parameter, ModelMetadata metadata, Object value, Object container)
   at Microsoft.AspNetCore.Mvc.Controllers.ControllerBinderDelegateProvider.<>c__DisplayClass0_0.<<CreateBinderDelegate>g__Bind|0>d.MoveNext()
--- End of stack trace from previous location ---
   at Microsoft.AspNetCore.Mvc.Infrastructure.ControllerActionInvoker.<InvokeInnerFilterAsync>g__Awaited|13_0(ControllerActionInvoker invoker, Task lastTask, State next, Scope scope, Object state, Boolean isCompleted)
   at Microsoft.AspNetCore.Mvc.Infrastructure.ResourceInvoker.<InvokeFilterPipelineAsync>g__Awaited|20_0(ResourceInvoker invoker, Task lastTask, State next, Scope scope, Object state, Boolean isCompleted)
   at Microsoft.AspNetCore.Mvc.Infrastructure.ResourceInvoker.<InvokeAsync>g__Logged|17_1(ResourceInvoker invoker)
   at Microsoft.AspNetCore.Mvc.Infrastructure.ResourceInvoker.<InvokeAsync>g__Logged|17_1(ResourceInvoker invoker)
   at Microsoft.AspNetCore.Routing.EndpointMiddleware.<Invoke>g__AwaitRequestTask|7_0(Endpoint endpoint, Task requestTask, ILogger logger)
   at Microsoft.AspNetCore.Authorization.AuthorizationMiddleware.Invoke(HttpContext context)
   at BooksReviewApp.WebApi.Middlewares.ExceptionHandlingMiddleware.InvokeAsync(HttpContext context) in D:\Labs\BooksReviewApp\BooksReviewApp.WebApi\Middlewares\ExceptionHandlingMiddleware.cs:line 24
2024-07-31 11:16:57.436 +03:00 [INF] Request finished HTTP/2 POST https://localhost:7147/api/users - 404 null application/json 8911.0866ms
2024-07-31 11:17:33.530 +03:00 [INF] Now listening on: https://localhost:7147
2024-07-31 11:17:33.570 +03:00 [INF] Now listening on: http://localhost:5046
2024-07-31 11:17:33.573 +03:00 [INF] Application started. Press Ctrl+C to shut down.
2024-07-31 11:17:33.574 +03:00 [INF] Hosting environment: Development
2024-07-31 11:17:33.575 +03:00 [INF] Content root path: D:\Labs\BooksReviewApp\BooksReviewApp.Host
2024-07-31 11:17:36.750 +03:00 [INF] Request starting HTTP/2 GET https://localhost:7147/swagger/index.html - null null
2024-07-31 11:17:37.384 +03:00 [INF] Request finished HTTP/2 GET https://localhost:7147/swagger/index.html - 200 null text/html;charset=utf-8 645.2077ms
2024-07-31 11:17:37.443 +03:00 [INF] Request starting HTTP/2 GET https://localhost:7147/_framework/aspnetcore-browser-refresh.js - null null
2024-07-31 11:17:37.443 +03:00 [INF] Request starting HTTP/2 GET https://localhost:7147/_vs/browserLink - null null
2024-07-31 11:17:37.477 +03:00 [INF] Request finished HTTP/2 GET https://localhost:7147/_framework/aspnetcore-browser-refresh.js - 200 13774 application/javascript; charset=utf-8 33.8447ms
2024-07-31 11:17:37.549 +03:00 [INF] Request finished HTTP/2 GET https://localhost:7147/_vs/browserLink - 200 null text/javascript; charset=UTF-8 106.266ms
2024-07-31 11:17:37.981 +03:00 [INF] Request starting HTTP/2 GET https://localhost:7147/swagger/v1/swagger.json - null null
2024-07-31 11:17:38.228 +03:00 [INF] Request finished HTTP/2 GET https://localhost:7147/swagger/v1/swagger.json - 200 null application/json;charset=utf-8 247.2523ms
2024-07-31 11:17:46.554 +03:00 [INF] Request starting HTTP/2 POST https://localhost:7147/api/users - application/json 50
2024-07-31 11:17:46.570 +03:00 [INF] Executing endpoint 'BooksReviewApp.WebApi.Controllers.UsersController.CreateUser (BooksReviewApp.WebApi)'
2024-07-31 11:17:46.606 +03:00 [INF] Route matched with {action = "CreateUser", controller = "Users"}. Executing controller action with signature System.Threading.Tasks.Task`1[Microsoft.AspNetCore.Mvc.IActionResult] CreateUser(BooksReviewApp.WebApi.Dtos.User.CreateUserDto) on controller BooksReviewApp.WebApi.Controllers.UsersController (BooksReviewApp.WebApi).
2024-07-31 11:18:44.150 +03:00 [INF] Now listening on: https://localhost:7147
2024-07-31 11:18:44.209 +03:00 [INF] Now listening on: http://localhost:5046
2024-07-31 11:18:44.213 +03:00 [INF] Application started. Press Ctrl+C to shut down.
2024-07-31 11:18:44.215 +03:00 [INF] Hosting environment: Development
2024-07-31 11:18:44.217 +03:00 [INF] Content root path: D:\Labs\BooksReviewApp\BooksReviewApp.Host
2024-07-31 11:18:47.210 +03:00 [INF] Request starting HTTP/2 GET https://localhost:7147/swagger/index.html - null null
2024-07-31 11:18:47.899 +03:00 [INF] Request finished HTTP/2 GET https://localhost:7147/swagger/index.html - 200 null text/html;charset=utf-8 695.4607ms
2024-07-31 11:18:47.910 +03:00 [INF] Request starting HTTP/2 GET https://localhost:7147/_framework/aspnetcore-browser-refresh.js - null null
2024-07-31 11:18:47.924 +03:00 [INF] Request finished HTTP/2 GET https://localhost:7147/_framework/aspnetcore-browser-refresh.js - 200 13774 application/javascript; charset=utf-8 14.2459ms
2024-07-31 11:18:47.943 +03:00 [INF] Request starting HTTP/2 GET https://localhost:7147/_vs/browserLink - null null
2024-07-31 11:18:48.038 +03:00 [INF] Request finished HTTP/2 GET https://localhost:7147/_vs/browserLink - 200 null text/javascript; charset=UTF-8 95.8443ms
2024-07-31 11:18:48.319 +03:00 [INF] Request starting HTTP/2 GET https://localhost:7147/swagger/v1/swagger.json - null null
2024-07-31 11:18:48.505 +03:00 [INF] Request finished HTTP/2 GET https://localhost:7147/swagger/v1/swagger.json - 200 null application/json;charset=utf-8 186.6276ms
2024-07-31 11:18:56.976 +03:00 [INF] Request starting HTTP/2 POST https://localhost:7147/api/users - application/json 50
2024-07-31 11:18:56.992 +03:00 [INF] Executing endpoint 'BooksReviewApp.WebApi.Controllers.UsersController.CreateUser (BooksReviewApp.WebApi)'
2024-07-31 11:18:57.026 +03:00 [INF] Route matched with {action = "CreateUser", controller = "Users"}. Executing controller action with signature System.Threading.Tasks.Task`1[Microsoft.AspNetCore.Mvc.IActionResult] CreateUser(BooksReviewApp.WebApi.Dtos.User.CreateUserDto) on controller BooksReviewApp.WebApi.Controllers.UsersController (BooksReviewApp.WebApi).
2024-07-31 11:21:42.311 +03:00 [INF] Now listening on: https://localhost:7147
2024-07-31 11:21:42.408 +03:00 [INF] Now listening on: http://localhost:5046
2024-07-31 11:21:42.419 +03:00 [INF] Application started. Press Ctrl+C to shut down.
2024-07-31 11:21:42.421 +03:00 [INF] Hosting environment: Development
2024-07-31 11:21:42.423 +03:00 [INF] Content root path: D:\Labs\BooksReviewApp\BooksReviewApp.Host
2024-07-31 11:21:45.917 +03:00 [INF] Request starting HTTP/2 GET https://localhost:7147/swagger/index.html - null null
2024-07-31 11:21:46.509 +03:00 [INF] Request starting HTTP/2 GET https://localhost:7147/_framework/aspnetcore-browser-refresh.js - null null
2024-07-31 11:21:46.513 +03:00 [INF] Request finished HTTP/2 GET https://localhost:7147/swagger/index.html - 200 null text/html;charset=utf-8 605.7611ms
2024-07-31 11:21:46.538 +03:00 [INF] Request finished HTTP/2 GET https://localhost:7147/_framework/aspnetcore-browser-refresh.js - 200 13774 application/javascript; charset=utf-8 29.6798ms
2024-07-31 11:21:46.546 +03:00 [INF] Request starting HTTP/2 GET https://localhost:7147/_vs/browserLink - null null
2024-07-31 11:21:46.621 +03:00 [INF] Request finished HTTP/2 GET https://localhost:7147/_vs/browserLink - 200 null text/javascript; charset=UTF-8 74.482ms
2024-07-31 11:21:46.961 +03:00 [INF] Request starting HTTP/2 GET https://localhost:7147/swagger/v1/swagger.json - null null
2024-07-31 11:21:47.153 +03:00 [INF] Request finished HTTP/2 GET https://localhost:7147/swagger/v1/swagger.json - 200 null application/json;charset=utf-8 192.6467ms
2024-07-31 11:21:57.654 +03:00 [INF] Request starting HTTP/2 POST https://localhost:7147/api/users - application/json 50
2024-07-31 11:21:57.671 +03:00 [INF] Executing endpoint 'BooksReviewApp.WebApi.Controllers.UsersController.CreateUser (BooksReviewApp.WebApi)'
2024-07-31 11:21:57.706 +03:00 [INF] Route matched with {action = "CreateUser", controller = "Users"}. Executing controller action with signature System.Threading.Tasks.Task`1[Microsoft.AspNetCore.Mvc.IActionResult] CreateUser(BooksReviewApp.WebApi.Dtos.User.CreateUserDto) on controller BooksReviewApp.WebApi.Controllers.UsersController (BooksReviewApp.WebApi).
2024-07-31 11:22:30.833 +03:00 [INF] Executed action BooksReviewApp.WebApi.Controllers.UsersController.CreateUser (BooksReviewApp.WebApi) in 33124.8749ms
2024-07-31 11:22:30.835 +03:00 [INF] Executed endpoint 'BooksReviewApp.WebApi.Controllers.UsersController.CreateUser (BooksReviewApp.WebApi)'
2024-07-31 11:22:31.725 +03:00 [ERR] Validation error occurred. Message: Validation failed: 
 -- Email: Email is required. Severity: Error
 -- Password: Password must be at least 8 characters long. Severity: Error
 -- Password: Password must contain at least one lowercase letter, one uppercase letter, and one digit. Severity: Error, Errors: Email is required.; Password must be at least 8 characters long.; Password must contain at least one lowercase letter, one uppercase letter, and one digit., StackTrace:    at BooksReviewApp.WebApi.Validators.BaseValidator`1.Validate(ValidationContext`1 context) in D:\Labs\BooksReviewApp\BooksReviewApp.WebApi\Validators\BaseValidator.cs:line 14
   at FluentValidation.AbstractValidator`1.FluentValidation.IValidator.Validate(IValidationContext context) in /_/src/FluentValidation/AbstractValidator.cs:line 153
   at FluentValidation.AspNetCore.FluentValidationModelValidator.Validate(ModelValidationContext mvContext) in /_/src/FluentValidation.AspNetCore/FluentValidationModelValidatorProvider.cs:line 146
   at Microsoft.AspNetCore.Mvc.ModelBinding.Validation.ValidationVisitor.ValidateNode()
   at Microsoft.AspNetCore.Mvc.ModelBinding.Validation.ValidationVisitor.VisitComplexType(IValidationStrategy defaultStrategy)
   at Microsoft.AspNetCore.Mvc.ModelBinding.Validation.ValidationVisitor.VisitImplementation(ModelMetadata& metadata, String& key, Object model)
   at Microsoft.AspNetCore.Mvc.ModelBinding.Validation.ValidationVisitor.Visit(ModelMetadata metadata, String key, Object model)
   at FluentValidation.AspNetCore.FluentValidationVisitor.<>n__1(ModelMetadata metadata, String key, Object model, Boolean alwaysValidateAtTopLevel, Object container)
   at FluentValidation.AspNetCore.FluentValidationVisitor.<>c__DisplayClass2_0.<Validate>g__BaseValidate|0() in /_/src/FluentValidation.AspNetCore/FluentValidationVisitor.cs:line 45
   at FluentValidation.AspNetCore.FluentValidationVisitor.ValidateInternal(ModelMetadata metadata, String key, Object model, Func`1 continuation) in /_/src/FluentValidation.AspNetCore/FluentValidationVisitor.cs:line 63
   at FluentValidation.AspNetCore.FluentValidationVisitor.Validate(ModelMetadata metadata, String key, Object model, Boolean alwaysValidateAtTopLevel, Object container) in /_/src/FluentValidation.AspNetCore/FluentValidationVisitor.cs:line 47
   at Microsoft.AspNetCore.Mvc.ModelBinding.ObjectModelValidator.Validate(ActionContext actionContext, ValidationStateDictionary validationState, String prefix, Object model, ModelMetadata metadata, Object container)
   at Microsoft.AspNetCore.Mvc.ModelBinding.ParameterBinder.EnforceBindRequiredAndValidate(ObjectModelValidator baseObjectValidator, ActionContext actionContext, ParameterDescriptor parameter, ModelMetadata metadata, ModelBindingContext modelBindingContext, ModelBindingResult modelBindingResult, Object container)
   at Microsoft.AspNetCore.Mvc.ModelBinding.ParameterBinder.BindModelAsync(ActionContext actionContext, IModelBinder modelBinder, IValueProvider valueProvider, ParameterDescriptor parameter, ModelMetadata metadata, Object value, Object container)
   at Microsoft.AspNetCore.Mvc.Controllers.ControllerBinderDelegateProvider.<>c__DisplayClass0_0.<<CreateBinderDelegate>g__Bind|0>d.MoveNext()
--- End of stack trace from previous location ---
   at Microsoft.AspNetCore.Mvc.Infrastructure.ControllerActionInvoker.<InvokeInnerFilterAsync>g__Awaited|13_0(ControllerActionInvoker invoker, Task lastTask, State next, Scope scope, Object state, Boolean isCompleted)
   at Microsoft.AspNetCore.Mvc.Infrastructure.ResourceInvoker.<InvokeFilterPipelineAsync>g__Awaited|20_0(ResourceInvoker invoker, Task lastTask, State next, Scope scope, Object state, Boolean isCompleted)
   at Microsoft.AspNetCore.Mvc.Infrastructure.ResourceInvoker.<InvokeAsync>g__Logged|17_1(ResourceInvoker invoker)
   at Microsoft.AspNetCore.Mvc.Infrastructure.ResourceInvoker.<InvokeAsync>g__Logged|17_1(ResourceInvoker invoker)
   at Microsoft.AspNetCore.Routing.EndpointMiddleware.<Invoke>g__AwaitRequestTask|7_0(Endpoint endpoint, Task requestTask, ILogger logger)
   at Microsoft.AspNetCore.Authorization.AuthorizationMiddleware.Invoke(HttpContext context)
   at BooksReviewApp.WebApi.Middlewares.ExceptionHandlingMiddleware.InvokeAsync(HttpContext context) in D:\Labs\BooksReviewApp\BooksReviewApp.WebApi\Middlewares\ExceptionHandlingMiddleware.cs:line 24, InnerException: null
FluentValidation.ValidationException: Validation failed: 
 -- Email: Email is required. Severity: Error
 -- Password: Password must be at least 8 characters long. Severity: Error
 -- Password: Password must contain at least one lowercase letter, one uppercase letter, and one digit. Severity: Error
   at BooksReviewApp.WebApi.Validators.BaseValidator`1.Validate(ValidationContext`1 context) in D:\Labs\BooksReviewApp\BooksReviewApp.WebApi\Validators\BaseValidator.cs:line 14
   at FluentValidation.AbstractValidator`1.FluentValidation.IValidator.Validate(IValidationContext context) in /_/src/FluentValidation/AbstractValidator.cs:line 153
   at FluentValidation.AspNetCore.FluentValidationModelValidator.Validate(ModelValidationContext mvContext) in /_/src/FluentValidation.AspNetCore/FluentValidationModelValidatorProvider.cs:line 146
   at Microsoft.AspNetCore.Mvc.ModelBinding.Validation.ValidationVisitor.ValidateNode()
   at Microsoft.AspNetCore.Mvc.ModelBinding.Validation.ValidationVisitor.VisitComplexType(IValidationStrategy defaultStrategy)
   at Microsoft.AspNetCore.Mvc.ModelBinding.Validation.ValidationVisitor.VisitImplementation(ModelMetadata& metadata, String& key, Object model)
   at Microsoft.AspNetCore.Mvc.ModelBinding.Validation.ValidationVisitor.Visit(ModelMetadata metadata, String key, Object model)
   at FluentValidation.AspNetCore.FluentValidationVisitor.<>n__1(ModelMetadata metadata, String key, Object model, Boolean alwaysValidateAtTopLevel, Object container)
   at FluentValidation.AspNetCore.FluentValidationVisitor.<>c__DisplayClass2_0.<Validate>g__BaseValidate|0() in /_/src/FluentValidation.AspNetCore/FluentValidationVisitor.cs:line 45
   at FluentValidation.AspNetCore.FluentValidationVisitor.ValidateInternal(ModelMetadata metadata, String key, Object model, Func`1 continuation) in /_/src/FluentValidation.AspNetCore/FluentValidationVisitor.cs:line 63
   at FluentValidation.AspNetCore.FluentValidationVisitor.Validate(ModelMetadata metadata, String key, Object model, Boolean alwaysValidateAtTopLevel, Object container) in /_/src/FluentValidation.AspNetCore/FluentValidationVisitor.cs:line 47
   at Microsoft.AspNetCore.Mvc.ModelBinding.ObjectModelValidator.Validate(ActionContext actionContext, ValidationStateDictionary validationState, String prefix, Object model, ModelMetadata metadata, Object container)
   at Microsoft.AspNetCore.Mvc.ModelBinding.ParameterBinder.EnforceBindRequiredAndValidate(ObjectModelValidator baseObjectValidator, ActionContext actionContext, ParameterDescriptor parameter, ModelMetadata metadata, ModelBindingContext modelBindingContext, ModelBindingResult modelBindingResult, Object container)
   at Microsoft.AspNetCore.Mvc.ModelBinding.ParameterBinder.BindModelAsync(ActionContext actionContext, IModelBinder modelBinder, IValueProvider valueProvider, ParameterDescriptor parameter, ModelMetadata metadata, Object value, Object container)
   at Microsoft.AspNetCore.Mvc.Controllers.ControllerBinderDelegateProvider.<>c__DisplayClass0_0.<<CreateBinderDelegate>g__Bind|0>d.MoveNext()
--- End of stack trace from previous location ---
   at Microsoft.AspNetCore.Mvc.Infrastructure.ControllerActionInvoker.<InvokeInnerFilterAsync>g__Awaited|13_0(ControllerActionInvoker invoker, Task lastTask, State next, Scope scope, Object state, Boolean isCompleted)
   at Microsoft.AspNetCore.Mvc.Infrastructure.ResourceInvoker.<InvokeFilterPipelineAsync>g__Awaited|20_0(ResourceInvoker invoker, Task lastTask, State next, Scope scope, Object state, Boolean isCompleted)
   at Microsoft.AspNetCore.Mvc.Infrastructure.ResourceInvoker.<InvokeAsync>g__Logged|17_1(ResourceInvoker invoker)
   at Microsoft.AspNetCore.Mvc.Infrastructure.ResourceInvoker.<InvokeAsync>g__Logged|17_1(ResourceInvoker invoker)
   at Microsoft.AspNetCore.Routing.EndpointMiddleware.<Invoke>g__AwaitRequestTask|7_0(Endpoint endpoint, Task requestTask, ILogger logger)
   at Microsoft.AspNetCore.Authorization.AuthorizationMiddleware.Invoke(HttpContext context)
   at BooksReviewApp.WebApi.Middlewares.ExceptionHandlingMiddleware.InvokeAsync(HttpContext context) in D:\Labs\BooksReviewApp\BooksReviewApp.WebApi\Middlewares\ExceptionHandlingMiddleware.cs:line 24
2024-07-31 11:22:31.749 +03:00 [INF] Request finished HTTP/2 POST https://localhost:7147/api/users - 404 null application/json 34101.3358ms
2024-07-31 11:23:49.446 +03:00 [INF] Now listening on: https://localhost:7147
2024-07-31 11:23:49.507 +03:00 [INF] Now listening on: http://localhost:5046
2024-07-31 11:23:49.513 +03:00 [INF] Application started. Press Ctrl+C to shut down.
2024-07-31 11:23:49.515 +03:00 [INF] Hosting environment: Development
2024-07-31 11:23:49.516 +03:00 [INF] Content root path: D:\Labs\BooksReviewApp\BooksReviewApp.Host
2024-07-31 11:23:51.233 +03:00 [INF] Request starting HTTP/2 GET https://localhost:7147/swagger/index.html - null null
2024-07-31 11:23:52.092 +03:00 [INF] Request finished HTTP/2 GET https://localhost:7147/swagger/index.html - 200 null text/html;charset=utf-8 879.0799ms
2024-07-31 11:23:52.145 +03:00 [INF] Request starting HTTP/2 GET https://localhost:7147/_vs/browserLink - null null
2024-07-31 11:23:52.145 +03:00 [INF] Request starting HTTP/2 GET https://localhost:7147/_framework/aspnetcore-browser-refresh.js - null null
2024-07-31 11:23:52.196 +03:00 [INF] Request finished HTTP/2 GET https://localhost:7147/_framework/aspnetcore-browser-refresh.js - 200 13774 application/javascript; charset=utf-8 50.8778ms
2024-07-31 11:23:52.270 +03:00 [INF] Request finished HTTP/2 GET https://localhost:7147/_vs/browserLink - 200 null text/javascript; charset=UTF-8 127.7222ms
2024-07-31 11:23:52.617 +03:00 [INF] Request starting HTTP/2 GET https://localhost:7147/swagger/v1/swagger.json - null null
2024-07-31 11:23:52.813 +03:00 [INF] Request finished HTTP/2 GET https://localhost:7147/swagger/v1/swagger.json - 200 null application/json;charset=utf-8 197.1953ms
2024-07-31 11:24:02.011 +03:00 [INF] Request starting HTTP/2 POST https://localhost:7147/api/users - application/json 50
2024-07-31 11:24:02.026 +03:00 [INF] Executing endpoint 'BooksReviewApp.WebApi.Controllers.UsersController.CreateUser (BooksReviewApp.WebApi)'
2024-07-31 11:24:02.058 +03:00 [INF] Route matched with {action = "CreateUser", controller = "Users"}. Executing controller action with signature System.Threading.Tasks.Task`1[Microsoft.AspNetCore.Mvc.IActionResult] CreateUser(BooksReviewApp.WebApi.Dtos.User.CreateUserDto) on controller BooksReviewApp.WebApi.Controllers.UsersController (BooksReviewApp.WebApi).
2024-07-31 11:24:50.324 +03:00 [INF] Now listening on: https://localhost:7147
2024-07-31 11:24:50.373 +03:00 [INF] Now listening on: http://localhost:5046
2024-07-31 11:24:50.377 +03:00 [INF] Application started. Press Ctrl+C to shut down.
2024-07-31 11:24:50.378 +03:00 [INF] Hosting environment: Development
2024-07-31 11:24:50.379 +03:00 [INF] Content root path: D:\Labs\BooksReviewApp\BooksReviewApp.Host
2024-07-31 11:24:52.503 +03:00 [INF] Request starting HTTP/2 GET https://localhost:7147/swagger/index.html - null null
2024-07-31 11:24:53.459 +03:00 [INF] Request finished HTTP/2 GET https://localhost:7147/swagger/index.html - 200 null text/html;charset=utf-8 966.062ms
2024-07-31 11:24:53.524 +03:00 [INF] Request starting HTTP/2 GET https://localhost:7147/_framework/aspnetcore-browser-refresh.js - null null
2024-07-31 11:24:53.524 +03:00 [INF] Request starting HTTP/2 GET https://localhost:7147/_vs/browserLink - null null
2024-07-31 11:24:53.546 +03:00 [INF] Request finished HTTP/2 GET https://localhost:7147/_framework/aspnetcore-browser-refresh.js - 200 13774 application/javascript; charset=utf-8 21.7557ms
2024-07-31 11:24:53.686 +03:00 [INF] Request finished HTTP/2 GET https://localhost:7147/_vs/browserLink - 200 null text/javascript; charset=UTF-8 162.4388ms
2024-07-31 11:24:54.156 +03:00 [INF] Request starting HTTP/2 GET https://localhost:7147/swagger/v1/swagger.json - null null
2024-07-31 11:24:54.384 +03:00 [INF] Request finished HTTP/2 GET https://localhost:7147/swagger/v1/swagger.json - 200 null application/json;charset=utf-8 228.2703ms
2024-07-31 11:25:03.134 +03:00 [INF] Request starting HTTP/2 POST https://localhost:7147/api/users - application/json 50
2024-07-31 11:25:03.150 +03:00 [INF] Executing endpoint 'BooksReviewApp.WebApi.Controllers.UsersController.CreateUser (BooksReviewApp.WebApi)'
2024-07-31 11:25:03.178 +03:00 [INF] Route matched with {action = "CreateUser", controller = "Users"}. Executing controller action with signature System.Threading.Tasks.Task`1[Microsoft.AspNetCore.Mvc.IActionResult] CreateUser(BooksReviewApp.WebApi.Dtos.User.CreateUserDto) on controller BooksReviewApp.WebApi.Controllers.UsersController (BooksReviewApp.WebApi).
2024-07-31 11:31:18.088 +03:00 [INF] Now listening on: https://localhost:7147
2024-07-31 11:31:18.144 +03:00 [INF] Now listening on: http://localhost:5046
2024-07-31 11:31:18.149 +03:00 [INF] Application started. Press Ctrl+C to shut down.
2024-07-31 11:31:18.150 +03:00 [INF] Hosting environment: Development
2024-07-31 11:31:18.152 +03:00 [INF] Content root path: D:\Labs\BooksReviewApp\BooksReviewApp.Host
2024-07-31 11:31:20.712 +03:00 [INF] Request starting HTTP/2 GET https://localhost:7147/swagger/index.html - null null
2024-07-31 11:31:21.453 +03:00 [INF] Request finished HTTP/2 GET https://localhost:7147/swagger/index.html - 200 null text/html;charset=utf-8 751.9377ms
2024-07-31 11:31:21.542 +03:00 [INF] Request starting HTTP/2 GET https://localhost:7147/_vs/browserLink - null null
2024-07-31 11:31:21.554 +03:00 [INF] Request starting HTTP/2 GET https://localhost:7147/_framework/aspnetcore-browser-refresh.js - null null
2024-07-31 11:31:21.589 +03:00 [INF] Request finished HTTP/2 GET https://localhost:7147/_framework/aspnetcore-browser-refresh.js - 200 13774 application/javascript; charset=utf-8 35.279ms
2024-07-31 11:31:21.653 +03:00 [INF] Request finished HTTP/2 GET https://localhost:7147/_vs/browserLink - 200 null text/javascript; charset=UTF-8 111.1523ms
2024-07-31 11:31:22.068 +03:00 [INF] Request starting HTTP/2 GET https://localhost:7147/swagger/v1/swagger.json - null null
2024-07-31 11:31:22.271 +03:00 [INF] Request finished HTTP/2 GET https://localhost:7147/swagger/v1/swagger.json - 200 null application/json;charset=utf-8 203.13ms
2024-07-31 11:33:09.155 +03:00 [INF] Request starting HTTP/2 POST https://localhost:7147/api/users - application/json 50
2024-07-31 11:33:09.175 +03:00 [INF] Executing endpoint 'BooksReviewApp.WebApi.Controllers.UsersController.CreateUser (BooksReviewApp.WebApi)'
2024-07-31 11:33:09.198 +03:00 [INF] Route matched with {action = "CreateUser", controller = "Users"}. Executing controller action with signature System.Threading.Tasks.Task`1[Microsoft.AspNetCore.Mvc.IActionResult] CreateUser(BooksReviewApp.WebApi.Dtos.User.CreateUserDto) on controller BooksReviewApp.WebApi.Controllers.UsersController (BooksReviewApp.WebApi).
2024-07-31 11:33:37.460 +03:00 [INF] Now listening on: https://localhost:7147
2024-07-31 11:33:37.522 +03:00 [INF] Now listening on: http://localhost:5046
2024-07-31 11:33:37.525 +03:00 [INF] Application started. Press Ctrl+C to shut down.
2024-07-31 11:33:37.527 +03:00 [INF] Hosting environment: Development
2024-07-31 11:33:37.529 +03:00 [INF] Content root path: D:\Labs\BooksReviewApp\BooksReviewApp.Host
2024-07-31 11:33:40.375 +03:00 [INF] Request starting HTTP/2 GET https://localhost:7147/swagger/index.html - null null
2024-07-31 11:33:41.119 +03:00 [INF] Request finished HTTP/2 GET https://localhost:7147/swagger/index.html - 200 null text/html;charset=utf-8 754.8987ms
2024-07-31 11:33:41.131 +03:00 [INF] Request starting HTTP/2 GET https://localhost:7147/_framework/aspnetcore-browser-refresh.js - null null
2024-07-31 11:33:41.143 +03:00 [INF] Request finished HTTP/2 GET https://localhost:7147/_framework/aspnetcore-browser-refresh.js - 200 13774 application/javascript; charset=utf-8 12.3017ms
2024-07-31 11:33:41.165 +03:00 [INF] Request starting HTTP/2 GET https://localhost:7147/_vs/browserLink - null null
2024-07-31 11:33:41.224 +03:00 [INF] Request finished HTTP/2 GET https://localhost:7147/_vs/browserLink - 200 null text/javascript; charset=UTF-8 59.7332ms
2024-07-31 11:33:41.597 +03:00 [INF] Request starting HTTP/2 GET https://localhost:7147/swagger/v1/swagger.json - null null
2024-07-31 11:33:41.807 +03:00 [INF] Request finished HTTP/2 GET https://localhost:7147/swagger/v1/swagger.json - 200 null application/json;charset=utf-8 209.6954ms
2024-07-31 11:33:47.333 +03:00 [INF] Request starting HTTP/2 POST https://localhost:7147/api/users - application/json 71
2024-07-31 11:33:47.348 +03:00 [INF] Executing endpoint 'BooksReviewApp.WebApi.Controllers.UsersController.CreateUser (BooksReviewApp.WebApi)'
2024-07-31 11:33:47.386 +03:00 [INF] Route matched with {action = "CreateUser", controller = "Users"}. Executing controller action with signature System.Threading.Tasks.Task`1[Microsoft.AspNetCore.Mvc.IActionResult] CreateUser(BooksReviewApp.WebApi.Dtos.User.CreateUserDto) on controller BooksReviewApp.WebApi.Controllers.UsersController (BooksReviewApp.WebApi).
2024-07-31 11:34:24.969 +03:00 [INF] Now listening on: https://localhost:7147
2024-07-31 11:34:25.151 +03:00 [INF] Now listening on: http://localhost:5046
2024-07-31 11:34:25.158 +03:00 [INF] Application started. Press Ctrl+C to shut down.
2024-07-31 11:34:25.161 +03:00 [INF] Hosting environment: Development
2024-07-31 11:34:25.163 +03:00 [INF] Content root path: D:\Labs\BooksReviewApp\BooksReviewApp.Host
2024-07-31 11:34:28.096 +03:00 [INF] Request starting HTTP/2 GET https://localhost:7147/swagger/index.html - null null
2024-07-31 11:34:28.962 +03:00 [INF] Request finished HTTP/2 GET https://localhost:7147/swagger/index.html - 200 null text/html;charset=utf-8 882.4288ms
2024-07-31 11:34:29.029 +03:00 [INF] Request starting HTTP/2 GET https://localhost:7147/_framework/aspnetcore-browser-refresh.js - null null
2024-07-31 11:34:29.029 +03:00 [INF] Request starting HTTP/2 GET https://localhost:7147/_vs/browserLink - null null
2024-07-31 11:34:29.059 +03:00 [INF] Request finished HTTP/2 GET https://localhost:7147/_framework/aspnetcore-browser-refresh.js - 200 13774 application/javascript; charset=utf-8 29.5287ms
2024-07-31 11:34:29.193 +03:00 [INF] Request finished HTTP/2 GET https://localhost:7147/_vs/browserLink - 200 null text/javascript; charset=UTF-8 163.7586ms
2024-07-31 11:34:29.575 +03:00 [INF] Request starting HTTP/2 GET https://localhost:7147/swagger/v1/swagger.json - null null
2024-07-31 11:34:29.818 +03:00 [INF] Request finished HTTP/2 GET https://localhost:7147/swagger/v1/swagger.json - 200 null application/json;charset=utf-8 243.3892ms
2024-07-31 11:34:38.036 +03:00 [INF] Request starting HTTP/2 POST https://localhost:7147/api/users - application/json 50
2024-07-31 11:34:38.052 +03:00 [INF] Executing endpoint 'BooksReviewApp.WebApi.Controllers.UsersController.CreateUser (BooksReviewApp.WebApi)'
2024-07-31 11:34:38.092 +03:00 [INF] Route matched with {action = "CreateUser", controller = "Users"}. Executing controller action with signature System.Threading.Tasks.Task`1[Microsoft.AspNetCore.Mvc.IActionResult] CreateUser(BooksReviewApp.WebApi.Dtos.User.CreateUserDto) on controller BooksReviewApp.WebApi.Controllers.UsersController (BooksReviewApp.WebApi).
2024-07-31 11:35:07.859 +03:00 [INF] Now listening on: https://localhost:7147
2024-07-31 11:35:07.954 +03:00 [INF] Now listening on: http://localhost:5046
2024-07-31 11:35:07.960 +03:00 [INF] Application started. Press Ctrl+C to shut down.
2024-07-31 11:35:07.962 +03:00 [INF] Hosting environment: Development
2024-07-31 11:35:07.964 +03:00 [INF] Content root path: D:\Labs\BooksReviewApp\BooksReviewApp.Host
2024-07-31 11:35:11.222 +03:00 [INF] Request starting HTTP/2 GET https://localhost:7147/swagger/index.html - null null
2024-07-31 11:35:12.097 +03:00 [INF] Request finished HTTP/2 GET https://localhost:7147/swagger/index.html - 200 null text/html;charset=utf-8 894.6833ms
2024-07-31 11:35:12.124 +03:00 [INF] Request starting HTTP/2 GET https://localhost:7147/_framework/aspnetcore-browser-refresh.js - null null
2024-07-31 11:35:12.145 +03:00 [INF] Request finished HTTP/2 GET https://localhost:7147/_framework/aspnetcore-browser-refresh.js - 200 13774 application/javascript; charset=utf-8 21.1947ms
2024-07-31 11:35:12.151 +03:00 [INF] Request starting HTTP/2 GET https://localhost:7147/_vs/browserLink - null null
2024-07-31 11:35:12.339 +03:00 [INF] Request finished HTTP/2 GET https://localhost:7147/_vs/browserLink - 200 null text/javascript; charset=UTF-8 188.793ms
2024-07-31 11:35:12.801 +03:00 [INF] Request starting HTTP/2 GET https://localhost:7147/swagger/v1/swagger.json - null null
2024-07-31 11:35:13.023 +03:00 [INF] Request finished HTTP/2 GET https://localhost:7147/swagger/v1/swagger.json - 200 null application/json;charset=utf-8 223.4955ms
2024-07-31 11:35:18.879 +03:00 [INF] Request starting HTTP/2 POST https://localhost:7147/api/users - application/json 71
2024-07-31 11:35:18.894 +03:00 [INF] Executing endpoint 'BooksReviewApp.WebApi.Controllers.UsersController.CreateUser (BooksReviewApp.WebApi)'
2024-07-31 11:35:18.925 +03:00 [INF] Route matched with {action = "CreateUser", controller = "Users"}. Executing controller action with signature System.Threading.Tasks.Task`1[Microsoft.AspNetCore.Mvc.IActionResult] CreateUser(BooksReviewApp.WebApi.Dtos.User.CreateUserDto) on controller BooksReviewApp.WebApi.Controllers.UsersController (BooksReviewApp.WebApi).
2024-07-31 11:36:04.769 +03:00 [INF] Now listening on: https://localhost:7147
2024-07-31 11:36:04.869 +03:00 [INF] Now listening on: http://localhost:5046
2024-07-31 11:36:04.878 +03:00 [INF] Application started. Press Ctrl+C to shut down.
2024-07-31 11:36:04.880 +03:00 [INF] Hosting environment: Development
2024-07-31 11:36:04.882 +03:00 [INF] Content root path: D:\Labs\BooksReviewApp\BooksReviewApp.Host
2024-07-31 11:36:07.633 +03:00 [INF] Request starting HTTP/2 GET https://localhost:7147/swagger/index.html - null null
2024-07-31 11:36:08.269 +03:00 [INF] Request finished HTTP/2 GET https://localhost:7147/swagger/index.html - 200 null text/html;charset=utf-8 644.189ms
2024-07-31 11:36:08.319 +03:00 [INF] Request starting HTTP/2 GET https://localhost:7147/_vs/browserLink - null null
2024-07-31 11:36:08.319 +03:00 [INF] Request starting HTTP/2 GET https://localhost:7147/_framework/aspnetcore-browser-refresh.js - null null
2024-07-31 11:36:08.360 +03:00 [INF] Request finished HTTP/2 GET https://localhost:7147/_framework/aspnetcore-browser-refresh.js - 200 13774 application/javascript; charset=utf-8 41.0414ms
2024-07-31 11:36:08.531 +03:00 [INF] Request finished HTTP/2 GET https://localhost:7147/_vs/browserLink - 200 null text/javascript; charset=UTF-8 212.8582ms
2024-07-31 11:36:08.917 +03:00 [INF] Request starting HTTP/2 GET https://localhost:7147/swagger/v1/swagger.json - null null
2024-07-31 11:36:09.134 +03:00 [INF] Request finished HTTP/2 GET https://localhost:7147/swagger/v1/swagger.json - 200 null application/json;charset=utf-8 223.3404ms
2024-07-31 11:36:17.768 +03:00 [INF] Request starting HTTP/2 POST https://localhost:7147/api/users - application/json 71
2024-07-31 11:36:17.783 +03:00 [INF] Executing endpoint 'BooksReviewApp.WebApi.Controllers.UsersController.CreateUser (BooksReviewApp.WebApi)'
2024-07-31 11:36:17.819 +03:00 [INF] Route matched with {action = "CreateUser", controller = "Users"}. Executing controller action with signature System.Threading.Tasks.Task`1[Microsoft.AspNetCore.Mvc.IActionResult] CreateUser(BooksReviewApp.WebApi.Dtos.User.CreateUserDto) on controller BooksReviewApp.WebApi.Controllers.UsersController (BooksReviewApp.WebApi).
2024-07-31 11:36:24.021 +03:00 [INF] Executed action BooksReviewApp.WebApi.Controllers.UsersController.CreateUser (BooksReviewApp.WebApi) in 6193.6305ms
2024-07-31 11:36:24.024 +03:00 [INF] Executed endpoint 'BooksReviewApp.WebApi.Controllers.UsersController.CreateUser (BooksReviewApp.WebApi)'
2024-07-31 11:36:25.029 +03:00 [ERR] Validation error occurred. Message: Validation failed: 
 -- Email: Invalid email format. Severity: Error
 -- Password: Password must be at least 8 characters long. Severity: Error
 -- Password: Password must contain at least one lowercase letter, one uppercase letter, and one digit. Severity: Error, Errors: Invalid email format.; Password must be at least 8 characters long.; Password must contain at least one lowercase letter, one uppercase letter, and one digit., StackTrace:    at BooksReviewApp.WebApi.Validators.BaseValidator`1.Validate(ValidationContext`1 context) in D:\Labs\BooksReviewApp\BooksReviewApp.WebApi\Validators\BaseValidator.cs:line 14
   at FluentValidation.AbstractValidator`1.FluentValidation.IValidator.Validate(IValidationContext context) in /_/src/FluentValidation/AbstractValidator.cs:line 153
   at FluentValidation.AspNetCore.FluentValidationModelValidator.Validate(ModelValidationContext mvContext) in /_/src/FluentValidation.AspNetCore/FluentValidationModelValidatorProvider.cs:line 146
   at Microsoft.AspNetCore.Mvc.ModelBinding.Validation.ValidationVisitor.ValidateNode()
   at Microsoft.AspNetCore.Mvc.ModelBinding.Validation.ValidationVisitor.VisitComplexType(IValidationStrategy defaultStrategy)
   at Microsoft.AspNetCore.Mvc.ModelBinding.Validation.ValidationVisitor.VisitImplementation(ModelMetadata& metadata, String& key, Object model)
   at Microsoft.AspNetCore.Mvc.ModelBinding.Validation.ValidationVisitor.Visit(ModelMetadata metadata, String key, Object model)
   at FluentValidation.AspNetCore.FluentValidationVisitor.<>n__1(ModelMetadata metadata, String key, Object model, Boolean alwaysValidateAtTopLevel, Object container)
   at FluentValidation.AspNetCore.FluentValidationVisitor.<>c__DisplayClass2_0.<Validate>g__BaseValidate|0() in /_/src/FluentValidation.AspNetCore/FluentValidationVisitor.cs:line 45
   at FluentValidation.AspNetCore.FluentValidationVisitor.ValidateInternal(ModelMetadata metadata, String key, Object model, Func`1 continuation) in /_/src/FluentValidation.AspNetCore/FluentValidationVisitor.cs:line 63
   at FluentValidation.AspNetCore.FluentValidationVisitor.Validate(ModelMetadata metadata, String key, Object model, Boolean alwaysValidateAtTopLevel, Object container) in /_/src/FluentValidation.AspNetCore/FluentValidationVisitor.cs:line 47
   at Microsoft.AspNetCore.Mvc.ModelBinding.ObjectModelValidator.Validate(ActionContext actionContext, ValidationStateDictionary validationState, String prefix, Object model, ModelMetadata metadata, Object container)
   at Microsoft.AspNetCore.Mvc.ModelBinding.ParameterBinder.EnforceBindRequiredAndValidate(ObjectModelValidator baseObjectValidator, ActionContext actionContext, ParameterDescriptor parameter, ModelMetadata metadata, ModelBindingContext modelBindingContext, ModelBindingResult modelBindingResult, Object container)
   at Microsoft.AspNetCore.Mvc.ModelBinding.ParameterBinder.BindModelAsync(ActionContext actionContext, IModelBinder modelBinder, IValueProvider valueProvider, ParameterDescriptor parameter, ModelMetadata metadata, Object value, Object container)
   at Microsoft.AspNetCore.Mvc.Controllers.ControllerBinderDelegateProvider.<>c__DisplayClass0_0.<<CreateBinderDelegate>g__Bind|0>d.MoveNext()
--- End of stack trace from previous location ---
   at Microsoft.AspNetCore.Mvc.Infrastructure.ControllerActionInvoker.<InvokeInnerFilterAsync>g__Awaited|13_0(ControllerActionInvoker invoker, Task lastTask, State next, Scope scope, Object state, Boolean isCompleted)
   at Microsoft.AspNetCore.Mvc.Infrastructure.ResourceInvoker.<InvokeFilterPipelineAsync>g__Awaited|20_0(ResourceInvoker invoker, Task lastTask, State next, Scope scope, Object state, Boolean isCompleted)
   at Microsoft.AspNetCore.Mvc.Infrastructure.ResourceInvoker.<InvokeAsync>g__Logged|17_1(ResourceInvoker invoker)
   at Microsoft.AspNetCore.Mvc.Infrastructure.ResourceInvoker.<InvokeAsync>g__Logged|17_1(ResourceInvoker invoker)
   at Microsoft.AspNetCore.Routing.EndpointMiddleware.<Invoke>g__AwaitRequestTask|7_0(Endpoint endpoint, Task requestTask, ILogger logger)
   at Microsoft.AspNetCore.Authorization.AuthorizationMiddleware.Invoke(HttpContext context)
   at BooksReviewApp.WebApi.Middlewares.ExceptionHandlingMiddleware.InvokeAsync(HttpContext context) in D:\Labs\BooksReviewApp\BooksReviewApp.WebApi\Middlewares\ExceptionHandlingMiddleware.cs:line 24, InnerException: null
FluentValidation.ValidationException: Validation failed: 
 -- Email: Invalid email format. Severity: Error
 -- Password: Password must be at least 8 characters long. Severity: Error
 -- Password: Password must contain at least one lowercase letter, one uppercase letter, and one digit. Severity: Error
   at BooksReviewApp.WebApi.Validators.BaseValidator`1.Validate(ValidationContext`1 context) in D:\Labs\BooksReviewApp\BooksReviewApp.WebApi\Validators\BaseValidator.cs:line 14
   at FluentValidation.AbstractValidator`1.FluentValidation.IValidator.Validate(IValidationContext context) in /_/src/FluentValidation/AbstractValidator.cs:line 153
   at FluentValidation.AspNetCore.FluentValidationModelValidator.Validate(ModelValidationContext mvContext) in /_/src/FluentValidation.AspNetCore/FluentValidationModelValidatorProvider.cs:line 146
   at Microsoft.AspNetCore.Mvc.ModelBinding.Validation.ValidationVisitor.ValidateNode()
   at Microsoft.AspNetCore.Mvc.ModelBinding.Validation.ValidationVisitor.VisitComplexType(IValidationStrategy defaultStrategy)
   at Microsoft.AspNetCore.Mvc.ModelBinding.Validation.ValidationVisitor.VisitImplementation(ModelMetadata& metadata, String& key, Object model)
   at Microsoft.AspNetCore.Mvc.ModelBinding.Validation.ValidationVisitor.Visit(ModelMetadata metadata, String key, Object model)
   at FluentValidation.AspNetCore.FluentValidationVisitor.<>n__1(ModelMetadata metadata, String key, Object model, Boolean alwaysValidateAtTopLevel, Object container)
   at FluentValidation.AspNetCore.FluentValidationVisitor.<>c__DisplayClass2_0.<Validate>g__BaseValidate|0() in /_/src/FluentValidation.AspNetCore/FluentValidationVisitor.cs:line 45
   at FluentValidation.AspNetCore.FluentValidationVisitor.ValidateInternal(ModelMetadata metadata, String key, Object model, Func`1 continuation) in /_/src/FluentValidation.AspNetCore/FluentValidationVisitor.cs:line 63
   at FluentValidation.AspNetCore.FluentValidationVisitor.Validate(ModelMetadata metadata, String key, Object model, Boolean alwaysValidateAtTopLevel, Object container) in /_/src/FluentValidation.AspNetCore/FluentValidationVisitor.cs:line 47
   at Microsoft.AspNetCore.Mvc.ModelBinding.ObjectModelValidator.Validate(ActionContext actionContext, ValidationStateDictionary validationState, String prefix, Object model, ModelMetadata metadata, Object container)
   at Microsoft.AspNetCore.Mvc.ModelBinding.ParameterBinder.EnforceBindRequiredAndValidate(ObjectModelValidator baseObjectValidator, ActionContext actionContext, ParameterDescriptor parameter, ModelMetadata metadata, ModelBindingContext modelBindingContext, ModelBindingResult modelBindingResult, Object container)
   at Microsoft.AspNetCore.Mvc.ModelBinding.ParameterBinder.BindModelAsync(ActionContext actionContext, IModelBinder modelBinder, IValueProvider valueProvider, ParameterDescriptor parameter, ModelMetadata metadata, Object value, Object container)
   at Microsoft.AspNetCore.Mvc.Controllers.ControllerBinderDelegateProvider.<>c__DisplayClass0_0.<<CreateBinderDelegate>g__Bind|0>d.MoveNext()
--- End of stack trace from previous location ---
   at Microsoft.AspNetCore.Mvc.Infrastructure.ControllerActionInvoker.<InvokeInnerFilterAsync>g__Awaited|13_0(ControllerActionInvoker invoker, Task lastTask, State next, Scope scope, Object state, Boolean isCompleted)
   at Microsoft.AspNetCore.Mvc.Infrastructure.ResourceInvoker.<InvokeFilterPipelineAsync>g__Awaited|20_0(ResourceInvoker invoker, Task lastTask, State next, Scope scope, Object state, Boolean isCompleted)
   at Microsoft.AspNetCore.Mvc.Infrastructure.ResourceInvoker.<InvokeAsync>g__Logged|17_1(ResourceInvoker invoker)
   at Microsoft.AspNetCore.Mvc.Infrastructure.ResourceInvoker.<InvokeAsync>g__Logged|17_1(ResourceInvoker invoker)
   at Microsoft.AspNetCore.Routing.EndpointMiddleware.<Invoke>g__AwaitRequestTask|7_0(Endpoint endpoint, Task requestTask, ILogger logger)
   at Microsoft.AspNetCore.Authorization.AuthorizationMiddleware.Invoke(HttpContext context)
   at BooksReviewApp.WebApi.Middlewares.ExceptionHandlingMiddleware.InvokeAsync(HttpContext context) in D:\Labs\BooksReviewApp\BooksReviewApp.WebApi\Middlewares\ExceptionHandlingMiddleware.cs:line 24
2024-07-31 11:36:25.063 +03:00 [INF] Request finished HTTP/2 POST https://localhost:7147/api/users - 404 null application/json 7295.5545ms
