2024-07-25 11:56:54.552 +03:00 [INF] Now listening on: https://localhost:7147
2024-07-25 11:56:54.755 +03:00 [INF] Now listening on: http://localhost:5046
2024-07-25 11:56:54.767 +03:00 [INF] Application started. Press Ctrl+C to shut down.
2024-07-25 11:56:54.773 +03:00 [INF] Hosting environment: Development
2024-07-25 11:56:54.779 +03:00 [INF] Content root path: D:\Labs\BooksReviewApp\BooksReviewApp.Host
2024-07-25 11:57:03.326 +03:00 [INF] Request starting HTTP/2 GET https://localhost:7147/swagger/index.html - null null
2024-07-25 11:57:04.465 +03:00 [INF] Request finished HTTP/2 GET https://localhost:7147/swagger/index.html - 200 null text/html;charset=utf-8 1151.1975ms
2024-07-25 11:57:04.488 +03:00 [INF] Request starting HTTP/2 GET https://localhost:7147/swagger/swagger-ui.css - null null
2024-07-25 11:57:04.488 +03:00 [INF] Request starting HTTP/2 GET https://localhost:7147/swagger/swagger-ui-standalone-preset.js - null null
2024-07-25 11:57:04.475 +03:00 [INF] Request starting HTTP/2 GET https://localhost:7147/swagger/swagger-ui-bundle.js - null null
2024-07-25 11:57:04.550 +03:00 [INF] The file /swagger-ui.css was not modified
2024-07-25 11:57:04.550 +03:00 [INF] The file /swagger-ui-standalone-preset.js was not modified
2024-07-25 11:57:04.542 +03:00 [INF] Request starting HTTP/2 GET https://localhost:7147/_framework/aspnetcore-browser-refresh.js - null null
2024-07-25 11:57:04.588 +03:00 [INF] Request starting HTTP/2 GET https://localhost:7147/_vs/browserLink - null null
2024-07-25 11:57:04.633 +03:00 [INF] Request finished HTTP/2 GET https://localhost:7147/swagger/swagger-ui.css - 304 null text/css 158.2762ms
2024-07-25 11:57:04.634 +03:00 [INF] Request finished HTTP/2 GET https://localhost:7147/swagger/swagger-ui-standalone-preset.js - 304 null text/javascript 159.7498ms
2024-07-25 11:57:04.631 +03:00 [INF] The file /swagger-ui-bundle.js was not modified
2024-07-25 11:57:04.692 +03:00 [INF] Request finished HTTP/2 GET https://localhost:7147/_framework/aspnetcore-browser-refresh.js - 200 13774 application/javascript; charset=utf-8 149.9448ms
2024-07-25 11:57:04.766 +03:00 [INF] Request finished HTTP/2 GET https://localhost:7147/swagger/swagger-ui-bundle.js - 304 null text/javascript 291.5126ms
2024-07-25 11:57:04.834 +03:00 [INF] Request finished HTTP/2 GET https://localhost:7147/_vs/browserLink - 200 null text/javascript; charset=UTF-8 246.5011ms
2024-07-25 11:57:05.690 +03:00 [INF] Request starting HTTP/2 GET https://localhost:7147/swagger/v1/swagger.json - null null
2024-07-25 11:57:06.035 +03:00 [INF] Request finished HTTP/2 GET https://localhost:7147/swagger/v1/swagger.json - 200 null application/json;charset=utf-8 345.5703ms
2024-07-25 11:57:20.848 +03:00 [INF] Request starting HTTP/1.1 POST https://localhost:7147/api/users?culture=de-DE - application/json 53
2024-07-25 11:57:20.906 +03:00 [INF] Executing endpoint 'BooksReviewApp.WebApi.Controllers.UsersController.CreateUser (BooksReviewApp.WebApi)'
2024-07-25 11:57:21.059 +03:00 [INF] Route matched with {action = "CreateUser", controller = "Users"}. Executing controller action with signature System.Threading.Tasks.Task`1[Microsoft.AspNetCore.Mvc.IActionResult] CreateUser(BooksReviewApp.WebApi.Dtos.User.CreateUserDto) on controller BooksReviewApp.WebApi.Controllers.UsersController (BooksReviewApp.WebApi).
2024-07-25 12:05:48.888 +03:00 [INF] Now listening on: https://localhost:7147
2024-07-25 12:05:49.031 +03:00 [INF] Now listening on: http://localhost:5046
2024-07-25 12:05:49.042 +03:00 [INF] Application started. Press Ctrl+C to shut down.
2024-07-25 12:05:49.046 +03:00 [INF] Hosting environment: Development
2024-07-25 12:05:49.050 +03:00 [INF] Content root path: D:\Labs\BooksReviewApp\BooksReviewApp.Host
2024-07-25 12:06:25.013 +03:00 [INF] Request starting HTTP/2 GET https://localhost:7147/swagger/index.html - null null
2024-07-25 12:06:26.036 +03:00 [INF] Request finished HTTP/2 GET https://localhost:7147/swagger/index.html - 200 null text/html;charset=utf-8 1044.5227ms
2024-07-25 12:06:26.108 +03:00 [INF] Request starting HTTP/2 GET https://localhost:7147/_vs/browserLink - null null
2024-07-25 12:06:26.108 +03:00 [INF] Request starting HTTP/2 GET https://localhost:7147/_framework/aspnetcore-browser-refresh.js - null null
2024-07-25 12:06:26.159 +03:00 [INF] Request finished HTTP/2 GET https://localhost:7147/_framework/aspnetcore-browser-refresh.js - 200 13774 application/javascript; charset=utf-8 50.9551ms
2024-07-25 12:06:26.230 +03:00 [INF] Request finished HTTP/2 GET https://localhost:7147/_vs/browserLink - 200 null text/javascript; charset=UTF-8 122.6108ms
2024-07-25 12:06:27.462 +03:00 [INF] Request starting HTTP/2 GET https://localhost:7147/swagger/v1/swagger.json - null null
2024-07-25 12:06:27.770 +03:00 [INF] Request finished HTTP/2 GET https://localhost:7147/swagger/v1/swagger.json - 200 null application/json;charset=utf-8 309.0597ms
2024-07-25 12:06:48.081 +03:00 [INF] Request starting HTTP/1.1 POST https://localhost:7147/api/users?culture=de-DE - application/json 53
2024-07-25 12:06:48.125 +03:00 [INF] Executing endpoint 'BooksReviewApp.WebApi.Controllers.UsersController.CreateUser (BooksReviewApp.WebApi)'
2024-07-25 12:06:48.264 +03:00 [INF] Route matched with {action = "CreateUser", controller = "Users"}. Executing controller action with signature System.Threading.Tasks.Task`1[Microsoft.AspNetCore.Mvc.IActionResult] CreateUser(BooksReviewApp.WebApi.Dtos.User.CreateUserDto) on controller BooksReviewApp.WebApi.Controllers.UsersController (BooksReviewApp.WebApi).
2024-07-25 12:07:02.977 +03:00 [INF] Executed action BooksReviewApp.WebApi.Controllers.UsersController.CreateUser (BooksReviewApp.WebApi) in 14679.2502ms
2024-07-25 12:07:03.013 +03:00 [INF] Executed endpoint 'BooksReviewApp.WebApi.Controllers.UsersController.CreateUser (BooksReviewApp.WebApi)'
2024-07-25 12:07:07.144 +03:00 [ERR] Validation error occurred. Message: Validation failed: 
 -- Email: E-Mail ist erforderlich. Severity: Error
 -- Password: Das Passwort muss mindestens 8 Zeichen lang sein. Severity: Error
 -- Password: Das Passwort muss mindestens einen Kleinbuchstaben, einen Großbuchstaben und eine Ziffer enthalten. Severity: Error, Errors: E-Mail ist erforderlich.; Das Passwort muss mindestens 8 Zeichen lang sein.; Das Passwort muss mindestens einen Kleinbuchstaben, einen Großbuchstaben und eine Ziffer enthalten., StackTrace:    at BooksReviewApp.WebApi.Validators.BaseValidator`1.Validate(ValidationContext`1 context) in D:\Labs\BooksReviewApp\BooksReviewApp.WebApi\Validators\BaseValidator.cs:line 14
   at FluentValidation.AbstractValidator`1.FluentValidation.IValidator.Validate(IValidationContext context) in /_/src/FluentValidation/AbstractValidator.cs:line 153
   at FluentValidation.AspNetCore.FluentValidationModelValidator.Validate(ModelValidationContext mvContext) in /_/src/FluentValidation.AspNetCore/FluentValidationModelValidatorProvider.cs:line 146
   at Microsoft.AspNetCore.Mvc.ModelBinding.Validation.ValidationVisitor.ValidateNode()
   at Microsoft.AspNetCore.Mvc.ModelBinding.Validation.ValidationVisitor.VisitComplexType(IValidationStrategy defaultStrategy)
   at Microsoft.AspNetCore.Mvc.ModelBinding.Validation.ValidationVisitor.VisitImplementation(ModelMetadata& metadata, String& key, Object model)
   at Microsoft.AspNetCore.Mvc.ModelBinding.Validation.ValidationVisitor.Visit(ModelMetadata metadata, String key, Object model)
   at FluentValidation.AspNetCore.FluentValidationVisitor.<>n__1(ModelMetadata metadata, String key, Object model, Boolean alwaysValidateAtTopLevel, Object container)
   at FluentValidation.AspNetCore.FluentValidationVisitor.<>c__DisplayClass2_0.<Validate>g__BaseValidate|0() in /_/src/FluentValidation.AspNetCore/FluentValidationVisitor.cs:line 45
   at FluentValidation.AspNetCore.FluentValidationVisitor.ValidateInternal(ModelMetadata metadata, String key, Object model, Func`1 continuation) in /_/src/FluentValidation.AspNetCore/FluentValidationVisitor.cs:line 63
   at FluentValidation.AspNetCore.FluentValidationVisitor.Validate(ModelMetadata metadata, String key, Object model, Boolean alwaysValidateAtTopLevel, Object container) in /_/src/FluentValidation.AspNetCore/FluentValidationVisitor.cs:line 47
   at Microsoft.AspNetCore.Mvc.ModelBinding.ObjectModelValidator.Validate(ActionContext actionContext, ValidationStateDictionary validationState, String prefix, Object model, ModelMetadata metadata, Object container)
   at Microsoft.AspNetCore.Mvc.ModelBinding.ParameterBinder.EnforceBindRequiredAndValidate(ObjectModelValidator baseObjectValidator, ActionContext actionContext, ParameterDescriptor parameter, ModelMetadata metadata, ModelBindingContext modelBindingContext, ModelBindingResult modelBindingResult, Object container)
   at Microsoft.AspNetCore.Mvc.ModelBinding.ParameterBinder.BindModelAsync(ActionContext actionContext, IModelBinder modelBinder, IValueProvider valueProvider, ParameterDescriptor parameter, ModelMetadata metadata, Object value, Object container)
   at Microsoft.AspNetCore.Mvc.Controllers.ControllerBinderDelegateProvider.<>c__DisplayClass0_0.<<CreateBinderDelegate>g__Bind|0>d.MoveNext()
--- End of stack trace from previous location ---
   at Microsoft.AspNetCore.Mvc.Infrastructure.ControllerActionInvoker.<InvokeInnerFilterAsync>g__Awaited|13_0(ControllerActionInvoker invoker, Task lastTask, State next, Scope scope, Object state, Boolean isCompleted)
   at Microsoft.AspNetCore.Mvc.Infrastructure.ResourceInvoker.<InvokeFilterPipelineAsync>g__Awaited|20_0(ResourceInvoker invoker, Task lastTask, State next, Scope scope, Object state, Boolean isCompleted)
   at Microsoft.AspNetCore.Mvc.Infrastructure.ResourceInvoker.<InvokeAsync>g__Logged|17_1(ResourceInvoker invoker)
   at Microsoft.AspNetCore.Mvc.Infrastructure.ResourceInvoker.<InvokeAsync>g__Logged|17_1(ResourceInvoker invoker)
   at Microsoft.AspNetCore.Routing.EndpointMiddleware.<Invoke>g__AwaitRequestTask|7_0(Endpoint endpoint, Task requestTask, ILogger logger)
   at Microsoft.AspNetCore.Authorization.AuthorizationMiddleware.Invoke(HttpContext context)
   at BooksReviewApp.WebApi.Middlewares.ExceptionHandlingMiddleware.InvokeAsync(HttpContext context) in D:\Labs\BooksReviewApp\BooksReviewApp.WebApi\Middlewares\ExceptionHandlingMiddleware.cs:line 24, InnerException: null
FluentValidation.ValidationException: Validation failed: 
 -- Email: E-Mail ist erforderlich. Severity: Error
 -- Password: Das Passwort muss mindestens 8 Zeichen lang sein. Severity: Error
 -- Password: Das Passwort muss mindestens einen Kleinbuchstaben, einen Großbuchstaben und eine Ziffer enthalten. Severity: Error
   at BooksReviewApp.WebApi.Validators.BaseValidator`1.Validate(ValidationContext`1 context) in D:\Labs\BooksReviewApp\BooksReviewApp.WebApi\Validators\BaseValidator.cs:line 14
   at FluentValidation.AbstractValidator`1.FluentValidation.IValidator.Validate(IValidationContext context) in /_/src/FluentValidation/AbstractValidator.cs:line 153
   at FluentValidation.AspNetCore.FluentValidationModelValidator.Validate(ModelValidationContext mvContext) in /_/src/FluentValidation.AspNetCore/FluentValidationModelValidatorProvider.cs:line 146
   at Microsoft.AspNetCore.Mvc.ModelBinding.Validation.ValidationVisitor.ValidateNode()
   at Microsoft.AspNetCore.Mvc.ModelBinding.Validation.ValidationVisitor.VisitComplexType(IValidationStrategy defaultStrategy)
   at Microsoft.AspNetCore.Mvc.ModelBinding.Validation.ValidationVisitor.VisitImplementation(ModelMetadata& metadata, String& key, Object model)
   at Microsoft.AspNetCore.Mvc.ModelBinding.Validation.ValidationVisitor.Visit(ModelMetadata metadata, String key, Object model)
   at FluentValidation.AspNetCore.FluentValidationVisitor.<>n__1(ModelMetadata metadata, String key, Object model, Boolean alwaysValidateAtTopLevel, Object container)
   at FluentValidation.AspNetCore.FluentValidationVisitor.<>c__DisplayClass2_0.<Validate>g__BaseValidate|0() in /_/src/FluentValidation.AspNetCore/FluentValidationVisitor.cs:line 45
   at FluentValidation.AspNetCore.FluentValidationVisitor.ValidateInternal(ModelMetadata metadata, String key, Object model, Func`1 continuation) in /_/src/FluentValidation.AspNetCore/FluentValidationVisitor.cs:line 63
   at FluentValidation.AspNetCore.FluentValidationVisitor.Validate(ModelMetadata metadata, String key, Object model, Boolean alwaysValidateAtTopLevel, Object container) in /_/src/FluentValidation.AspNetCore/FluentValidationVisitor.cs:line 47
   at Microsoft.AspNetCore.Mvc.ModelBinding.ObjectModelValidator.Validate(ActionContext actionContext, ValidationStateDictionary validationState, String prefix, Object model, ModelMetadata metadata, Object container)
   at Microsoft.AspNetCore.Mvc.ModelBinding.ParameterBinder.EnforceBindRequiredAndValidate(ObjectModelValidator baseObjectValidator, ActionContext actionContext, ParameterDescriptor parameter, ModelMetadata metadata, ModelBindingContext modelBindingContext, ModelBindingResult modelBindingResult, Object container)
   at Microsoft.AspNetCore.Mvc.ModelBinding.ParameterBinder.BindModelAsync(ActionContext actionContext, IModelBinder modelBinder, IValueProvider valueProvider, ParameterDescriptor parameter, ModelMetadata metadata, Object value, Object container)
   at Microsoft.AspNetCore.Mvc.Controllers.ControllerBinderDelegateProvider.<>c__DisplayClass0_0.<<CreateBinderDelegate>g__Bind|0>d.MoveNext()
--- End of stack trace from previous location ---
   at Microsoft.AspNetCore.Mvc.Infrastructure.ControllerActionInvoker.<InvokeInnerFilterAsync>g__Awaited|13_0(ControllerActionInvoker invoker, Task lastTask, State next, Scope scope, Object state, Boolean isCompleted)
   at Microsoft.AspNetCore.Mvc.Infrastructure.ResourceInvoker.<InvokeFilterPipelineAsync>g__Awaited|20_0(ResourceInvoker invoker, Task lastTask, State next, Scope scope, Object state, Boolean isCompleted)
   at Microsoft.AspNetCore.Mvc.Infrastructure.ResourceInvoker.<InvokeAsync>g__Logged|17_1(ResourceInvoker invoker)
   at Microsoft.AspNetCore.Mvc.Infrastructure.ResourceInvoker.<InvokeAsync>g__Logged|17_1(ResourceInvoker invoker)
   at Microsoft.AspNetCore.Routing.EndpointMiddleware.<Invoke>g__AwaitRequestTask|7_0(Endpoint endpoint, Task requestTask, ILogger logger)
   at Microsoft.AspNetCore.Authorization.AuthorizationMiddleware.Invoke(HttpContext context)
   at BooksReviewApp.WebApi.Middlewares.ExceptionHandlingMiddleware.InvokeAsync(HttpContext context) in D:\Labs\BooksReviewApp\BooksReviewApp.WebApi\Middlewares\ExceptionHandlingMiddleware.cs:line 24
2024-07-25 12:07:07.764 +03:00 [INF] Request finished HTTP/1.1 POST https://localhost:7147/api/users?culture=de-DE - 404 null application/json 19683.4683ms
2024-07-25 12:07:34.720 +03:00 [INF] Request starting HTTP/2 GET https://localhost:7147/api/users - null null
2024-07-25 12:07:34.747 +03:00 [INF] Executing endpoint 'BooksReviewApp.WebApi.Controllers.UsersController.GetAllUsers (BooksReviewApp.WebApi)'
2024-07-25 12:07:34.777 +03:00 [INF] Route matched with {action = "GetAllUsers", controller = "Users"}. Executing controller action with signature System.Threading.Tasks.Task`1[Microsoft.AspNetCore.Mvc.IActionResult] GetAllUsers() on controller BooksReviewApp.WebApi.Controllers.UsersController (BooksReviewApp.WebApi).
2024-07-25 12:07:35.659 +03:00 [INF] Executing action method BooksReviewApp.WebApi.Controllers.UsersController.GetAllUsers (BooksReviewApp.WebApi) - Validation state: "Valid"
2024-07-25 12:07:38.234 +03:00 [INF] Executed DbCommand (187ms) [Parameters=[], CommandType='"Text"', CommandTimeout='30']
SELECT u."Id", u."Email", u."Password", u."Username"
FROM dbo."Users" AS u
2024-07-25 14:11:06.523 +03:00 [INF] Now listening on: https://localhost:7147
2024-07-25 14:11:06.568 +03:00 [INF] Now listening on: http://localhost:5046
2024-07-25 14:11:06.572 +03:00 [INF] Application started. Press Ctrl+C to shut down.
2024-07-25 14:11:06.573 +03:00 [INF] Hosting environment: Development
2024-07-25 14:11:06.574 +03:00 [INF] Content root path: D:\Labs\BooksReviewApp\BooksReviewApp.Host
2024-07-25 14:11:07.829 +03:00 [INF] Request starting HTTP/2 GET https://localhost:7147/swagger/index.html - null null
2024-07-25 14:11:08.318 +03:00 [INF] Request finished HTTP/2 GET https://localhost:7147/swagger/index.html - 200 null text/html;charset=utf-8 497.8839ms
2024-07-25 14:11:08.355 +03:00 [INF] Request starting HTTP/2 GET https://localhost:7147/_vs/browserLink - null null
2024-07-25 14:11:08.355 +03:00 [INF] Request starting HTTP/2 GET https://localhost:7147/_framework/aspnetcore-browser-refresh.js - null null
2024-07-25 14:11:08.384 +03:00 [INF] Request finished HTTP/2 GET https://localhost:7147/_framework/aspnetcore-browser-refresh.js - 200 13774 application/javascript; charset=utf-8 28.3273ms
2024-07-25 14:11:08.438 +03:00 [INF] Request finished HTTP/2 GET https://localhost:7147/_vs/browserLink - 200 null text/javascript; charset=UTF-8 83.1685ms
2024-07-25 14:11:08.710 +03:00 [INF] Request starting HTTP/2 GET https://localhost:7147/swagger/v1/swagger.json - null null
2024-07-25 14:11:08.923 +03:00 [INF] Request finished HTTP/2 GET https://localhost:7147/swagger/v1/swagger.json - 200 null application/json;charset=utf-8 213.5895ms
2024-07-25 14:12:32.829 +03:00 [INF] Request starting HTTP/2 GET https://localhost:7147/api/genres - null null
2024-07-25 14:12:32.842 +03:00 [INF] Executing endpoint 'BooksReviewApp.WebApi.Controllers.GenresController.GetAllGenres (BooksReviewApp.WebApi)'
2024-07-25 14:12:32.862 +03:00 [INF] Route matched with {action = "GetAllGenres", controller = "Genres"}. Executing controller action with signature System.Threading.Tasks.Task`1[Microsoft.AspNetCore.Mvc.IActionResult] GetAllGenres() on controller BooksReviewApp.WebApi.Controllers.GenresController (BooksReviewApp.WebApi).
2024-07-25 14:12:33.001 +03:00 [INF] Executing action method BooksReviewApp.WebApi.Controllers.GenresController.GetAllGenres (BooksReviewApp.WebApi) - Validation state: "Valid"
2024-07-25 14:12:33.009 +03:00 [INF] Executed action method BooksReviewApp.WebApi.Controllers.GenresController.GetAllGenres (BooksReviewApp.WebApi), returned result Microsoft.AspNetCore.Mvc.OkResult in 1.0164ms.
2024-07-25 14:12:33.015 +03:00 [INF] Executing StatusCodeResult, setting HTTP status code 200
2024-07-25 14:12:33.019 +03:00 [INF] Executed action BooksReviewApp.WebApi.Controllers.GenresController.GetAllGenres (BooksReviewApp.WebApi) in 152.4463ms
2024-07-25 14:12:33.022 +03:00 [INF] Executed endpoint 'BooksReviewApp.WebApi.Controllers.GenresController.GetAllGenres (BooksReviewApp.WebApi)'
2024-07-25 14:12:33.024 +03:00 [INF] Request finished HTTP/2 GET https://localhost:7147/api/genres - 200 0 null 195.5902ms
2024-07-25 14:12:44.557 +03:00 [INF] Request starting HTTP/2 GET https://localhost:7147/api/users - null null
2024-07-25 14:12:44.568 +03:00 [INF] Executing endpoint 'BooksReviewApp.WebApi.Controllers.UsersController.GetAllUsers (BooksReviewApp.WebApi)'
2024-07-25 14:12:44.575 +03:00 [INF] Route matched with {action = "GetAllUsers", controller = "Users"}. Executing controller action with signature System.Threading.Tasks.Task`1[Microsoft.AspNetCore.Mvc.IActionResult] GetAllUsers() on controller BooksReviewApp.WebApi.Controllers.UsersController (BooksReviewApp.WebApi).
2024-07-25 14:12:45.997 +03:00 [INF] Executing action method BooksReviewApp.WebApi.Controllers.UsersController.GetAllUsers (BooksReviewApp.WebApi) - Validation state: "Valid"
2024-07-25 14:12:46.429 +03:00 [INF] Executed DbCommand (22ms) [Parameters=[], CommandType='"Text"', CommandTimeout='30']
SELECT u."Id", u."Email", u."Password", u."Username"
FROM dbo."Users" AS u
2024-07-25 14:46:12.185 +03:00 [INF] Now listening on: https://localhost:7147
2024-07-25 14:46:12.278 +03:00 [INF] Now listening on: http://localhost:5046
2024-07-25 14:46:12.284 +03:00 [INF] Application started. Press Ctrl+C to shut down.
2024-07-25 14:46:12.286 +03:00 [INF] Hosting environment: Development
2024-07-25 14:46:12.289 +03:00 [INF] Content root path: D:\Labs\BooksReviewApp\BooksReviewApp.Host
2024-07-25 14:46:15.362 +03:00 [INF] Request starting HTTP/2 GET https://localhost:7147/swagger/index.html - null null
2024-07-25 14:46:16.294 +03:00 [INF] Request finished HTTP/2 GET https://localhost:7147/swagger/index.html - 200 null text/html;charset=utf-8 946.2852ms
2024-07-25 14:46:16.351 +03:00 [INF] Request starting HTTP/2 GET https://localhost:7147/_framework/aspnetcore-browser-refresh.js - null null
2024-07-25 14:46:16.352 +03:00 [INF] Request starting HTTP/2 GET https://localhost:7147/_vs/browserLink - null null
2024-07-25 14:46:16.385 +03:00 [INF] Request finished HTTP/2 GET https://localhost:7147/_framework/aspnetcore-browser-refresh.js - 200 13774 application/javascript; charset=utf-8 32.0391ms
2024-07-25 14:46:16.508 +03:00 [INF] Request finished HTTP/2 GET https://localhost:7147/_vs/browserLink - 200 null text/javascript; charset=UTF-8 156.3781ms
2024-07-25 14:46:16.857 +03:00 [INF] Request starting HTTP/2 GET https://localhost:7147/swagger/v1/swagger.json - null null
2024-07-25 14:46:17.170 +03:00 [INF] Request finished HTTP/2 GET https://localhost:7147/swagger/v1/swagger.json - 200 null application/json;charset=utf-8 314.0728ms
2024-07-25 14:46:34.117 +03:00 [INF] Request starting HTTP/2 GET https://localhost:7147/api/users - null null
2024-07-25 14:46:34.165 +03:00 [INF] Executing endpoint 'BooksReviewApp.WebApi.Controllers.UsersController.GetAllUsers (BooksReviewApp.WebApi)'
2024-07-25 14:46:34.248 +03:00 [INF] Route matched with {action = "GetAllUsers", controller = "Users"}. Executing controller action with signature System.Threading.Tasks.Task`1[Microsoft.AspNetCore.Mvc.IActionResult] GetAllUsers() on controller BooksReviewApp.WebApi.Controllers.UsersController (BooksReviewApp.WebApi).
2024-07-25 14:46:40.268 +03:00 [INF] Executing action method BooksReviewApp.WebApi.Controllers.UsersController.GetAllUsers (BooksReviewApp.WebApi) - Validation state: "Valid"
2024-07-25 14:46:42.324 +03:00 [INF] Executed DbCommand (66ms) [Parameters=[], CommandType='"Text"', CommandTimeout='30']
SELECT u."Id", u."Email", u."Password", u."Username"
FROM dbo."Users" AS u
2024-07-25 14:46:43.041 +03:00 [INF] Executed action method BooksReviewApp.WebApi.Controllers.UsersController.GetAllUsers (BooksReviewApp.WebApi), returned result Microsoft.AspNetCore.Mvc.OkObjectResult in 2723.6331ms.
2024-07-25 14:46:43.081 +03:00 [INF] Executing OkObjectResult, writing value of type 'System.Collections.Generic.List`1[[BooksReviewApp.WebApi.Dtos.User.ReadUserDto, BooksReviewApp.WebApi, Version=1.0.0.0, Culture=neutral, PublicKeyToken=null]]'.
2024-07-25 14:46:43.289 +03:00 [INF] Executed action BooksReviewApp.WebApi.Controllers.UsersController.GetAllUsers (BooksReviewApp.WebApi) in 8994.2386ms
2024-07-25 14:46:43.295 +03:00 [INF] Executed endpoint 'BooksReviewApp.WebApi.Controllers.UsersController.GetAllUsers (BooksReviewApp.WebApi)'
2024-07-25 14:46:43.323 +03:00 [INF] Request finished HTTP/2 GET https://localhost:7147/api/users - 200 null application/json; charset=utf-8 9206.0617ms
2024-07-25 14:46:55.272 +03:00 [INF] Request starting HTTP/2 PUT https://localhost:7147/api/users - application/json 95
2024-07-25 14:46:55.290 +03:00 [INF] Executing endpoint 'BooksReviewApp.WebApi.Controllers.UsersController.UpdateUser (BooksReviewApp.WebApi)'
2024-07-25 14:46:55.341 +03:00 [INF] Route matched with {action = "UpdateUser", controller = "Users"}. Executing controller action with signature System.Threading.Tasks.Task`1[Microsoft.AspNetCore.Mvc.IActionResult] UpdateUser(BooksReviewApp.WebApi.Dtos.User.UpdateUserDto) on controller BooksReviewApp.WebApi.Controllers.UsersController (BooksReviewApp.WebApi).
2024-07-25 14:46:56.117 +03:00 [WRN] Validation message for key 'UsernameIsRequired' not found in culture ''.
2024-07-25 14:46:56.133 +03:00 [WRN] Validation message for key 'UsernameMaxLength' not found in culture ''.
2024-07-25 14:46:56.142 +03:00 [WRN] Validation message for key 'EmailIsRequired' not found in culture ''.
2024-07-25 14:46:56.153 +03:00 [WRN] Validation message for key 'EmailMaxLength' not found in culture ''.
2024-07-25 14:46:56.164 +03:00 [WRN] Validation message for key 'InvalidEmailFormat' not found in culture ''.
2024-07-25 14:46:56.190 +03:00 [WRN] Validation message for key 'IdNotDefault' not found in culture ''.
2024-07-25 14:46:56.210 +03:00 [WRN] Validation message for key 'UsernameIsRequired' not found in culture ''.
2024-07-25 14:46:56.223 +03:00 [WRN] Validation message for key 'UsernameMaxLength' not found in culture ''.
2024-07-25 14:46:56.238 +03:00 [WRN] Validation message for key 'EmailIsRequired' not found in culture ''.
2024-07-25 14:46:56.247 +03:00 [WRN] Validation message for key 'EmailMaxLength' not found in culture ''.
2024-07-25 14:46:56.261 +03:00 [WRN] Validation message for key 'InvalidEmailFormat' not found in culture ''.
2024-07-25 14:46:56.285 +03:00 [WRN] Validation message for key 'PasswordIsRequired' not found in culture ''.
2024-07-25 14:46:56.300 +03:00 [WRN] Validation message for key 'PasswordMinLength' not found in culture ''.
2024-07-25 14:46:56.310 +03:00 [WRN] Validation message for key 'PasswordMaxLength' not found in culture ''.
2024-07-25 14:46:56.322 +03:00 [WRN] Validation message for key 'PasswordPattern' not found in culture ''.
2024-07-25 14:47:06.652 +03:00 [INF] Executed action BooksReviewApp.WebApi.Controllers.UsersController.UpdateUser (BooksReviewApp.WebApi) in 11292.4851ms
2024-07-25 14:47:06.666 +03:00 [INF] Executed endpoint 'BooksReviewApp.WebApi.Controllers.UsersController.UpdateUser (BooksReviewApp.WebApi)'
2024-07-25 14:47:09.015 +03:00 [ERR] Validation error occurred. Message: Validation failed: 
 -- Email: InvalidEmailFormat Severity: Error
 -- Email: InvalidEmailFormat Severity: Error
 -- Password: PasswordIsRequired Severity: Error, Errors: InvalidEmailFormat; InvalidEmailFormat; PasswordIsRequired, StackTrace:    at BooksReviewApp.WebApi.Validators.BaseValidator`1.Validate(ValidationContext`1 context) in D:\Labs\BooksReviewApp\BooksReviewApp.WebApi\Validators\BaseValidator.cs:line 14
   at FluentValidation.AbstractValidator`1.FluentValidation.IValidator.Validate(IValidationContext context) in /_/src/FluentValidation/AbstractValidator.cs:line 153
   at FluentValidation.Validators.ChildValidatorAdaptor`2.IsValid(ValidationContext`1 context, TProperty value) in /_/src/FluentValidation/Validators/ChildValidatorAdaptor.cs:line 56
   at FluentValidation.Internal.RuleComponent`2.InvokePropertyValidator(ValidationContext`1 context, TProperty value) in /_/src/FluentValidation/Internal/RuleComponent.cs:line 92
   at FluentValidation.Internal.RuleComponent`2.ValidateAsync(ValidationContext`1 context, TProperty value, Boolean useAsync, CancellationToken cancellation) in /_/src/FluentValidation/Internal/RuleComponent.cs:line 83
   at FluentValidation.Internal.PropertyRule`2.ValidateAsync(ValidationContext`1 context, Boolean useAsync, CancellationToken cancellation) in /_/src/FluentValidation/Internal/PropertyRule.cs:line 156
   at FluentValidation.Internal.IncludeRule`1.ValidateAsync(ValidationContext`1 context, Boolean useAsync, CancellationToken cancellation) in /_/src/FluentValidation/Internal/IncludeRule.cs:line 69
   at FluentValidation.AbstractValidator`1.ValidateInternalAsync(ValidationContext`1 context, Boolean useAsync, CancellationToken cancellation) in /_/src/FluentValidation/AbstractValidator.cs:line 246
   at FluentValidation.AbstractValidator`1.Validate(ValidationContext`1 context) in /_/src/FluentValidation/AbstractValidator.cs:line 202
   at BooksReviewApp.WebApi.Validators.BaseValidator`1.Validate(ValidationContext`1 context) in D:\Labs\BooksReviewApp\BooksReviewApp.WebApi\Validators\BaseValidator.cs:line 10
   at FluentValidation.AbstractValidator`1.FluentValidation.IValidator.Validate(IValidationContext context) in /_/src/FluentValidation/AbstractValidator.cs:line 153
   at FluentValidation.AspNetCore.FluentValidationModelValidator.Validate(ModelValidationContext mvContext) in /_/src/FluentValidation.AspNetCore/FluentValidationModelValidatorProvider.cs:line 146
   at Microsoft.AspNetCore.Mvc.ModelBinding.Validation.ValidationVisitor.ValidateNode()
   at Microsoft.AspNetCore.Mvc.ModelBinding.Validation.ValidationVisitor.VisitComplexType(IValidationStrategy defaultStrategy)
   at Microsoft.AspNetCore.Mvc.ModelBinding.Validation.ValidationVisitor.VisitImplementation(ModelMetadata& metadata, String& key, Object model)
   at Microsoft.AspNetCore.Mvc.ModelBinding.Validation.ValidationVisitor.Visit(ModelMetadata metadata, String key, Object model)
   at FluentValidation.AspNetCore.FluentValidationVisitor.<>n__1(ModelMetadata metadata, String key, Object model, Boolean alwaysValidateAtTopLevel, Object container)
   at FluentValidation.AspNetCore.FluentValidationVisitor.<>c__DisplayClass2_0.<Validate>g__BaseValidate|0() in /_/src/FluentValidation.AspNetCore/FluentValidationVisitor.cs:line 45
   at FluentValidation.AspNetCore.FluentValidationVisitor.ValidateInternal(ModelMetadata metadata, String key, Object model, Func`1 continuation) in /_/src/FluentValidation.AspNetCore/FluentValidationVisitor.cs:line 63
   at FluentValidation.AspNetCore.FluentValidationVisitor.Validate(ModelMetadata metadata, String key, Object model, Boolean alwaysValidateAtTopLevel, Object container) in /_/src/FluentValidation.AspNetCore/FluentValidationVisitor.cs:line 47
   at Microsoft.AspNetCore.Mvc.ModelBinding.ObjectModelValidator.Validate(ActionContext actionContext, ValidationStateDictionary validationState, String prefix, Object model, ModelMetadata metadata, Object container)
   at Microsoft.AspNetCore.Mvc.ModelBinding.ParameterBinder.EnforceBindRequiredAndValidate(ObjectModelValidator baseObjectValidator, ActionContext actionContext, ParameterDescriptor parameter, ModelMetadata metadata, ModelBindingContext modelBindingContext, ModelBindingResult modelBindingResult, Object container)
   at Microsoft.AspNetCore.Mvc.ModelBinding.ParameterBinder.BindModelAsync(ActionContext actionContext, IModelBinder modelBinder, IValueProvider valueProvider, ParameterDescriptor parameter, ModelMetadata metadata, Object value, Object container)
   at Microsoft.AspNetCore.Mvc.Controllers.ControllerBinderDelegateProvider.<>c__DisplayClass0_0.<<CreateBinderDelegate>g__Bind|0>d.MoveNext()
--- End of stack trace from previous location ---
   at Microsoft.AspNetCore.Mvc.Infrastructure.ControllerActionInvoker.<InvokeInnerFilterAsync>g__Awaited|13_0(ControllerActionInvoker invoker, Task lastTask, State next, Scope scope, Object state, Boolean isCompleted)
   at Microsoft.AspNetCore.Mvc.Infrastructure.ResourceInvoker.<InvokeFilterPipelineAsync>g__Awaited|20_0(ResourceInvoker invoker, Task lastTask, State next, Scope scope, Object state, Boolean isCompleted)
   at Microsoft.AspNetCore.Mvc.Infrastructure.ResourceInvoker.<InvokeAsync>g__Logged|17_1(ResourceInvoker invoker)
   at Microsoft.AspNetCore.Mvc.Infrastructure.ResourceInvoker.<InvokeAsync>g__Logged|17_1(ResourceInvoker invoker)
   at Microsoft.AspNetCore.Routing.EndpointMiddleware.<Invoke>g__AwaitRequestTask|7_0(Endpoint endpoint, Task requestTask, ILogger logger)
   at Microsoft.AspNetCore.Authorization.AuthorizationMiddleware.Invoke(HttpContext context)
   at BooksReviewApp.WebApi.Middlewares.ExceptionHandlingMiddleware.InvokeAsync(HttpContext context) in D:\Labs\BooksReviewApp\BooksReviewApp.WebApi\Middlewares\ExceptionHandlingMiddleware.cs:line 24, InnerException: null
FluentValidation.ValidationException: Validation failed: 
 -- Email: InvalidEmailFormat Severity: Error
 -- Email: InvalidEmailFormat Severity: Error
 -- Password: PasswordIsRequired Severity: Error
   at BooksReviewApp.WebApi.Validators.BaseValidator`1.Validate(ValidationContext`1 context) in D:\Labs\BooksReviewApp\BooksReviewApp.WebApi\Validators\BaseValidator.cs:line 14
   at FluentValidation.AbstractValidator`1.FluentValidation.IValidator.Validate(IValidationContext context) in /_/src/FluentValidation/AbstractValidator.cs:line 153
   at FluentValidation.Validators.ChildValidatorAdaptor`2.IsValid(ValidationContext`1 context, TProperty value) in /_/src/FluentValidation/Validators/ChildValidatorAdaptor.cs:line 56
   at FluentValidation.Internal.RuleComponent`2.InvokePropertyValidator(ValidationContext`1 context, TProperty value) in /_/src/FluentValidation/Internal/RuleComponent.cs:line 92
   at FluentValidation.Internal.RuleComponent`2.ValidateAsync(ValidationContext`1 context, TProperty value, Boolean useAsync, CancellationToken cancellation) in /_/src/FluentValidation/Internal/RuleComponent.cs:line 83
   at FluentValidation.Internal.PropertyRule`2.ValidateAsync(ValidationContext`1 context, Boolean useAsync, CancellationToken cancellation) in /_/src/FluentValidation/Internal/PropertyRule.cs:line 156
   at FluentValidation.Internal.IncludeRule`1.ValidateAsync(ValidationContext`1 context, Boolean useAsync, CancellationToken cancellation) in /_/src/FluentValidation/Internal/IncludeRule.cs:line 69
   at FluentValidation.AbstractValidator`1.ValidateInternalAsync(ValidationContext`1 context, Boolean useAsync, CancellationToken cancellation) in /_/src/FluentValidation/AbstractValidator.cs:line 246
   at FluentValidation.AbstractValidator`1.Validate(ValidationContext`1 context) in /_/src/FluentValidation/AbstractValidator.cs:line 202
   at BooksReviewApp.WebApi.Validators.BaseValidator`1.Validate(ValidationContext`1 context) in D:\Labs\BooksReviewApp\BooksReviewApp.WebApi\Validators\BaseValidator.cs:line 10
   at FluentValidation.AbstractValidator`1.FluentValidation.IValidator.Validate(IValidationContext context) in /_/src/FluentValidation/AbstractValidator.cs:line 153
   at FluentValidation.AspNetCore.FluentValidationModelValidator.Validate(ModelValidationContext mvContext) in /_/src/FluentValidation.AspNetCore/FluentValidationModelValidatorProvider.cs:line 146
   at Microsoft.AspNetCore.Mvc.ModelBinding.Validation.ValidationVisitor.ValidateNode()
   at Microsoft.AspNetCore.Mvc.ModelBinding.Validation.ValidationVisitor.VisitComplexType(IValidationStrategy defaultStrategy)
   at Microsoft.AspNetCore.Mvc.ModelBinding.Validation.ValidationVisitor.VisitImplementation(ModelMetadata& metadata, String& key, Object model)
   at Microsoft.AspNetCore.Mvc.ModelBinding.Validation.ValidationVisitor.Visit(ModelMetadata metadata, String key, Object model)
   at FluentValidation.AspNetCore.FluentValidationVisitor.<>n__1(ModelMetadata metadata, String key, Object model, Boolean alwaysValidateAtTopLevel, Object container)
   at FluentValidation.AspNetCore.FluentValidationVisitor.<>c__DisplayClass2_0.<Validate>g__BaseValidate|0() in /_/src/FluentValidation.AspNetCore/FluentValidationVisitor.cs:line 45
   at FluentValidation.AspNetCore.FluentValidationVisitor.ValidateInternal(ModelMetadata metadata, String key, Object model, Func`1 continuation) in /_/src/FluentValidation.AspNetCore/FluentValidationVisitor.cs:line 63
   at FluentValidation.AspNetCore.FluentValidationVisitor.Validate(ModelMetadata metadata, String key, Object model, Boolean alwaysValidateAtTopLevel, Object container) in /_/src/FluentValidation.AspNetCore/FluentValidationVisitor.cs:line 47
   at Microsoft.AspNetCore.Mvc.ModelBinding.ObjectModelValidator.Validate(ActionContext actionContext, ValidationStateDictionary validationState, String prefix, Object model, ModelMetadata metadata, Object container)
   at Microsoft.AspNetCore.Mvc.ModelBinding.ParameterBinder.EnforceBindRequiredAndValidate(ObjectModelValidator baseObjectValidator, ActionContext actionContext, ParameterDescriptor parameter, ModelMetadata metadata, ModelBindingContext modelBindingContext, ModelBindingResult modelBindingResult, Object container)
   at Microsoft.AspNetCore.Mvc.ModelBinding.ParameterBinder.BindModelAsync(ActionContext actionContext, IModelBinder modelBinder, IValueProvider valueProvider, ParameterDescriptor parameter, ModelMetadata metadata, Object value, Object container)
   at Microsoft.AspNetCore.Mvc.Controllers.ControllerBinderDelegateProvider.<>c__DisplayClass0_0.<<CreateBinderDelegate>g__Bind|0>d.MoveNext()
--- End of stack trace from previous location ---
   at Microsoft.AspNetCore.Mvc.Infrastructure.ControllerActionInvoker.<InvokeInnerFilterAsync>g__Awaited|13_0(ControllerActionInvoker invoker, Task lastTask, State next, Scope scope, Object state, Boolean isCompleted)
   at Microsoft.AspNetCore.Mvc.Infrastructure.ResourceInvoker.<InvokeFilterPipelineAsync>g__Awaited|20_0(ResourceInvoker invoker, Task lastTask, State next, Scope scope, Object state, Boolean isCompleted)
   at Microsoft.AspNetCore.Mvc.Infrastructure.ResourceInvoker.<InvokeAsync>g__Logged|17_1(ResourceInvoker invoker)
   at Microsoft.AspNetCore.Mvc.Infrastructure.ResourceInvoker.<InvokeAsync>g__Logged|17_1(ResourceInvoker invoker)
   at Microsoft.AspNetCore.Routing.EndpointMiddleware.<Invoke>g__AwaitRequestTask|7_0(Endpoint endpoint, Task requestTask, ILogger logger)
   at Microsoft.AspNetCore.Authorization.AuthorizationMiddleware.Invoke(HttpContext context)
   at BooksReviewApp.WebApi.Middlewares.ExceptionHandlingMiddleware.InvokeAsync(HttpContext context) in D:\Labs\BooksReviewApp\BooksReviewApp.WebApi\Middlewares\ExceptionHandlingMiddleware.cs:line 24
2024-07-25 14:47:09.092 +03:00 [INF] Request finished HTTP/2 PUT https://localhost:7147/api/users - 404 null application/json 13819.6467ms
2024-07-25 14:49:03.730 +03:00 [INF] Now listening on: https://localhost:7147
2024-07-25 14:49:03.838 +03:00 [INF] Now listening on: http://localhost:5046
2024-07-25 14:49:03.847 +03:00 [INF] Application started. Press Ctrl+C to shut down.
2024-07-25 14:49:03.850 +03:00 [INF] Hosting environment: Development
2024-07-25 14:49:03.855 +03:00 [INF] Content root path: D:\Labs\BooksReviewApp\BooksReviewApp.Host
2024-07-25 14:49:06.581 +03:00 [INF] Request starting HTTP/2 GET https://localhost:7147/swagger/index.html - null null
2024-07-25 14:49:08.051 +03:00 [INF] Request finished HTTP/2 GET https://localhost:7147/swagger/index.html - 200 null text/html;charset=utf-8 1481.3602ms
2024-07-25 14:49:08.189 +03:00 [INF] Request starting HTTP/2 GET https://localhost:7147/_framework/aspnetcore-browser-refresh.js - null null
2024-07-25 14:49:08.189 +03:00 [INF] Request starting HTTP/2 GET https://localhost:7147/_vs/browserLink - null null
2024-07-25 14:49:08.245 +03:00 [INF] Request finished HTTP/2 GET https://localhost:7147/_framework/aspnetcore-browser-refresh.js - 200 13774 application/javascript; charset=utf-8 62.4067ms
2024-07-25 14:49:08.452 +03:00 [INF] Request finished HTTP/2 GET https://localhost:7147/_vs/browserLink - 200 null text/javascript; charset=UTF-8 262.9911ms
2024-07-25 14:49:08.885 +03:00 [INF] Request starting HTTP/2 GET https://localhost:7147/swagger/v1/swagger.json - null null
2024-07-25 14:49:09.339 +03:00 [INF] Request finished HTTP/2 GET https://localhost:7147/swagger/v1/swagger.json - 200 null application/json;charset=utf-8 453.3014ms
2024-07-25 14:49:34.061 +03:00 [INF] Request starting HTTP/2 PUT https://localhost:7147/api/users - application/json 119
2024-07-25 14:49:34.114 +03:00 [INF] Executing endpoint 'BooksReviewApp.WebApi.Controllers.UsersController.UpdateUser (BooksReviewApp.WebApi)'
2024-07-25 14:49:34.219 +03:00 [INF] Route matched with {action = "UpdateUser", controller = "Users"}. Executing controller action with signature System.Threading.Tasks.Task`1[Microsoft.AspNetCore.Mvc.IActionResult] UpdateUser(BooksReviewApp.WebApi.Dtos.User.UpdateUserDto) on controller BooksReviewApp.WebApi.Controllers.UsersController (BooksReviewApp.WebApi).
2024-07-25 14:49:39.281 +03:00 [WRN] Validation message for key 'UsernameIsRequired' not found in culture ''.
2024-07-25 14:49:39.304 +03:00 [WRN] Validation message for key 'UsernameMaxLength' not found in culture ''.
2024-07-25 14:49:39.316 +03:00 [WRN] Validation message for key 'EmailIsRequired' not found in culture ''.
2024-07-25 14:49:39.327 +03:00 [WRN] Validation message for key 'EmailMaxLength' not found in culture ''.
2024-07-25 14:49:39.339 +03:00 [WRN] Validation message for key 'InvalidEmailFormat' not found in culture ''.
2024-07-25 14:49:39.367 +03:00 [WRN] Validation message for key 'IdNotDefault' not found in culture ''.
2024-07-25 14:49:39.383 +03:00 [WRN] Validation message for key 'UsernameIsRequired' not found in culture ''.
2024-07-25 14:49:39.391 +03:00 [WRN] Validation message for key 'UsernameMaxLength' not found in culture ''.
2024-07-25 14:49:39.401 +03:00 [WRN] Validation message for key 'EmailIsRequired' not found in culture ''.
2024-07-25 14:49:39.409 +03:00 [WRN] Validation message for key 'EmailMaxLength' not found in culture ''.
2024-07-25 14:49:39.419 +03:00 [WRN] Validation message for key 'InvalidEmailFormat' not found in culture ''.
2024-07-25 14:49:39.429 +03:00 [WRN] Validation message for key 'PasswordIsRequired' not found in culture ''.
2024-07-25 14:49:39.440 +03:00 [WRN] Validation message for key 'PasswordMinLength' not found in culture ''.
2024-07-25 14:49:39.448 +03:00 [WRN] Validation message for key 'PasswordMaxLength' not found in culture ''.
2024-07-25 14:49:39.472 +03:00 [WRN] Validation message for key 'PasswordPattern' not found in culture ''.
2024-07-25 14:55:08.171 +03:00 [INF] Now listening on: https://localhost:7147
2024-07-25 14:55:08.347 +03:00 [INF] Now listening on: http://localhost:5046
2024-07-25 14:55:08.369 +03:00 [INF] Application started. Press Ctrl+C to shut down.
2024-07-25 14:55:08.376 +03:00 [INF] Hosting environment: Development
2024-07-25 14:55:08.383 +03:00 [INF] Content root path: D:\Labs\BooksReviewApp\BooksReviewApp.Host
2024-07-25 14:55:09.630 +03:00 [INF] Request starting HTTP/2 GET https://localhost:7147/swagger/index.html - null null
2024-07-25 14:55:10.602 +03:00 [INF] Request finished HTTP/2 GET https://localhost:7147/swagger/index.html - 200 null text/html;charset=utf-8 983.2012ms
2024-07-25 14:55:10.754 +03:00 [INF] Request starting HTTP/2 GET https://localhost:7147/_vs/browserLink - null null
2024-07-25 14:55:10.754 +03:00 [INF] Request starting HTTP/2 GET https://localhost:7147/_framework/aspnetcore-browser-refresh.js - null null
2024-07-25 14:55:10.802 +03:00 [INF] Request finished HTTP/2 GET https://localhost:7147/_framework/aspnetcore-browser-refresh.js - 200 13774 application/javascript; charset=utf-8 48.2117ms
2024-07-25 14:55:10.938 +03:00 [INF] Request finished HTTP/2 GET https://localhost:7147/_vs/browserLink - 200 null text/javascript; charset=UTF-8 184.8279ms
2024-07-25 14:55:12.165 +03:00 [INF] Request starting HTTP/2 GET https://localhost:7147/swagger/v1/swagger.json - null null
2024-07-25 14:55:12.645 +03:00 [INF] Request finished HTTP/2 GET https://localhost:7147/swagger/v1/swagger.json - 200 null application/json;charset=utf-8 480.5335ms
2024-07-25 14:57:58.085 +03:00 [INF] Request starting HTTP/2 PUT https://localhost:7147/api/users - application/json 119
2024-07-25 14:57:58.177 +03:00 [INF] Executing endpoint 'BooksReviewApp.WebApi.Controllers.UsersController.UpdateUser (BooksReviewApp.WebApi)'
2024-07-25 14:57:58.328 +03:00 [INF] Route matched with {action = "UpdateUser", controller = "Users"}. Executing controller action with signature System.Threading.Tasks.Task`1[Microsoft.AspNetCore.Mvc.IActionResult] UpdateUser(BooksReviewApp.WebApi.Dtos.User.UpdateUserDto) on controller BooksReviewApp.WebApi.Controllers.UsersController (BooksReviewApp.WebApi).
2024-07-25 14:58:04.111 +03:00 [WRN] Validation message for key 'IdNotDefault' not found in culture ''.
2024-07-25 14:58:04.158 +03:00 [WRN] Validation message for key 'UsernameIsRequired' not found in culture ''.
2024-07-25 14:58:04.174 +03:00 [WRN] Validation message for key 'UsernameMaxLength' not found in culture ''.
2024-07-25 14:58:04.184 +03:00 [WRN] Validation message for key 'EmailIsRequired' not found in culture ''.
2024-07-25 14:58:04.192 +03:00 [WRN] Validation message for key 'EmailMaxLength' not found in culture ''.
2024-07-25 14:58:04.206 +03:00 [WRN] Validation message for key 'InvalidEmailFormat' not found in culture ''.
2024-07-25 14:58:04.215 +03:00 [WRN] Validation message for key 'PasswordIsRequired' not found in culture ''.
2024-07-25 14:58:04.230 +03:00 [WRN] Validation message for key 'PasswordMinLength' not found in culture ''.
2024-07-25 14:58:04.239 +03:00 [WRN] Validation message for key 'PasswordMaxLength' not found in culture ''.
2024-07-25 14:58:04.254 +03:00 [WRN] Validation message for key 'PasswordPattern' not found in culture ''.
2024-07-25 14:58:13.612 +03:00 [INF] Executed action BooksReviewApp.WebApi.Controllers.UsersController.UpdateUser (BooksReviewApp.WebApi) in 15266.0922ms
2024-07-25 14:58:13.618 +03:00 [INF] Executed endpoint 'BooksReviewApp.WebApi.Controllers.UsersController.UpdateUser (BooksReviewApp.WebApi)'
2024-07-25 14:58:16.330 +03:00 [ERR] Validation error occurred. Message: Validation failed: 
 -- Email: InvalidEmailFormat Severity: Error
 -- Password: PasswordMinLength Severity: Error
 -- Password: PasswordPattern Severity: Error, Errors: InvalidEmailFormat; PasswordMinLength; PasswordPattern, StackTrace:    at BooksReviewApp.WebApi.Validators.BaseValidator`1.Validate(ValidationContext`1 context) in D:\Labs\BooksReviewApp\BooksReviewApp.WebApi\Validators\BaseValidator.cs:line 14
   at FluentValidation.AbstractValidator`1.FluentValidation.IValidator.Validate(IValidationContext context) in /_/src/FluentValidation/AbstractValidator.cs:line 153
   at FluentValidation.Validators.ChildValidatorAdaptor`2.IsValid(ValidationContext`1 context, TProperty value) in /_/src/FluentValidation/Validators/ChildValidatorAdaptor.cs:line 56
   at FluentValidation.Internal.RuleComponent`2.InvokePropertyValidator(ValidationContext`1 context, TProperty value) in /_/src/FluentValidation/Internal/RuleComponent.cs:line 92
   at FluentValidation.Internal.RuleComponent`2.ValidateAsync(ValidationContext`1 context, TProperty value, Boolean useAsync, CancellationToken cancellation) in /_/src/FluentValidation/Internal/RuleComponent.cs:line 83
   at FluentValidation.Internal.PropertyRule`2.ValidateAsync(ValidationContext`1 context, Boolean useAsync, CancellationToken cancellation) in /_/src/FluentValidation/Internal/PropertyRule.cs:line 156
   at FluentValidation.Internal.IncludeRule`1.ValidateAsync(ValidationContext`1 context, Boolean useAsync, CancellationToken cancellation) in /_/src/FluentValidation/Internal/IncludeRule.cs:line 69
   at FluentValidation.AbstractValidator`1.ValidateInternalAsync(ValidationContext`1 context, Boolean useAsync, CancellationToken cancellation) in /_/src/FluentValidation/AbstractValidator.cs:line 246
   at FluentValidation.AbstractValidator`1.Validate(ValidationContext`1 context) in /_/src/FluentValidation/AbstractValidator.cs:line 202
   at BooksReviewApp.WebApi.Validators.BaseValidator`1.Validate(ValidationContext`1 context) in D:\Labs\BooksReviewApp\BooksReviewApp.WebApi\Validators\BaseValidator.cs:line 10
   at FluentValidation.AbstractValidator`1.FluentValidation.IValidator.Validate(IValidationContext context) in /_/src/FluentValidation/AbstractValidator.cs:line 153
   at FluentValidation.AspNetCore.FluentValidationModelValidator.Validate(ModelValidationContext mvContext) in /_/src/FluentValidation.AspNetCore/FluentValidationModelValidatorProvider.cs:line 146
   at Microsoft.AspNetCore.Mvc.ModelBinding.Validation.ValidationVisitor.ValidateNode()
   at Microsoft.AspNetCore.Mvc.ModelBinding.Validation.ValidationVisitor.VisitComplexType(IValidationStrategy defaultStrategy)
   at Microsoft.AspNetCore.Mvc.ModelBinding.Validation.ValidationVisitor.VisitImplementation(ModelMetadata& metadata, String& key, Object model)
   at Microsoft.AspNetCore.Mvc.ModelBinding.Validation.ValidationVisitor.Visit(ModelMetadata metadata, String key, Object model)
   at FluentValidation.AspNetCore.FluentValidationVisitor.<>n__1(ModelMetadata metadata, String key, Object model, Boolean alwaysValidateAtTopLevel, Object container)
   at FluentValidation.AspNetCore.FluentValidationVisitor.<>c__DisplayClass2_0.<Validate>g__BaseValidate|0() in /_/src/FluentValidation.AspNetCore/FluentValidationVisitor.cs:line 45
   at FluentValidation.AspNetCore.FluentValidationVisitor.ValidateInternal(ModelMetadata metadata, String key, Object model, Func`1 continuation) in /_/src/FluentValidation.AspNetCore/FluentValidationVisitor.cs:line 63
   at FluentValidation.AspNetCore.FluentValidationVisitor.Validate(ModelMetadata metadata, String key, Object model, Boolean alwaysValidateAtTopLevel, Object container) in /_/src/FluentValidation.AspNetCore/FluentValidationVisitor.cs:line 47
   at Microsoft.AspNetCore.Mvc.ModelBinding.ObjectModelValidator.Validate(ActionContext actionContext, ValidationStateDictionary validationState, String prefix, Object model, ModelMetadata metadata, Object container)
   at Microsoft.AspNetCore.Mvc.ModelBinding.ParameterBinder.EnforceBindRequiredAndValidate(ObjectModelValidator baseObjectValidator, ActionContext actionContext, ParameterDescriptor parameter, ModelMetadata metadata, ModelBindingContext modelBindingContext, ModelBindingResult modelBindingResult, Object container)
   at Microsoft.AspNetCore.Mvc.ModelBinding.ParameterBinder.BindModelAsync(ActionContext actionContext, IModelBinder modelBinder, IValueProvider valueProvider, ParameterDescriptor parameter, ModelMetadata metadata, Object value, Object container)
   at Microsoft.AspNetCore.Mvc.Controllers.ControllerBinderDelegateProvider.<>c__DisplayClass0_0.<<CreateBinderDelegate>g__Bind|0>d.MoveNext()
--- End of stack trace from previous location ---
   at Microsoft.AspNetCore.Mvc.Infrastructure.ControllerActionInvoker.<InvokeInnerFilterAsync>g__Awaited|13_0(ControllerActionInvoker invoker, Task lastTask, State next, Scope scope, Object state, Boolean isCompleted)
   at Microsoft.AspNetCore.Mvc.Infrastructure.ResourceInvoker.<InvokeFilterPipelineAsync>g__Awaited|20_0(ResourceInvoker invoker, Task lastTask, State next, Scope scope, Object state, Boolean isCompleted)
   at Microsoft.AspNetCore.Mvc.Infrastructure.ResourceInvoker.<InvokeAsync>g__Logged|17_1(ResourceInvoker invoker)
   at Microsoft.AspNetCore.Mvc.Infrastructure.ResourceInvoker.<InvokeAsync>g__Logged|17_1(ResourceInvoker invoker)
   at Microsoft.AspNetCore.Routing.EndpointMiddleware.<Invoke>g__AwaitRequestTask|7_0(Endpoint endpoint, Task requestTask, ILogger logger)
   at Microsoft.AspNetCore.Authorization.AuthorizationMiddleware.Invoke(HttpContext context)
   at BooksReviewApp.WebApi.Middlewares.ExceptionHandlingMiddleware.InvokeAsync(HttpContext context) in D:\Labs\BooksReviewApp\BooksReviewApp.WebApi\Middlewares\ExceptionHandlingMiddleware.cs:line 24, InnerException: null
FluentValidation.ValidationException: Validation failed: 
 -- Email: InvalidEmailFormat Severity: Error
 -- Password: PasswordMinLength Severity: Error
 -- Password: PasswordPattern Severity: Error
   at BooksReviewApp.WebApi.Validators.BaseValidator`1.Validate(ValidationContext`1 context) in D:\Labs\BooksReviewApp\BooksReviewApp.WebApi\Validators\BaseValidator.cs:line 14
   at FluentValidation.AbstractValidator`1.FluentValidation.IValidator.Validate(IValidationContext context) in /_/src/FluentValidation/AbstractValidator.cs:line 153
   at FluentValidation.Validators.ChildValidatorAdaptor`2.IsValid(ValidationContext`1 context, TProperty value) in /_/src/FluentValidation/Validators/ChildValidatorAdaptor.cs:line 56
   at FluentValidation.Internal.RuleComponent`2.InvokePropertyValidator(ValidationContext`1 context, TProperty value) in /_/src/FluentValidation/Internal/RuleComponent.cs:line 92
   at FluentValidation.Internal.RuleComponent`2.ValidateAsync(ValidationContext`1 context, TProperty value, Boolean useAsync, CancellationToken cancellation) in /_/src/FluentValidation/Internal/RuleComponent.cs:line 83
   at FluentValidation.Internal.PropertyRule`2.ValidateAsync(ValidationContext`1 context, Boolean useAsync, CancellationToken cancellation) in /_/src/FluentValidation/Internal/PropertyRule.cs:line 156
   at FluentValidation.Internal.IncludeRule`1.ValidateAsync(ValidationContext`1 context, Boolean useAsync, CancellationToken cancellation) in /_/src/FluentValidation/Internal/IncludeRule.cs:line 69
   at FluentValidation.AbstractValidator`1.ValidateInternalAsync(ValidationContext`1 context, Boolean useAsync, CancellationToken cancellation) in /_/src/FluentValidation/AbstractValidator.cs:line 246
   at FluentValidation.AbstractValidator`1.Validate(ValidationContext`1 context) in /_/src/FluentValidation/AbstractValidator.cs:line 202
   at BooksReviewApp.WebApi.Validators.BaseValidator`1.Validate(ValidationContext`1 context) in D:\Labs\BooksReviewApp\BooksReviewApp.WebApi\Validators\BaseValidator.cs:line 10
   at FluentValidation.AbstractValidator`1.FluentValidation.IValidator.Validate(IValidationContext context) in /_/src/FluentValidation/AbstractValidator.cs:line 153
   at FluentValidation.AspNetCore.FluentValidationModelValidator.Validate(ModelValidationContext mvContext) in /_/src/FluentValidation.AspNetCore/FluentValidationModelValidatorProvider.cs:line 146
   at Microsoft.AspNetCore.Mvc.ModelBinding.Validation.ValidationVisitor.ValidateNode()
   at Microsoft.AspNetCore.Mvc.ModelBinding.Validation.ValidationVisitor.VisitComplexType(IValidationStrategy defaultStrategy)
   at Microsoft.AspNetCore.Mvc.ModelBinding.Validation.ValidationVisitor.VisitImplementation(ModelMetadata& metadata, String& key, Object model)
   at Microsoft.AspNetCore.Mvc.ModelBinding.Validation.ValidationVisitor.Visit(ModelMetadata metadata, String key, Object model)
   at FluentValidation.AspNetCore.FluentValidationVisitor.<>n__1(ModelMetadata metadata, String key, Object model, Boolean alwaysValidateAtTopLevel, Object container)
   at FluentValidation.AspNetCore.FluentValidationVisitor.<>c__DisplayClass2_0.<Validate>g__BaseValidate|0() in /_/src/FluentValidation.AspNetCore/FluentValidationVisitor.cs:line 45
   at FluentValidation.AspNetCore.FluentValidationVisitor.ValidateInternal(ModelMetadata metadata, String key, Object model, Func`1 continuation) in /_/src/FluentValidation.AspNetCore/FluentValidationVisitor.cs:line 63
   at FluentValidation.AspNetCore.FluentValidationVisitor.Validate(ModelMetadata metadata, String key, Object model, Boolean alwaysValidateAtTopLevel, Object container) in /_/src/FluentValidation.AspNetCore/FluentValidationVisitor.cs:line 47
   at Microsoft.AspNetCore.Mvc.ModelBinding.ObjectModelValidator.Validate(ActionContext actionContext, ValidationStateDictionary validationState, String prefix, Object model, ModelMetadata metadata, Object container)
   at Microsoft.AspNetCore.Mvc.ModelBinding.ParameterBinder.EnforceBindRequiredAndValidate(ObjectModelValidator baseObjectValidator, ActionContext actionContext, ParameterDescriptor parameter, ModelMetadata metadata, ModelBindingContext modelBindingContext, ModelBindingResult modelBindingResult, Object container)
   at Microsoft.AspNetCore.Mvc.ModelBinding.ParameterBinder.BindModelAsync(ActionContext actionContext, IModelBinder modelBinder, IValueProvider valueProvider, ParameterDescriptor parameter, ModelMetadata metadata, Object value, Object container)
   at Microsoft.AspNetCore.Mvc.Controllers.ControllerBinderDelegateProvider.<>c__DisplayClass0_0.<<CreateBinderDelegate>g__Bind|0>d.MoveNext()
--- End of stack trace from previous location ---
   at Microsoft.AspNetCore.Mvc.Infrastructure.ControllerActionInvoker.<InvokeInnerFilterAsync>g__Awaited|13_0(ControllerActionInvoker invoker, Task lastTask, State next, Scope scope, Object state, Boolean isCompleted)
   at Microsoft.AspNetCore.Mvc.Infrastructure.ResourceInvoker.<InvokeFilterPipelineAsync>g__Awaited|20_0(ResourceInvoker invoker, Task lastTask, State next, Scope scope, Object state, Boolean isCompleted)
   at Microsoft.AspNetCore.Mvc.Infrastructure.ResourceInvoker.<InvokeAsync>g__Logged|17_1(ResourceInvoker invoker)
   at Microsoft.AspNetCore.Mvc.Infrastructure.ResourceInvoker.<InvokeAsync>g__Logged|17_1(ResourceInvoker invoker)
   at Microsoft.AspNetCore.Routing.EndpointMiddleware.<Invoke>g__AwaitRequestTask|7_0(Endpoint endpoint, Task requestTask, ILogger logger)
   at Microsoft.AspNetCore.Authorization.AuthorizationMiddleware.Invoke(HttpContext context)
   at BooksReviewApp.WebApi.Middlewares.ExceptionHandlingMiddleware.InvokeAsync(HttpContext context) in D:\Labs\BooksReviewApp\BooksReviewApp.WebApi\Middlewares\ExceptionHandlingMiddleware.cs:line 24
2024-07-25 14:58:16.590 +03:00 [INF] Request finished HTTP/2 PUT https://localhost:7147/api/users - 404 null application/json 18506.0364ms
