2024-07-26 11:21:29.888 +03:00 [INF] Now listening on: https://localhost:7147
2024-07-26 11:21:30.024 +03:00 [INF] Now listening on: http://localhost:5046
2024-07-26 11:21:30.034 +03:00 [INF] Application started. Press Ctrl+C to shut down.
2024-07-26 11:21:30.039 +03:00 [INF] Hosting environment: Development
2024-07-26 11:21:30.043 +03:00 [INF] Content root path: D:\Labs\BooksReviewApp\BooksReviewApp.Host
2024-07-26 11:21:56.569 +03:00 [INF] Request starting HTTP/2 GET https://localhost:7147/swagger/index.html - null null
2024-07-26 11:21:57.619 +03:00 [INF] Request finished HTTP/2 GET https://localhost:7147/swagger/index.html - 200 null text/html;charset=utf-8 1069.2629ms
2024-07-26 11:21:57.778 +03:00 [INF] Request starting HTTP/2 GET https://localhost:7147/_vs/browserLink - null null
2024-07-26 11:21:57.780 +03:00 [INF] Request starting HTTP/2 GET https://localhost:7147/_framework/aspnetcore-browser-refresh.js - null null
2024-07-26 11:21:57.857 +03:00 [INF] Request finished HTTP/2 GET https://localhost:7147/_framework/aspnetcore-browser-refresh.js - 200 13774 application/javascript; charset=utf-8 80.505ms
2024-07-26 11:21:57.951 +03:00 [INF] Request finished HTTP/2 GET https://localhost:7147/_vs/browserLink - 200 null text/javascript; charset=UTF-8 173.6589ms
2024-07-26 11:21:58.677 +03:00 [INF] Request starting HTTP/2 GET https://localhost:7147/swagger/v1/swagger.json - null null
2024-07-26 11:21:58.769 +03:00 [INF] Request starting HTTP/2 GET https://localhost:7147/swagger/favicon-32x32.png - null null
2024-07-26 11:21:58.801 +03:00 [INF] Sending file. Request path: '/favicon-32x32.png'. Physical path: 'N/A'
2024-07-26 11:21:58.805 +03:00 [INF] Request finished HTTP/2 GET https://localhost:7147/swagger/favicon-32x32.png - 200 628 image/png 36.6665ms
2024-07-26 11:21:58.988 +03:00 [INF] Request finished HTTP/2 GET https://localhost:7147/swagger/v1/swagger.json - 200 null application/json;charset=utf-8 311.4204ms
2024-07-26 11:22:10.366 +03:00 [INF] Request starting HTTP/2 GET https://localhost:7147/api/users - null null
2024-07-26 11:22:10.414 +03:00 [INF] Executing endpoint 'BooksReviewApp.WebApi.Controllers.UsersController.GetAllUsers (BooksReviewApp.WebApi)'
2024-07-26 11:22:10.521 +03:00 [INF] Route matched with {action = "GetAllUsers", controller = "Users"}. Executing controller action with signature System.Threading.Tasks.Task`1[Microsoft.AspNetCore.Mvc.IActionResult] GetAllUsers() on controller BooksReviewApp.WebApi.Controllers.UsersController (BooksReviewApp.WebApi).
2024-07-26 11:22:17.204 +03:00 [INF] Executing action method BooksReviewApp.WebApi.Controllers.UsersController.GetAllUsers (BooksReviewApp.WebApi) - Validation state: "Valid"
2024-07-26 11:22:19.503 +03:00 [INF] Executed DbCommand (109ms) [Parameters=[], CommandType='"Text"', CommandTimeout='30']
SELECT u."Id", u."Email", u."Password", u."Username"
FROM dbo."Users" AS u
2024-07-26 11:22:20.162 +03:00 [INF] Executed action method BooksReviewApp.WebApi.Controllers.UsersController.GetAllUsers (BooksReviewApp.WebApi), returned result Microsoft.AspNetCore.Mvc.OkObjectResult in 2924.9202ms.
2024-07-26 11:22:20.205 +03:00 [INF] Executing OkObjectResult, writing value of type 'System.Collections.Generic.List`1[[BooksReviewApp.WebApi.Dtos.User.ReadUserDto, BooksReviewApp.WebApi, Version=1.0.0.0, Culture=neutral, PublicKeyToken=null]]'.
2024-07-26 11:22:20.401 +03:00 [INF] Executed action BooksReviewApp.WebApi.Controllers.UsersController.GetAllUsers (BooksReviewApp.WebApi) in 9836.4422ms
2024-07-26 11:22:20.428 +03:00 [INF] Executed endpoint 'BooksReviewApp.WebApi.Controllers.UsersController.GetAllUsers (BooksReviewApp.WebApi)'
2024-07-26 11:22:20.478 +03:00 [INF] Request finished HTTP/2 GET https://localhost:7147/api/users - 200 null application/json; charset=utf-8 10112.5395ms
2024-07-26 11:22:52.192 +03:00 [INF] Request starting HTTP/2 GET https://localhost:7147/api/users/b69551ee-b593-4542-b388-c7fb3d1367d8 - null null
2024-07-26 11:22:52.226 +03:00 [INF] Executing endpoint 'BooksReviewApp.WebApi.Controllers.UsersController.GetUserById (BooksReviewApp.WebApi)'
2024-07-26 11:22:52.285 +03:00 [INF] Route matched with {action = "GetUserById", controller = "Users"}. Executing controller action with signature System.Threading.Tasks.Task`1[Microsoft.AspNetCore.Mvc.IActionResult] GetUserById(System.Guid) on controller BooksReviewApp.WebApi.Controllers.UsersController (BooksReviewApp.WebApi).
2024-07-26 11:22:53.105 +03:00 [INF] Executing action method BooksReviewApp.WebApi.Controllers.UsersController.GetUserById (BooksReviewApp.WebApi) - Validation state: "Valid"
2024-07-26 11:22:53.648 +03:00 [INF] Executed DbCommand (60ms) [Parameters=[@__id_0='?' (DbType = Guid)], CommandType='"Text"', CommandTimeout='30']
SELECT u."Id", u."Email", u."Password", u."Username"
FROM dbo."Users" AS u
WHERE u."Id" = @__id_0
LIMIT 1
2024-07-26 11:22:53.690 +03:00 [INF] Executed action method BooksReviewApp.WebApi.Controllers.UsersController.GetUserById (BooksReviewApp.WebApi), returned result Microsoft.AspNetCore.Mvc.OkObjectResult in 574.4541ms.
2024-07-26 11:22:53.723 +03:00 [INF] Executing OkObjectResult, writing value of type 'null'.
2024-07-26 11:22:53.737 +03:00 [INF] Executed action BooksReviewApp.WebApi.Controllers.UsersController.GetUserById (BooksReviewApp.WebApi) in 1410.9887ms
2024-07-26 11:22:53.746 +03:00 [INF] Executed endpoint 'BooksReviewApp.WebApi.Controllers.UsersController.GetUserById (BooksReviewApp.WebApi)'
2024-07-26 11:22:53.758 +03:00 [INF] Request finished HTTP/2 GET https://localhost:7147/api/users/b69551ee-b593-4542-b388-c7fb3d1367d8 - 204 null null 1570.1022ms
2024-07-26 11:23:12.309 +03:00 [INF] Request starting HTTP/2 GET https://localhost:7147/api/users/b69551ee-b593-4542-b388-c7fb3d1367d8 - null null
2024-07-26 11:23:12.318 +03:00 [INF] Executing endpoint 'BooksReviewApp.WebApi.Controllers.UsersController.GetUserById (BooksReviewApp.WebApi)'
2024-07-26 11:23:12.322 +03:00 [INF] Route matched with {action = "GetUserById", controller = "Users"}. Executing controller action with signature System.Threading.Tasks.Task`1[Microsoft.AspNetCore.Mvc.IActionResult] GetUserById(System.Guid) on controller BooksReviewApp.WebApi.Controllers.UsersController (BooksReviewApp.WebApi).
2024-07-26 11:23:12.424 +03:00 [INF] Executing action method BooksReviewApp.WebApi.Controllers.UsersController.GetUserById (BooksReviewApp.WebApi) - Validation state: "Valid"
2024-07-26 11:23:20.814 +03:00 [INF] Executed DbCommand (6ms) [Parameters=[@__id_0='?' (DbType = Guid)], CommandType='"Text"', CommandTimeout='30']
SELECT u."Id", u."Email", u."Password", u."Username"
FROM dbo."Users" AS u
WHERE u."Id" = @__id_0
LIMIT 1
2024-07-26 11:23:44.547 +03:00 [INF] Executed action method BooksReviewApp.WebApi.Controllers.UsersController.GetUserById (BooksReviewApp.WebApi), returned result Microsoft.AspNetCore.Mvc.OkObjectResult in 32119.8131ms.
2024-07-26 11:23:44.565 +03:00 [INF] Executing OkObjectResult, writing value of type 'null'.
2024-07-26 11:23:44.575 +03:00 [INF] Executed action BooksReviewApp.WebApi.Controllers.UsersController.GetUserById (BooksReviewApp.WebApi) in 32246.9626ms
2024-07-26 11:23:44.584 +03:00 [INF] Executed endpoint 'BooksReviewApp.WebApi.Controllers.UsersController.GetUserById (BooksReviewApp.WebApi)'
2024-07-26 11:23:48.653 +03:00 [INF] Request finished HTTP/2 GET https://localhost:7147/api/users/b69551ee-b593-4542-b388-c7fb3d1367d8 - 204 null null 36344.8029ms
2024-07-26 12:54:27.151 +03:00 [INF] Now listening on: https://localhost:7147
2024-07-26 12:54:27.197 +03:00 [INF] Now listening on: http://localhost:5046
2024-07-26 12:54:27.200 +03:00 [INF] Application started. Press Ctrl+C to shut down.
2024-07-26 12:54:27.201 +03:00 [INF] Hosting environment: Development
2024-07-26 12:54:27.202 +03:00 [INF] Content root path: D:\Labs\BooksReviewApp\BooksReviewApp.Host
2024-07-26 12:54:35.423 +03:00 [INF] Request starting HTTP/2 GET https://localhost:7147/swagger/index.html - null null
2024-07-26 12:54:35.905 +03:00 [INF] Request finished HTTP/2 GET https://localhost:7147/swagger/index.html - 200 null text/html;charset=utf-8 492.1374ms
2024-07-26 12:54:35.943 +03:00 [INF] Request starting HTTP/2 GET https://localhost:7147/_vs/browserLink - null null
2024-07-26 12:54:35.943 +03:00 [INF] Request starting HTTP/2 GET https://localhost:7147/_framework/aspnetcore-browser-refresh.js - null null
2024-07-26 12:54:35.983 +03:00 [INF] Request finished HTTP/2 GET https://localhost:7147/_framework/aspnetcore-browser-refresh.js - 200 13774 application/javascript; charset=utf-8 39.9449ms
2024-07-26 12:54:36.048 +03:00 [INF] Request finished HTTP/2 GET https://localhost:7147/_vs/browserLink - 200 null text/javascript; charset=UTF-8 105.7508ms
2024-07-26 12:54:36.252 +03:00 [INF] Request starting HTTP/2 GET https://localhost:7147/swagger/v1/swagger.json - null null
2024-07-26 12:54:36.442 +03:00 [INF] Request finished HTTP/2 GET https://localhost:7147/swagger/v1/swagger.json - 200 null application/json;charset=utf-8 190.1351ms
2024-07-26 12:54:47.645 +03:00 [INF] Request starting HTTP/1.1 POST https://localhost:7147/api/users?culture=de-DE - application/json 53
2024-07-26 12:54:47.655 +03:00 [INF] Executing endpoint 'BooksReviewApp.WebApi.Controllers.UsersController.CreateUser (BooksReviewApp.WebApi)'
2024-07-26 12:54:47.678 +03:00 [INF] Route matched with {action = "CreateUser", controller = "Users"}. Executing controller action with signature System.Threading.Tasks.Task`1[Microsoft.AspNetCore.Mvc.IActionResult] CreateUser(BooksReviewApp.WebApi.Dtos.User.CreateUserDto) on controller BooksReviewApp.WebApi.Controllers.UsersController (BooksReviewApp.WebApi).
2024-07-26 12:54:59.064 +03:00 [INF] Executed action BooksReviewApp.WebApi.Controllers.UsersController.CreateUser (BooksReviewApp.WebApi) in 11379.6417ms
2024-07-26 12:54:59.066 +03:00 [INF] Executed endpoint 'BooksReviewApp.WebApi.Controllers.UsersController.CreateUser (BooksReviewApp.WebApi)'
2024-07-26 12:55:01.656 +03:00 [ERR] Validation error occurred. Message: Validation failed: 
 -- Email: E-Mail ist erforderlich. Severity: Error
 -- Password: Das Passwort muss mindestens 8 Zeichen lang sein. Severity: Error
 -- Password: Das Passwort muss mindestens einen Kleinbuchstaben, einen Großbuchstaben und eine Ziffer enthalten. Severity: Error, Errors: E-Mail ist erforderlich.; Das Passwort muss mindestens 8 Zeichen lang sein.; Das Passwort muss mindestens einen Kleinbuchstaben, einen Großbuchstaben und eine Ziffer enthalten., StackTrace:    at BooksReviewApp.WebApi.Validators.BaseValidator`1.Validate(ValidationContext`1 context) in D:\Labs\BooksReviewApp\BooksReviewApp.WebApi\Validators\BaseValidator.cs:line 14
   at FluentValidation.AbstractValidator`1.FluentValidation.IValidator.Validate(IValidationContext context) in /_/src/FluentValidation/AbstractValidator.cs:line 153
   at FluentValidation.AspNetCore.FluentValidationModelValidator.Validate(ModelValidationContext mvContext) in /_/src/FluentValidation.AspNetCore/FluentValidationModelValidatorProvider.cs:line 146
   at Microsoft.AspNetCore.Mvc.ModelBinding.Validation.ValidationVisitor.ValidateNode()
   at Microsoft.AspNetCore.Mvc.ModelBinding.Validation.ValidationVisitor.VisitComplexType(IValidationStrategy defaultStrategy)
   at Microsoft.AspNetCore.Mvc.ModelBinding.Validation.ValidationVisitor.VisitImplementation(ModelMetadata& metadata, String& key, Object model)
   at Microsoft.AspNetCore.Mvc.ModelBinding.Validation.ValidationVisitor.Visit(ModelMetadata metadata, String key, Object model)
   at FluentValidation.AspNetCore.FluentValidationVisitor.<>n__1(ModelMetadata metadata, String key, Object model, Boolean alwaysValidateAtTopLevel, Object container)
   at FluentValidation.AspNetCore.FluentValidationVisitor.<>c__DisplayClass2_0.<Validate>g__BaseValidate|0() in /_/src/FluentValidation.AspNetCore/FluentValidationVisitor.cs:line 45
   at FluentValidation.AspNetCore.FluentValidationVisitor.ValidateInternal(ModelMetadata metadata, String key, Object model, Func`1 continuation) in /_/src/FluentValidation.AspNetCore/FluentValidationVisitor.cs:line 63
   at FluentValidation.AspNetCore.FluentValidationVisitor.Validate(ModelMetadata metadata, String key, Object model, Boolean alwaysValidateAtTopLevel, Object container) in /_/src/FluentValidation.AspNetCore/FluentValidationVisitor.cs:line 47
   at Microsoft.AspNetCore.Mvc.ModelBinding.ObjectModelValidator.Validate(ActionContext actionContext, ValidationStateDictionary validationState, String prefix, Object model, ModelMetadata metadata, Object container)
   at Microsoft.AspNetCore.Mvc.ModelBinding.ParameterBinder.EnforceBindRequiredAndValidate(ObjectModelValidator baseObjectValidator, ActionContext actionContext, ParameterDescriptor parameter, ModelMetadata metadata, ModelBindingContext modelBindingContext, ModelBindingResult modelBindingResult, Object container)
   at Microsoft.AspNetCore.Mvc.ModelBinding.ParameterBinder.BindModelAsync(ActionContext actionContext, IModelBinder modelBinder, IValueProvider valueProvider, ParameterDescriptor parameter, ModelMetadata metadata, Object value, Object container)
   at Microsoft.AspNetCore.Mvc.Controllers.ControllerBinderDelegateProvider.<>c__DisplayClass0_0.<<CreateBinderDelegate>g__Bind|0>d.MoveNext()
--- End of stack trace from previous location ---
   at Microsoft.AspNetCore.Mvc.Infrastructure.ControllerActionInvoker.<InvokeInnerFilterAsync>g__Awaited|13_0(ControllerActionInvoker invoker, Task lastTask, State next, Scope scope, Object state, Boolean isCompleted)
   at Microsoft.AspNetCore.Mvc.Infrastructure.ResourceInvoker.<InvokeFilterPipelineAsync>g__Awaited|20_0(ResourceInvoker invoker, Task lastTask, State next, Scope scope, Object state, Boolean isCompleted)
   at Microsoft.AspNetCore.Mvc.Infrastructure.ResourceInvoker.<InvokeAsync>g__Logged|17_1(ResourceInvoker invoker)
   at Microsoft.AspNetCore.Mvc.Infrastructure.ResourceInvoker.<InvokeAsync>g__Logged|17_1(ResourceInvoker invoker)
   at Microsoft.AspNetCore.Routing.EndpointMiddleware.<Invoke>g__AwaitRequestTask|7_0(Endpoint endpoint, Task requestTask, ILogger logger)
   at Microsoft.AspNetCore.Authorization.AuthorizationMiddleware.Invoke(HttpContext context)
   at BooksReviewApp.WebApi.Middlewares.ExceptionHandlingMiddleware.InvokeAsync(HttpContext context) in D:\Labs\BooksReviewApp\BooksReviewApp.WebApi\Middlewares\ExceptionHandlingMiddleware.cs:line 24, InnerException: null
FluentValidation.ValidationException: Validation failed: 
 -- Email: E-Mail ist erforderlich. Severity: Error
 -- Password: Das Passwort muss mindestens 8 Zeichen lang sein. Severity: Error
 -- Password: Das Passwort muss mindestens einen Kleinbuchstaben, einen Großbuchstaben und eine Ziffer enthalten. Severity: Error
   at BooksReviewApp.WebApi.Validators.BaseValidator`1.Validate(ValidationContext`1 context) in D:\Labs\BooksReviewApp\BooksReviewApp.WebApi\Validators\BaseValidator.cs:line 14
   at FluentValidation.AbstractValidator`1.FluentValidation.IValidator.Validate(IValidationContext context) in /_/src/FluentValidation/AbstractValidator.cs:line 153
   at FluentValidation.AspNetCore.FluentValidationModelValidator.Validate(ModelValidationContext mvContext) in /_/src/FluentValidation.AspNetCore/FluentValidationModelValidatorProvider.cs:line 146
   at Microsoft.AspNetCore.Mvc.ModelBinding.Validation.ValidationVisitor.ValidateNode()
   at Microsoft.AspNetCore.Mvc.ModelBinding.Validation.ValidationVisitor.VisitComplexType(IValidationStrategy defaultStrategy)
   at Microsoft.AspNetCore.Mvc.ModelBinding.Validation.ValidationVisitor.VisitImplementation(ModelMetadata& metadata, String& key, Object model)
   at Microsoft.AspNetCore.Mvc.ModelBinding.Validation.ValidationVisitor.Visit(ModelMetadata metadata, String key, Object model)
   at FluentValidation.AspNetCore.FluentValidationVisitor.<>n__1(ModelMetadata metadata, String key, Object model, Boolean alwaysValidateAtTopLevel, Object container)
   at FluentValidation.AspNetCore.FluentValidationVisitor.<>c__DisplayClass2_0.<Validate>g__BaseValidate|0() in /_/src/FluentValidation.AspNetCore/FluentValidationVisitor.cs:line 45
   at FluentValidation.AspNetCore.FluentValidationVisitor.ValidateInternal(ModelMetadata metadata, String key, Object model, Func`1 continuation) in /_/src/FluentValidation.AspNetCore/FluentValidationVisitor.cs:line 63
   at FluentValidation.AspNetCore.FluentValidationVisitor.Validate(ModelMetadata metadata, String key, Object model, Boolean alwaysValidateAtTopLevel, Object container) in /_/src/FluentValidation.AspNetCore/FluentValidationVisitor.cs:line 47
   at Microsoft.AspNetCore.Mvc.ModelBinding.ObjectModelValidator.Validate(ActionContext actionContext, ValidationStateDictionary validationState, String prefix, Object model, ModelMetadata metadata, Object container)
   at Microsoft.AspNetCore.Mvc.ModelBinding.ParameterBinder.EnforceBindRequiredAndValidate(ObjectModelValidator baseObjectValidator, ActionContext actionContext, ParameterDescriptor parameter, ModelMetadata metadata, ModelBindingContext modelBindingContext, ModelBindingResult modelBindingResult, Object container)
   at Microsoft.AspNetCore.Mvc.ModelBinding.ParameterBinder.BindModelAsync(ActionContext actionContext, IModelBinder modelBinder, IValueProvider valueProvider, ParameterDescriptor parameter, ModelMetadata metadata, Object value, Object container)
   at Microsoft.AspNetCore.Mvc.Controllers.ControllerBinderDelegateProvider.<>c__DisplayClass0_0.<<CreateBinderDelegate>g__Bind|0>d.MoveNext()
--- End of stack trace from previous location ---
   at Microsoft.AspNetCore.Mvc.Infrastructure.ControllerActionInvoker.<InvokeInnerFilterAsync>g__Awaited|13_0(ControllerActionInvoker invoker, Task lastTask, State next, Scope scope, Object state, Boolean isCompleted)
   at Microsoft.AspNetCore.Mvc.Infrastructure.ResourceInvoker.<InvokeFilterPipelineAsync>g__Awaited|20_0(ResourceInvoker invoker, Task lastTask, State next, Scope scope, Object state, Boolean isCompleted)
   at Microsoft.AspNetCore.Mvc.Infrastructure.ResourceInvoker.<InvokeAsync>g__Logged|17_1(ResourceInvoker invoker)
   at Microsoft.AspNetCore.Mvc.Infrastructure.ResourceInvoker.<InvokeAsync>g__Logged|17_1(ResourceInvoker invoker)
   at Microsoft.AspNetCore.Routing.EndpointMiddleware.<Invoke>g__AwaitRequestTask|7_0(Endpoint endpoint, Task requestTask, ILogger logger)
   at Microsoft.AspNetCore.Authorization.AuthorizationMiddleware.Invoke(HttpContext context)
   at BooksReviewApp.WebApi.Middlewares.ExceptionHandlingMiddleware.InvokeAsync(HttpContext context) in D:\Labs\BooksReviewApp\BooksReviewApp.WebApi\Middlewares\ExceptionHandlingMiddleware.cs:line 24
2024-07-26 12:55:01.691 +03:00 [INF] Request finished HTTP/1.1 POST https://localhost:7147/api/users?culture=de-DE - 404 null application/json 14045.6651ms
