2024-07-18 14:52:41.094 +03:00 [INF] Now listening on: https://localhost:7147
2024-07-18 14:52:41.235 +03:00 [INF] Now listening on: http://localhost:5046
2024-07-18 14:52:41.250 +03:00 [INF] Application started. Press Ctrl+C to shut down.
2024-07-18 14:52:41.254 +03:00 [INF] Hosting environment: Development
2024-07-18 14:52:41.260 +03:00 [INF] Content root path: D:\Labs\BooksReviewApp\BooksReviewApp.Host
2024-07-18 14:52:42.311 +03:00 [INF] Request starting HTTP/2 GET https://localhost:7147/swagger/index.html - null null
2024-07-18 14:52:43.481 +03:00 [INF] Request finished HTTP/2 GET https://localhost:7147/swagger/index.html - 200 null text/html;charset=utf-8 1181.7011ms
2024-07-18 14:52:43.505 +03:00 [INF] Request starting HTTP/2 GET https://localhost:7147/swagger/swagger-ui.css - null null
2024-07-18 14:52:43.495 +03:00 [INF] Request starting HTTP/2 GET https://localhost:7147/_framework/aspnetcore-browser-refresh.js - null null
2024-07-18 14:52:43.505 +03:00 [INF] Request starting HTTP/2 GET https://localhost:7147/swagger/swagger-ui-bundle.js - null null
2024-07-18 14:52:43.500 +03:00 [INF] Request starting HTTP/2 GET https://localhost:7147/swagger/swagger-ui-standalone-preset.js - null null
2024-07-18 14:52:43.546 +03:00 [INF] Request starting HTTP/2 GET https://localhost:7147/_vs/browserLink - null null
2024-07-18 14:52:43.715 +03:00 [INF] Request finished HTTP/2 GET https://localhost:7147/_framework/aspnetcore-browser-refresh.js - 200 13774 application/javascript; charset=utf-8 222.0429ms
2024-07-18 14:52:43.717 +03:00 [INF] The file /swagger-ui.css was not modified
2024-07-18 14:52:43.717 +03:00 [INF] The file /swagger-ui-bundle.js was not modified
2024-07-18 14:52:43.717 +03:00 [INF] The file /swagger-ui-standalone-preset.js was not modified
2024-07-18 14:52:43.734 +03:00 [INF] Request finished HTTP/2 GET https://localhost:7147/swagger/swagger-ui.css - 304 null text/css 234.3357ms
2024-07-18 14:52:43.736 +03:00 [INF] Request finished HTTP/2 GET https://localhost:7147/swagger/swagger-ui-bundle.js - 304 null text/javascript 235.1347ms
2024-07-18 14:52:43.738 +03:00 [INF] Request finished HTTP/2 GET https://localhost:7147/swagger/swagger-ui-standalone-preset.js - 304 null text/javascript 238.2442ms
2024-07-18 14:52:43.818 +03:00 [INF] Request finished HTTP/2 GET https://localhost:7147/_vs/browserLink - 200 null text/javascript; charset=UTF-8 272.4489ms
2024-07-18 14:52:44.385 +03:00 [INF] Request starting HTTP/2 GET https://localhost:7147/swagger/v1/swagger.json - null null
2024-07-18 14:52:44.415 +03:00 [INF] Request starting HTTP/2 GET https://localhost:7147/swagger/favicon-32x32.png - null null
2024-07-18 14:52:44.432 +03:00 [INF] Sending file. Request path: '/favicon-32x32.png'. Physical path: 'N/A'
2024-07-18 14:52:44.437 +03:00 [INF] Request finished HTTP/2 GET https://localhost:7147/swagger/favicon-32x32.png - 200 628 image/png 21.5314ms
2024-07-18 14:52:44.672 +03:00 [INF] Request finished HTTP/2 GET https://localhost:7147/swagger/v1/swagger.json - 200 null application/json;charset=utf-8 287.9511ms
2024-07-18 14:52:53.911 +03:00 [INF] Request starting HTTP/2 POST https://localhost:7147/api/users - application/json 50
2024-07-18 14:52:53.954 +03:00 [INF] Executing endpoint 'BooksReviewApp.WebApi.Controllers.UsersController.CreateUser (BooksReviewApp.WebApi)'
2024-07-18 14:52:54.109 +03:00 [INF] Route matched with {action = "CreateUser", controller = "Users"}. Executing controller action with signature System.Threading.Tasks.Task`1[Microsoft.AspNetCore.Mvc.IActionResult] CreateUser(BooksReviewApp.WebApi.Dtos.User.CreateUserDto) on controller BooksReviewApp.WebApi.Controllers.UsersController (BooksReviewApp.WebApi).
2024-07-18 14:53:15.578 +03:00 [INF] Executed action BooksReviewApp.WebApi.Controllers.UsersController.CreateUser (BooksReviewApp.WebApi) in 21435.9938ms
2024-07-18 14:53:15.595 +03:00 [INF] Executed endpoint 'BooksReviewApp.WebApi.Controllers.UsersController.CreateUser (BooksReviewApp.WebApi)'
2024-07-18 14:53:18.706 +03:00 [ERR] Validation error occurred. Message: Validation failed: 
 -- Email: Email is required. Severity: Error
 -- Password: Password must be at least 8 characters long. Severity: Error
 -- Password: Password must contain at least one lowercase letter, one uppercase letter, and one digit. Severity: Error, Errors: Email is required.; Password must be at least 8 characters long.; Password must contain at least one lowercase letter, one uppercase letter, and one digit., StackTrace:    at BooksReviewApp.WebApi.Validators.BaseValidator`1.Validate(ValidationContext`1 context) in D:\Labs\BooksReviewApp\BooksReviewApp.WebApi\Validators\BaseValidator.cs:line 14
   at FluentValidation.AbstractValidator`1.FluentValidation.IValidator.Validate(IValidationContext context) in /_/src/FluentValidation/AbstractValidator.cs:line 153
   at FluentValidation.AspNetCore.FluentValidationModelValidator.Validate(ModelValidationContext mvContext) in /_/src/FluentValidation.AspNetCore/FluentValidationModelValidatorProvider.cs:line 146
   at Microsoft.AspNetCore.Mvc.ModelBinding.Validation.ValidationVisitor.ValidateNode()
   at Microsoft.AspNetCore.Mvc.ModelBinding.Validation.ValidationVisitor.VisitComplexType(IValidationStrategy defaultStrategy)
   at Microsoft.AspNetCore.Mvc.ModelBinding.Validation.ValidationVisitor.VisitImplementation(ModelMetadata& metadata, String& key, Object model)
   at Microsoft.AspNetCore.Mvc.ModelBinding.Validation.ValidationVisitor.Visit(ModelMetadata metadata, String key, Object model)
   at FluentValidation.AspNetCore.FluentValidationVisitor.<>n__1(ModelMetadata metadata, String key, Object model, Boolean alwaysValidateAtTopLevel, Object container)
   at FluentValidation.AspNetCore.FluentValidationVisitor.<>c__DisplayClass2_0.<Validate>g__BaseValidate|0() in /_/src/FluentValidation.AspNetCore/FluentValidationVisitor.cs:line 45
   at FluentValidation.AspNetCore.FluentValidationVisitor.ValidateInternal(ModelMetadata metadata, String key, Object model, Func`1 continuation) in /_/src/FluentValidation.AspNetCore/FluentValidationVisitor.cs:line 63
   at FluentValidation.AspNetCore.FluentValidationVisitor.Validate(ModelMetadata metadata, String key, Object model, Boolean alwaysValidateAtTopLevel, Object container) in /_/src/FluentValidation.AspNetCore/FluentValidationVisitor.cs:line 47
   at Microsoft.AspNetCore.Mvc.ModelBinding.ObjectModelValidator.Validate(ActionContext actionContext, ValidationStateDictionary validationState, String prefix, Object model, ModelMetadata metadata, Object container)
   at Microsoft.AspNetCore.Mvc.ModelBinding.ParameterBinder.EnforceBindRequiredAndValidate(ObjectModelValidator baseObjectValidator, ActionContext actionContext, ParameterDescriptor parameter, ModelMetadata metadata, ModelBindingContext modelBindingContext, ModelBindingResult modelBindingResult, Object container)
   at Microsoft.AspNetCore.Mvc.ModelBinding.ParameterBinder.BindModelAsync(ActionContext actionContext, IModelBinder modelBinder, IValueProvider valueProvider, ParameterDescriptor parameter, ModelMetadata metadata, Object value, Object container)
   at Microsoft.AspNetCore.Mvc.Controllers.ControllerBinderDelegateProvider.<>c__DisplayClass0_0.<<CreateBinderDelegate>g__Bind|0>d.MoveNext()
--- End of stack trace from previous location ---
   at Microsoft.AspNetCore.Mvc.Infrastructure.ControllerActionInvoker.<InvokeInnerFilterAsync>g__Awaited|13_0(ControllerActionInvoker invoker, Task lastTask, State next, Scope scope, Object state, Boolean isCompleted)
   at Microsoft.AspNetCore.Mvc.Infrastructure.ResourceInvoker.<InvokeFilterPipelineAsync>g__Awaited|20_0(ResourceInvoker invoker, Task lastTask, State next, Scope scope, Object state, Boolean isCompleted)
   at Microsoft.AspNetCore.Mvc.Infrastructure.ResourceInvoker.<InvokeAsync>g__Logged|17_1(ResourceInvoker invoker)
   at Microsoft.AspNetCore.Mvc.Infrastructure.ResourceInvoker.<InvokeAsync>g__Logged|17_1(ResourceInvoker invoker)
   at Microsoft.AspNetCore.Routing.EndpointMiddleware.<Invoke>g__AwaitRequestTask|7_0(Endpoint endpoint, Task requestTask, ILogger logger)
   at Microsoft.AspNetCore.Authorization.AuthorizationMiddleware.Invoke(HttpContext context)
   at BooksReviewApp.WebApi.Middlewares.ExceptionHandlingMiddleware.InvokeAsync(HttpContext context) in D:\Labs\BooksReviewApp\BooksReviewApp.WebApi\Middlewares\ExceptionHandlingMiddleware.cs:line 24, InnerException: null
2024-07-18 14:53:18.859 +03:00 [INF] Request finished HTTP/2 POST https://localhost:7147/api/users - 404 null application/json 24948.5561ms
2024-07-18 15:11:54.719 +03:00 [INF] Now listening on: https://localhost:7147
2024-07-18 15:11:54.837 +03:00 [INF] Now listening on: http://localhost:5046
2024-07-18 15:11:54.848 +03:00 [INF] Application started. Press Ctrl+C to shut down.
2024-07-18 15:11:54.853 +03:00 [INF] Hosting environment: Development
2024-07-18 15:11:54.855 +03:00 [INF] Content root path: D:\Labs\BooksReviewApp\BooksReviewApp.Host
2024-07-18 15:11:55.352 +03:00 [INF] Request starting HTTP/2 GET https://localhost:7147/swagger/index.html - null null
2024-07-18 15:11:56.156 +03:00 [INF] Request finished HTTP/2 GET https://localhost:7147/swagger/index.html - 200 null text/html;charset=utf-8 815.592ms
2024-07-18 15:11:56.184 +03:00 [INF] Request starting HTTP/2 GET https://localhost:7147/swagger/swagger-ui.css - null null
2024-07-18 15:11:56.184 +03:00 [INF] Request starting HTTP/2 GET https://localhost:7147/swagger/swagger-ui-standalone-preset.js - null null
2024-07-18 15:11:56.184 +03:00 [INF] Request starting HTTP/2 GET https://localhost:7147/swagger/swagger-ui-bundle.js - null null
2024-07-18 15:11:56.184 +03:00 [INF] Request starting HTTP/2 GET https://localhost:7147/_framework/aspnetcore-browser-refresh.js - null null
2024-07-18 15:11:56.202 +03:00 [INF] The file /swagger-ui.css was not modified
2024-07-18 15:11:56.202 +03:00 [INF] The file /swagger-ui-standalone-preset.js was not modified
2024-07-18 15:11:56.203 +03:00 [INF] The file /swagger-ui-bundle.js was not modified
2024-07-18 15:11:56.213 +03:00 [INF] Request finished HTTP/2 GET https://localhost:7147/swagger/swagger-ui-standalone-preset.js - 304 null text/javascript 29.8794ms
2024-07-18 15:11:56.247 +03:00 [INF] Request starting HTTP/2 GET https://localhost:7147/_vs/browserLink - null null
2024-07-18 15:11:56.211 +03:00 [INF] Request finished HTTP/2 GET https://localhost:7147/swagger/swagger-ui.css - 304 null text/css 27.9608ms
2024-07-18 15:11:56.258 +03:00 [INF] Request finished HTTP/2 GET https://localhost:7147/_framework/aspnetcore-browser-refresh.js - 200 13774 application/javascript; charset=utf-8 74.8035ms
2024-07-18 15:11:56.260 +03:00 [INF] Request finished HTTP/2 GET https://localhost:7147/swagger/swagger-ui-bundle.js - 304 null text/javascript 77.0835ms
2024-07-18 15:11:56.506 +03:00 [INF] Request finished HTTP/2 GET https://localhost:7147/_vs/browserLink - 200 null text/javascript; charset=UTF-8 283.3111ms
2024-07-18 15:11:57.177 +03:00 [INF] Request starting HTTP/2 GET https://localhost:7147/swagger/v1/swagger.json - null null
2024-07-18 15:11:57.264 +03:00 [INF] Request starting HTTP/2 GET https://localhost:7147/swagger/favicon-32x32.png - null null
2024-07-18 15:11:57.281 +03:00 [INF] Sending file. Request path: '/favicon-32x32.png'. Physical path: 'N/A'
2024-07-18 15:11:57.287 +03:00 [INF] Request finished HTTP/2 GET https://localhost:7147/swagger/favicon-32x32.png - 200 628 image/png 23.1814ms
2024-07-18 15:11:57.498 +03:00 [INF] Request finished HTTP/2 GET https://localhost:7147/swagger/v1/swagger.json - 200 null application/json;charset=utf-8 321.0106ms
2024-07-18 15:12:06.779 +03:00 [INF] Request starting HTTP/2 POST https://localhost:7147/api/users - application/json 50
2024-07-18 15:12:06.803 +03:00 [INF] Executing endpoint 'BooksReviewApp.WebApi.Controllers.UsersController.CreateUser (BooksReviewApp.WebApi)'
2024-07-18 15:12:06.868 +03:00 [INF] Route matched with {action = "CreateUser", controller = "Users"}. Executing controller action with signature System.Threading.Tasks.Task`1[Microsoft.AspNetCore.Mvc.IActionResult] CreateUser(BooksReviewApp.WebApi.Dtos.User.CreateUserDto) on controller BooksReviewApp.WebApi.Controllers.UsersController (BooksReviewApp.WebApi).
2024-07-18 15:12:17.533 +03:00 [INF] Executed action BooksReviewApp.WebApi.Controllers.UsersController.CreateUser (BooksReviewApp.WebApi) in 10645.8962ms
2024-07-18 15:12:17.542 +03:00 [INF] Executed endpoint 'BooksReviewApp.WebApi.Controllers.UsersController.CreateUser (BooksReviewApp.WebApi)'
2024-07-18 15:12:19.191 +03:00 [ERR] Validation error occurred. Message: Validation failed: 
 -- Email: Email is required. Severity: Error
 -- Password: Password must be at least 8 characters long. Severity: Error
 -- Password: Password must contain at least one lowercase letter, one uppercase letter, and one digit. Severity: Error, Errors: Email is required.; Password must be at least 8 characters long.; Password must contain at least one lowercase letter, one uppercase letter, and one digit., StackTrace:    at BooksReviewApp.WebApi.Validators.BaseValidator`1.Validate(ValidationContext`1 context) in D:\Labs\BooksReviewApp\BooksReviewApp.WebApi\Validators\BaseValidator.cs:line 14
   at FluentValidation.AbstractValidator`1.FluentValidation.IValidator.Validate(IValidationContext context) in /_/src/FluentValidation/AbstractValidator.cs:line 153
   at FluentValidation.AspNetCore.FluentValidationModelValidator.Validate(ModelValidationContext mvContext) in /_/src/FluentValidation.AspNetCore/FluentValidationModelValidatorProvider.cs:line 146
   at Microsoft.AspNetCore.Mvc.ModelBinding.Validation.ValidationVisitor.ValidateNode()
   at Microsoft.AspNetCore.Mvc.ModelBinding.Validation.ValidationVisitor.VisitComplexType(IValidationStrategy defaultStrategy)
   at Microsoft.AspNetCore.Mvc.ModelBinding.Validation.ValidationVisitor.VisitImplementation(ModelMetadata& metadata, String& key, Object model)
   at Microsoft.AspNetCore.Mvc.ModelBinding.Validation.ValidationVisitor.Visit(ModelMetadata metadata, String key, Object model)
   at FluentValidation.AspNetCore.FluentValidationVisitor.<>n__1(ModelMetadata metadata, String key, Object model, Boolean alwaysValidateAtTopLevel, Object container)
   at FluentValidation.AspNetCore.FluentValidationVisitor.<>c__DisplayClass2_0.<Validate>g__BaseValidate|0() in /_/src/FluentValidation.AspNetCore/FluentValidationVisitor.cs:line 45
   at FluentValidation.AspNetCore.FluentValidationVisitor.ValidateInternal(ModelMetadata metadata, String key, Object model, Func`1 continuation) in /_/src/FluentValidation.AspNetCore/FluentValidationVisitor.cs:line 63
   at FluentValidation.AspNetCore.FluentValidationVisitor.Validate(ModelMetadata metadata, String key, Object model, Boolean alwaysValidateAtTopLevel, Object container) in /_/src/FluentValidation.AspNetCore/FluentValidationVisitor.cs:line 47
   at Microsoft.AspNetCore.Mvc.ModelBinding.ObjectModelValidator.Validate(ActionContext actionContext, ValidationStateDictionary validationState, String prefix, Object model, ModelMetadata metadata, Object container)
   at Microsoft.AspNetCore.Mvc.ModelBinding.ParameterBinder.EnforceBindRequiredAndValidate(ObjectModelValidator baseObjectValidator, ActionContext actionContext, ParameterDescriptor parameter, ModelMetadata metadata, ModelBindingContext modelBindingContext, ModelBindingResult modelBindingResult, Object container)
   at Microsoft.AspNetCore.Mvc.ModelBinding.ParameterBinder.BindModelAsync(ActionContext actionContext, IModelBinder modelBinder, IValueProvider valueProvider, ParameterDescriptor parameter, ModelMetadata metadata, Object value, Object container)
   at Microsoft.AspNetCore.Mvc.Controllers.ControllerBinderDelegateProvider.<>c__DisplayClass0_0.<<CreateBinderDelegate>g__Bind|0>d.MoveNext()
--- End of stack trace from previous location ---
   at Microsoft.AspNetCore.Mvc.Infrastructure.ControllerActionInvoker.<InvokeInnerFilterAsync>g__Awaited|13_0(ControllerActionInvoker invoker, Task lastTask, State next, Scope scope, Object state, Boolean isCompleted)
   at Microsoft.AspNetCore.Mvc.Infrastructure.ResourceInvoker.<InvokeFilterPipelineAsync>g__Awaited|20_0(ResourceInvoker invoker, Task lastTask, State next, Scope scope, Object state, Boolean isCompleted)
   at Microsoft.AspNetCore.Mvc.Infrastructure.ResourceInvoker.<InvokeAsync>g__Logged|17_1(ResourceInvoker invoker)
   at Microsoft.AspNetCore.Mvc.Infrastructure.ResourceInvoker.<InvokeAsync>g__Logged|17_1(ResourceInvoker invoker)
   at Microsoft.AspNetCore.Routing.EndpointMiddleware.<Invoke>g__AwaitRequestTask|7_0(Endpoint endpoint, Task requestTask, ILogger logger)
   at Microsoft.AspNetCore.Authorization.AuthorizationMiddleware.Invoke(HttpContext context)
   at BooksReviewApp.WebApi.Middlewares.ExceptionHandlingMiddleware.InvokeAsync(HttpContext context) in D:\Labs\BooksReviewApp\BooksReviewApp.WebApi\Middlewares\ExceptionHandlingMiddleware.cs:line 24, InnerException: null
FluentValidation.ValidationException: Validation failed: 
 -- Email: Email is required. Severity: Error
 -- Password: Password must be at least 8 characters long. Severity: Error
 -- Password: Password must contain at least one lowercase letter, one uppercase letter, and one digit. Severity: Error
   at BooksReviewApp.WebApi.Validators.BaseValidator`1.Validate(ValidationContext`1 context) in D:\Labs\BooksReviewApp\BooksReviewApp.WebApi\Validators\BaseValidator.cs:line 14
   at FluentValidation.AbstractValidator`1.FluentValidation.IValidator.Validate(IValidationContext context) in /_/src/FluentValidation/AbstractValidator.cs:line 153
   at FluentValidation.AspNetCore.FluentValidationModelValidator.Validate(ModelValidationContext mvContext) in /_/src/FluentValidation.AspNetCore/FluentValidationModelValidatorProvider.cs:line 146
   at Microsoft.AspNetCore.Mvc.ModelBinding.Validation.ValidationVisitor.ValidateNode()
   at Microsoft.AspNetCore.Mvc.ModelBinding.Validation.ValidationVisitor.VisitComplexType(IValidationStrategy defaultStrategy)
   at Microsoft.AspNetCore.Mvc.ModelBinding.Validation.ValidationVisitor.VisitImplementation(ModelMetadata& metadata, String& key, Object model)
   at Microsoft.AspNetCore.Mvc.ModelBinding.Validation.ValidationVisitor.Visit(ModelMetadata metadata, String key, Object model)
   at FluentValidation.AspNetCore.FluentValidationVisitor.<>n__1(ModelMetadata metadata, String key, Object model, Boolean alwaysValidateAtTopLevel, Object container)
   at FluentValidation.AspNetCore.FluentValidationVisitor.<>c__DisplayClass2_0.<Validate>g__BaseValidate|0() in /_/src/FluentValidation.AspNetCore/FluentValidationVisitor.cs:line 45
   at FluentValidation.AspNetCore.FluentValidationVisitor.ValidateInternal(ModelMetadata metadata, String key, Object model, Func`1 continuation) in /_/src/FluentValidation.AspNetCore/FluentValidationVisitor.cs:line 63
   at FluentValidation.AspNetCore.FluentValidationVisitor.Validate(ModelMetadata metadata, String key, Object model, Boolean alwaysValidateAtTopLevel, Object container) in /_/src/FluentValidation.AspNetCore/FluentValidationVisitor.cs:line 47
   at Microsoft.AspNetCore.Mvc.ModelBinding.ObjectModelValidator.Validate(ActionContext actionContext, ValidationStateDictionary validationState, String prefix, Object model, ModelMetadata metadata, Object container)
   at Microsoft.AspNetCore.Mvc.ModelBinding.ParameterBinder.EnforceBindRequiredAndValidate(ObjectModelValidator baseObjectValidator, ActionContext actionContext, ParameterDescriptor parameter, ModelMetadata metadata, ModelBindingContext modelBindingContext, ModelBindingResult modelBindingResult, Object container)
   at Microsoft.AspNetCore.Mvc.ModelBinding.ParameterBinder.BindModelAsync(ActionContext actionContext, IModelBinder modelBinder, IValueProvider valueProvider, ParameterDescriptor parameter, ModelMetadata metadata, Object value, Object container)
   at Microsoft.AspNetCore.Mvc.Controllers.ControllerBinderDelegateProvider.<>c__DisplayClass0_0.<<CreateBinderDelegate>g__Bind|0>d.MoveNext()
--- End of stack trace from previous location ---
   at Microsoft.AspNetCore.Mvc.Infrastructure.ControllerActionInvoker.<InvokeInnerFilterAsync>g__Awaited|13_0(ControllerActionInvoker invoker, Task lastTask, State next, Scope scope, Object state, Boolean isCompleted)
   at Microsoft.AspNetCore.Mvc.Infrastructure.ResourceInvoker.<InvokeFilterPipelineAsync>g__Awaited|20_0(ResourceInvoker invoker, Task lastTask, State next, Scope scope, Object state, Boolean isCompleted)
   at Microsoft.AspNetCore.Mvc.Infrastructure.ResourceInvoker.<InvokeAsync>g__Logged|17_1(ResourceInvoker invoker)
   at Microsoft.AspNetCore.Mvc.Infrastructure.ResourceInvoker.<InvokeAsync>g__Logged|17_1(ResourceInvoker invoker)
   at Microsoft.AspNetCore.Routing.EndpointMiddleware.<Invoke>g__AwaitRequestTask|7_0(Endpoint endpoint, Task requestTask, ILogger logger)
   at Microsoft.AspNetCore.Authorization.AuthorizationMiddleware.Invoke(HttpContext context)
   at BooksReviewApp.WebApi.Middlewares.ExceptionHandlingMiddleware.InvokeAsync(HttpContext context) in D:\Labs\BooksReviewApp\BooksReviewApp.WebApi\Middlewares\ExceptionHandlingMiddleware.cs:line 24
2024-07-18 15:12:19.340 +03:00 [INF] Request finished HTTP/2 POST https://localhost:7147/api/users - 404 null application/json 12562.2013ms
2024-07-18 23:28:52.095 +03:00 [INF] Now listening on: https://localhost:7147
2024-07-18 23:28:52.159 +03:00 [INF] Now listening on: http://localhost:5046
2024-07-18 23:28:52.182 +03:00 [INF] Application started. Press Ctrl+C to shut down.
2024-07-18 23:28:52.185 +03:00 [INF] Hosting environment: Development
2024-07-18 23:28:52.187 +03:00 [INF] Content root path: D:\Labs\BooksReviewApp\BooksReviewApp.Host
2024-07-18 23:28:52.906 +03:00 [INF] Request starting HTTP/2 GET https://localhost:7147/swagger/index.html - null null
2024-07-18 23:28:53.380 +03:00 [INF] Request finished HTTP/2 GET https://localhost:7147/swagger/index.html - 200 null text/html;charset=utf-8 481.3354ms
2024-07-18 23:28:53.391 +03:00 [INF] Request starting HTTP/2 GET https://localhost:7147/_framework/aspnetcore-browser-refresh.js - null null
2024-07-18 23:28:53.408 +03:00 [INF] Request finished HTTP/2 GET https://localhost:7147/_framework/aspnetcore-browser-refresh.js - 200 13774 application/javascript; charset=utf-8 17.2484ms
2024-07-18 23:28:53.445 +03:00 [INF] Request starting HTTP/2 GET https://localhost:7147/_vs/browserLink - null null
2024-07-18 23:28:53.581 +03:00 [INF] Request finished HTTP/2 GET https://localhost:7147/_vs/browserLink - 200 null text/javascript; charset=UTF-8 140.4521ms
2024-07-18 23:28:54.061 +03:00 [INF] Request starting HTTP/2 GET https://localhost:7147/swagger/v1/swagger.json - null null
2024-07-18 23:28:54.220 +03:00 [INF] Request finished HTTP/2 GET https://localhost:7147/swagger/v1/swagger.json - 200 null application/json;charset=utf-8 159.1251ms
2024-07-18 23:29:02.403 +03:00 [INF] Request starting HTTP/2 POST https://localhost:7147/api/users - application/json 50
2024-07-18 23:29:02.418 +03:00 [INF] Executing endpoint 'BooksReviewApp.WebApi.Controllers.UsersController.CreateUser (BooksReviewApp.WebApi)'
2024-07-18 23:29:02.445 +03:00 [INF] Route matched with {action = "CreateUser", controller = "Users"}. Executing controller action with signature System.Threading.Tasks.Task`1[Microsoft.AspNetCore.Mvc.IActionResult] CreateUser(BooksReviewApp.WebApi.Dtos.User.CreateUserDto) on controller BooksReviewApp.WebApi.Controllers.UsersController (BooksReviewApp.WebApi).
2024-07-18 23:36:25.645 +03:00 [INF] Now listening on: https://localhost:7147
2024-07-18 23:36:25.696 +03:00 [INF] Now listening on: http://localhost:5046
2024-07-18 23:36:25.701 +03:00 [INF] Application started. Press Ctrl+C to shut down.
2024-07-18 23:36:25.703 +03:00 [INF] Hosting environment: Development
2024-07-18 23:36:25.704 +03:00 [INF] Content root path: D:\Labs\BooksReviewApp\BooksReviewApp.Host
2024-07-18 23:36:28.054 +03:00 [INF] Request starting HTTP/2 GET https://localhost:7147/swagger/index.html - null null
2024-07-18 23:36:28.849 +03:00 [INF] Request finished HTTP/2 GET https://localhost:7147/swagger/index.html - 200 null text/html;charset=utf-8 806.2004ms
2024-07-18 23:36:28.931 +03:00 [INF] Request starting HTTP/2 GET https://localhost:7147/_framework/aspnetcore-browser-refresh.js - null null
2024-07-18 23:36:28.931 +03:00 [INF] Request starting HTTP/2 GET https://localhost:7147/_vs/browserLink - null null
2024-07-18 23:36:28.962 +03:00 [INF] Request finished HTTP/2 GET https://localhost:7147/_framework/aspnetcore-browser-refresh.js - 200 13774 application/javascript; charset=utf-8 30.6798ms
2024-07-18 23:36:29.099 +03:00 [INF] Request finished HTTP/2 GET https://localhost:7147/_vs/browserLink - 200 null text/javascript; charset=UTF-8 168.5209ms
2024-07-18 23:36:29.412 +03:00 [INF] Request starting HTTP/2 GET https://localhost:7147/swagger/v1/swagger.json - null null
2024-07-18 23:36:29.652 +03:00 [INF] Request finished HTTP/2 GET https://localhost:7147/swagger/v1/swagger.json - 200 null application/json;charset=utf-8 240.681ms
2024-07-18 23:36:39.126 +03:00 [INF] Request starting HTTP/2 POST https://localhost:7147/api/users - application/json 50
2024-07-18 23:36:39.137 +03:00 [INF] Executing endpoint 'BooksReviewApp.WebApi.Controllers.UsersController.CreateUser (BooksReviewApp.WebApi)'
2024-07-18 23:36:39.161 +03:00 [INF] Route matched with {action = "CreateUser", controller = "Users"}. Executing controller action with signature System.Threading.Tasks.Task`1[Microsoft.AspNetCore.Mvc.IActionResult] CreateUser(BooksReviewApp.WebApi.Dtos.User.CreateUserDto) on controller BooksReviewApp.WebApi.Controllers.UsersController (BooksReviewApp.WebApi).
2024-07-18 23:41:10.638 +03:00 [INF] Now listening on: https://localhost:7147
2024-07-18 23:41:10.682 +03:00 [INF] Now listening on: http://localhost:5046
2024-07-18 23:41:10.686 +03:00 [INF] Application started. Press Ctrl+C to shut down.
2024-07-18 23:41:10.688 +03:00 [INF] Hosting environment: Development
2024-07-18 23:41:10.689 +03:00 [INF] Content root path: D:\Labs\BooksReviewApp\BooksReviewApp.Host
2024-07-18 23:41:19.215 +03:00 [INF] Request starting HTTP/2 GET https://localhost:7147/swagger/index.html - null null
2024-07-18 23:41:20.363 +03:00 [INF] Request finished HTTP/2 GET https://localhost:7147/swagger/index.html - 200 null text/html;charset=utf-8 1157.2717ms
2024-07-18 23:41:20.449 +03:00 [INF] Request starting HTTP/2 GET https://localhost:7147/_framework/aspnetcore-browser-refresh.js - null null
2024-07-18 23:41:20.449 +03:00 [INF] Request starting HTTP/2 GET https://localhost:7147/_vs/browserLink - null null
2024-07-18 23:41:20.516 +03:00 [INF] Request finished HTTP/2 GET https://localhost:7147/_framework/aspnetcore-browser-refresh.js - 200 13774 application/javascript; charset=utf-8 66.7225ms
2024-07-18 23:41:20.656 +03:00 [INF] Request finished HTTP/2 GET https://localhost:7147/_vs/browserLink - 200 null text/javascript; charset=UTF-8 206.6839ms
2024-07-18 23:41:21.073 +03:00 [INF] Request starting HTTP/2 GET https://localhost:7147/swagger/v1/swagger.json - null null
2024-07-18 23:41:21.534 +03:00 [INF] Request finished HTTP/2 GET https://localhost:7147/swagger/v1/swagger.json - 200 null application/json;charset=utf-8 460.556ms
2024-07-18 23:42:19.284 +03:00 [INF] Request starting HTTP/2 POST https://localhost:7147/api/users - application/json 50
2024-07-18 23:42:19.303 +03:00 [INF] Executing endpoint 'BooksReviewApp.WebApi.Controllers.UsersController.CreateUser (BooksReviewApp.WebApi)'
2024-07-18 23:42:19.329 +03:00 [INF] Route matched with {action = "CreateUser", controller = "Users"}. Executing controller action with signature System.Threading.Tasks.Task`1[Microsoft.AspNetCore.Mvc.IActionResult] CreateUser(BooksReviewApp.WebApi.Dtos.User.CreateUserDto) on controller BooksReviewApp.WebApi.Controllers.UsersController (BooksReviewApp.WebApi).
2024-07-18 23:44:56.271 +03:00 [INF] Now listening on: https://localhost:7147
2024-07-18 23:44:56.403 +03:00 [INF] Now listening on: http://localhost:5046
2024-07-18 23:44:56.428 +03:00 [INF] Application started. Press Ctrl+C to shut down.
2024-07-18 23:44:56.443 +03:00 [INF] Hosting environment: Development
2024-07-18 23:44:56.464 +03:00 [INF] Content root path: D:\Labs\BooksReviewApp\BooksReviewApp.Host
2024-07-18 23:45:03.270 +03:00 [INF] Request starting HTTP/2 GET https://localhost:7147/swagger/index.html - null null
2024-07-18 23:45:04.241 +03:00 [INF] Request finished HTTP/2 GET https://localhost:7147/swagger/index.html - 200 null text/html;charset=utf-8 996.9483ms
2024-07-18 23:45:04.287 +03:00 [INF] Request starting HTTP/2 GET https://localhost:7147/_framework/aspnetcore-browser-refresh.js - null null
2024-07-18 23:45:04.287 +03:00 [INF] Request starting HTTP/2 GET https://localhost:7147/_vs/browserLink - null null
2024-07-18 23:45:04.452 +03:00 [INF] Request finished HTTP/2 GET https://localhost:7147/_framework/aspnetcore-browser-refresh.js - 200 13774 application/javascript; charset=utf-8 164.764ms
2024-07-18 23:45:04.617 +03:00 [INF] Request finished HTTP/2 GET https://localhost:7147/_vs/browserLink - 200 null text/javascript; charset=UTF-8 330.3277ms
2024-07-18 23:45:04.941 +03:00 [INF] Request starting HTTP/2 GET https://localhost:7147/swagger/v1/swagger.json - null null
2024-07-18 23:45:05.200 +03:00 [INF] Request finished HTTP/2 GET https://localhost:7147/swagger/v1/swagger.json - 200 null application/json;charset=utf-8 259.9971ms
2024-07-18 23:45:13.436 +03:00 [INF] Request starting HTTP/2 POST https://localhost:7147/api/users - application/json 50
2024-07-18 23:45:13.448 +03:00 [INF] Executing endpoint 'BooksReviewApp.WebApi.Controllers.UsersController.CreateUser (BooksReviewApp.WebApi)'
2024-07-18 23:45:13.469 +03:00 [INF] Route matched with {action = "CreateUser", controller = "Users"}. Executing controller action with signature System.Threading.Tasks.Task`1[Microsoft.AspNetCore.Mvc.IActionResult] CreateUser(BooksReviewApp.WebApi.Dtos.User.CreateUserDto) on controller BooksReviewApp.WebApi.Controllers.UsersController (BooksReviewApp.WebApi).
2024-07-18 23:45:57.064 +03:00 [INF] Now listening on: https://localhost:7147
2024-07-18 23:45:57.135 +03:00 [INF] Now listening on: http://localhost:5046
2024-07-18 23:45:57.138 +03:00 [INF] Application started. Press Ctrl+C to shut down.
2024-07-18 23:45:57.140 +03:00 [INF] Hosting environment: Development
2024-07-18 23:45:57.142 +03:00 [INF] Content root path: D:\Labs\BooksReviewApp\BooksReviewApp.Host
2024-07-18 23:46:03.761 +03:00 [INF] Request starting HTTP/2 GET https://localhost:7147/swagger/index.html - null null
2024-07-18 23:46:04.533 +03:00 [INF] Request finished HTTP/2 GET https://localhost:7147/swagger/index.html - 200 null text/html;charset=utf-8 777.3625ms
2024-07-18 23:46:04.588 +03:00 [INF] Request starting HTTP/2 GET https://localhost:7147/_framework/aspnetcore-browser-refresh.js - null null
2024-07-18 23:46:04.596 +03:00 [INF] Request starting HTTP/2 GET https://localhost:7147/_vs/browserLink - null null
2024-07-18 23:46:04.631 +03:00 [INF] Request finished HTTP/2 GET https://localhost:7147/_framework/aspnetcore-browser-refresh.js - 200 13774 application/javascript; charset=utf-8 43.8866ms
2024-07-18 23:46:04.780 +03:00 [INF] Request finished HTTP/2 GET https://localhost:7147/_vs/browserLink - 200 null text/javascript; charset=UTF-8 184.3901ms
2024-07-18 23:46:05.140 +03:00 [INF] Request starting HTTP/2 GET https://localhost:7147/swagger/v1/swagger.json - null null
2024-07-18 23:46:05.386 +03:00 [INF] Request finished HTTP/2 GET https://localhost:7147/swagger/v1/swagger.json - 200 null application/json;charset=utf-8 246.6491ms
2024-07-18 23:46:12.290 +03:00 [INF] Request starting HTTP/2 POST https://localhost:7147/api/users - application/json 50
2024-07-18 23:46:12.302 +03:00 [INF] Executing endpoint 'BooksReviewApp.WebApi.Controllers.UsersController.CreateUser (BooksReviewApp.WebApi)'
2024-07-18 23:46:12.324 +03:00 [INF] Route matched with {action = "CreateUser", controller = "Users"}. Executing controller action with signature System.Threading.Tasks.Task`1[Microsoft.AspNetCore.Mvc.IActionResult] CreateUser(BooksReviewApp.WebApi.Dtos.User.CreateUserDto) on controller BooksReviewApp.WebApi.Controllers.UsersController (BooksReviewApp.WebApi).
2024-07-18 23:50:46.950 +03:00 [INF] Now listening on: https://localhost:7147
2024-07-18 23:50:47.005 +03:00 [INF] Now listening on: http://localhost:5046
2024-07-18 23:50:47.009 +03:00 [INF] Application started. Press Ctrl+C to shut down.
2024-07-18 23:50:47.011 +03:00 [INF] Hosting environment: Development
2024-07-18 23:50:47.012 +03:00 [INF] Content root path: D:\Labs\BooksReviewApp\BooksReviewApp.Host
2024-07-18 23:50:53.471 +03:00 [INF] Request starting HTTP/2 GET https://localhost:7147/swagger/index.html - null null
2024-07-18 23:50:54.046 +03:00 [INF] Request finished HTTP/2 GET https://localhost:7147/swagger/index.html - 200 null text/html;charset=utf-8 597.286ms
2024-07-18 23:50:54.056 +03:00 [INF] Request starting HTTP/2 GET https://localhost:7147/_framework/aspnetcore-browser-refresh.js - null null
2024-07-18 23:50:54.079 +03:00 [INF] Request starting HTTP/2 GET https://localhost:7147/_vs/browserLink - null null
2024-07-18 23:50:54.099 +03:00 [INF] Request finished HTTP/2 GET https://localhost:7147/_framework/aspnetcore-browser-refresh.js - 200 13774 application/javascript; charset=utf-8 42.9778ms
2024-07-18 23:50:54.198 +03:00 [INF] Request finished HTTP/2 GET https://localhost:7147/_vs/browserLink - 200 null text/javascript; charset=UTF-8 119.5942ms
2024-07-18 23:50:54.432 +03:00 [INF] Request starting HTTP/2 GET https://localhost:7147/swagger/v1/swagger.json - null null
2024-07-18 23:50:54.644 +03:00 [INF] Request finished HTTP/2 GET https://localhost:7147/swagger/v1/swagger.json - 200 null application/json;charset=utf-8 212.3771ms
2024-07-18 23:51:04.204 +03:00 [INF] Request starting HTTP/2 POST https://localhost:7147/api/users - application/json 50
2024-07-18 23:51:04.217 +03:00 [INF] Executing endpoint 'BooksReviewApp.WebApi.Controllers.UsersController.CreateUser (BooksReviewApp.WebApi)'
2024-07-18 23:51:04.242 +03:00 [INF] Route matched with {action = "CreateUser", controller = "Users"}. Executing controller action with signature System.Threading.Tasks.Task`1[Microsoft.AspNetCore.Mvc.IActionResult] CreateUser(BooksReviewApp.WebApi.Dtos.User.CreateUserDto) on controller BooksReviewApp.WebApi.Controllers.UsersController (BooksReviewApp.WebApi).
