2024-07-04 10:11:38.340 +03:00 [FTL] Application startup exception
System.InvalidOperationException: Cannot resolve scoped service 'System.Collections.Generic.IEnumerable`1[BooksReviewApp.WebApi.Interfaces.IExceptionHandler]' from root provider.
   at Microsoft.Extensions.DependencyInjection.ServiceLookup.CallSiteValidator.ValidateResolution(ServiceCallSite callSite, IServiceScope scope, IServiceScope rootScope)
   at Microsoft.Extensions.DependencyInjection.ServiceProvider.GetService(ServiceIdentifier serviceIdentifier, ServiceProviderEngineScope serviceProviderEngineScope)
   at Microsoft.Extensions.DependencyInjection.ServiceProvider.GetService(Type serviceType)
   at Microsoft.Extensions.Internal.ActivatorUtilities.ConstructorMatcher.CreateInstance(IServiceProvider provider)
   at Microsoft.Extensions.Internal.ActivatorUtilities.CreateInstance(IServiceProvider provider, Type instanceType, Object[] parameters)
   at Microsoft.AspNetCore.Builder.UseMiddlewareExtensions.ReflectionMiddlewareBinder.CreateMiddleware(RequestDelegate next)
   at Microsoft.AspNetCore.Builder.ApplicationBuilder.Build()
   at Microsoft.AspNetCore.Builder.ApplicationBuilder.Build()
   at Microsoft.AspNetCore.Hosting.GenericWebHostService.StartAsync(CancellationToken cancellationToken)
2024-07-04 10:11:38.495 +03:00 [ERR] Hosting failed to start
System.InvalidOperationException: Cannot resolve scoped service 'System.Collections.Generic.IEnumerable`1[BooksReviewApp.WebApi.Interfaces.IExceptionHandler]' from root provider.
   at Microsoft.Extensions.DependencyInjection.ServiceLookup.CallSiteValidator.ValidateResolution(ServiceCallSite callSite, IServiceScope scope, IServiceScope rootScope)
   at Microsoft.Extensions.DependencyInjection.ServiceProvider.GetService(ServiceIdentifier serviceIdentifier, ServiceProviderEngineScope serviceProviderEngineScope)
   at Microsoft.Extensions.DependencyInjection.ServiceProvider.GetService(Type serviceType)
   at Microsoft.Extensions.Internal.ActivatorUtilities.ConstructorMatcher.CreateInstance(IServiceProvider provider)
   at Microsoft.Extensions.Internal.ActivatorUtilities.CreateInstance(IServiceProvider provider, Type instanceType, Object[] parameters)
   at Microsoft.AspNetCore.Builder.UseMiddlewareExtensions.ReflectionMiddlewareBinder.CreateMiddleware(RequestDelegate next)
   at Microsoft.AspNetCore.Builder.ApplicationBuilder.Build()
   at Microsoft.AspNetCore.Builder.ApplicationBuilder.Build()
   at Microsoft.AspNetCore.Hosting.GenericWebHostService.StartAsync(CancellationToken cancellationToken)
   at Microsoft.Extensions.Hosting.Internal.Host.<StartAsync>b__15_1(IHostedService service, CancellationToken token)
   at Microsoft.Extensions.Hosting.Internal.Host.ForeachService[T](IEnumerable`1 services, CancellationToken token, Boolean concurrent, Boolean abortOnFirstException, List`1 exceptions, Func`3 operation)
2024-07-04 10:12:30.111 +03:00 [FTL] Application startup exception
System.InvalidOperationException: Cannot resolve scoped service 'System.Collections.Generic.IEnumerable`1[BooksReviewApp.WebApi.Interfaces.IExceptionHandler]' from root provider.
   at Microsoft.Extensions.DependencyInjection.ServiceLookup.CallSiteValidator.ValidateResolution(ServiceCallSite callSite, IServiceScope scope, IServiceScope rootScope)
   at Microsoft.Extensions.DependencyInjection.ServiceProvider.GetService(ServiceIdentifier serviceIdentifier, ServiceProviderEngineScope serviceProviderEngineScope)
   at Microsoft.Extensions.DependencyInjection.ServiceProvider.GetService(Type serviceType)
   at Microsoft.Extensions.Internal.ActivatorUtilities.ConstructorMatcher.CreateInstance(IServiceProvider provider)
   at Microsoft.Extensions.Internal.ActivatorUtilities.CreateInstance(IServiceProvider provider, Type instanceType, Object[] parameters)
   at Microsoft.AspNetCore.Builder.UseMiddlewareExtensions.ReflectionMiddlewareBinder.CreateMiddleware(RequestDelegate next)
   at Microsoft.AspNetCore.Builder.ApplicationBuilder.Build()
   at Microsoft.AspNetCore.Builder.ApplicationBuilder.Build()
   at Microsoft.AspNetCore.Hosting.GenericWebHostService.StartAsync(CancellationToken cancellationToken)
2024-07-04 10:12:30.259 +03:00 [ERR] Hosting failed to start
System.InvalidOperationException: Cannot resolve scoped service 'System.Collections.Generic.IEnumerable`1[BooksReviewApp.WebApi.Interfaces.IExceptionHandler]' from root provider.
   at Microsoft.Extensions.DependencyInjection.ServiceLookup.CallSiteValidator.ValidateResolution(ServiceCallSite callSite, IServiceScope scope, IServiceScope rootScope)
   at Microsoft.Extensions.DependencyInjection.ServiceProvider.GetService(ServiceIdentifier serviceIdentifier, ServiceProviderEngineScope serviceProviderEngineScope)
   at Microsoft.Extensions.DependencyInjection.ServiceProvider.GetService(Type serviceType)
   at Microsoft.Extensions.Internal.ActivatorUtilities.ConstructorMatcher.CreateInstance(IServiceProvider provider)
   at Microsoft.Extensions.Internal.ActivatorUtilities.CreateInstance(IServiceProvider provider, Type instanceType, Object[] parameters)
   at Microsoft.AspNetCore.Builder.UseMiddlewareExtensions.ReflectionMiddlewareBinder.CreateMiddleware(RequestDelegate next)
   at Microsoft.AspNetCore.Builder.ApplicationBuilder.Build()
   at Microsoft.AspNetCore.Builder.ApplicationBuilder.Build()
   at Microsoft.AspNetCore.Hosting.GenericWebHostService.StartAsync(CancellationToken cancellationToken)
   at Microsoft.Extensions.Hosting.Internal.Host.<StartAsync>b__15_1(IHostedService service, CancellationToken token)
   at Microsoft.Extensions.Hosting.Internal.Host.ForeachService[T](IEnumerable`1 services, CancellationToken token, Boolean concurrent, Boolean abortOnFirstException, List`1 exceptions, Func`3 operation)
2024-07-04 10:22:30.909 +03:00 [INF] Now listening on: https://localhost:7147
2024-07-04 10:22:31.048 +03:00 [INF] Now listening on: http://localhost:5046
2024-07-04 10:22:31.059 +03:00 [INF] Application started. Press Ctrl+C to shut down.
2024-07-04 10:22:31.065 +03:00 [INF] Hosting environment: Development
2024-07-04 10:22:31.070 +03:00 [INF] Content root path: D:\Labs\BooksReviewApp\BooksReviewApp.Host
2024-07-04 10:22:33.673 +03:00 [INF] Request starting HTTP/2 GET https://localhost:7147/swagger/index.html - null null
2024-07-04 10:22:34.907 +03:00 [INF] Request starting HTTP/2 GET https://localhost:7147/swagger/swagger-ui-standalone-preset.js - null null
2024-07-04 10:22:34.907 +03:00 [INF] Request starting HTTP/2 GET https://localhost:7147/swagger/swagger-ui.css - null null
2024-07-04 10:22:34.908 +03:00 [INF] Request starting HTTP/2 GET https://localhost:7147/swagger/swagger-ui-bundle.js - null null
2024-07-04 10:22:34.929 +03:00 [INF] Request finished HTTP/2 GET https://localhost:7147/swagger/index.html - 200 null text/html;charset=utf-8 1269.0993ms
2024-07-04 10:22:34.959 +03:00 [INF] The file /swagger-ui.css was not modified
2024-07-04 10:22:34.958 +03:00 [INF] The file /swagger-ui-standalone-preset.js was not modified
2024-07-04 10:22:34.969 +03:00 [INF] Request starting HTTP/2 GET https://localhost:7147/_framework/aspnetcore-browser-refresh.js - null null
2024-07-04 10:22:34.969 +03:00 [INF] Request starting HTTP/2 GET https://localhost:7147/_vs/browserLink - null null
2024-07-04 10:22:34.974 +03:00 [INF] The file /swagger-ui-bundle.js was not modified
2024-07-04 10:22:34.989 +03:00 [INF] Request finished HTTP/2 GET https://localhost:7147/swagger/swagger-ui.css - 304 null text/css 82.6494ms
2024-07-04 10:22:35.031 +03:00 [INF] Request finished HTTP/2 GET https://localhost:7147/_framework/aspnetcore-browser-refresh.js - 200 13774 application/javascript; charset=utf-8 63.1483ms
2024-07-04 10:22:34.990 +03:00 [INF] Request finished HTTP/2 GET https://localhost:7147/swagger/swagger-ui-standalone-preset.js - 304 null text/javascript 83.36ms
2024-07-04 10:22:35.021 +03:00 [INF] Request finished HTTP/2 GET https://localhost:7147/swagger/swagger-ui-bundle.js - 304 null text/javascript 112.7566ms
2024-07-04 10:22:35.192 +03:00 [INF] Request finished HTTP/2 GET https://localhost:7147/_vs/browserLink - 200 null text/javascript; charset=UTF-8 223.4211ms
2024-07-04 10:22:35.914 +03:00 [INF] Request starting HTTP/2 GET https://localhost:7147/swagger/v1/swagger.json - null null
2024-07-04 10:22:36.190 +03:00 [INF] Request finished HTTP/2 GET https://localhost:7147/swagger/v1/swagger.json - 200 null application/json;charset=utf-8 276.5188ms
2024-07-04 10:22:55.234 +03:00 [INF] Request starting HTTP/2 GET https://localhost:7147/api/users - null null
2024-07-04 10:23:01.258 +03:00 [INF] Executing endpoint 'BooksReviewApp.WebApi.Controllers.UsersController.GetAllUsers (BooksReviewApp.WebApi)'
2024-07-04 10:23:01.305 +03:00 [INF] Route matched with {action = "GetAllUsers", controller = "Users"}. Executing controller action with signature System.Threading.Tasks.Task`1[Microsoft.AspNetCore.Mvc.IActionResult] GetAllUsers() on controller BooksReviewApp.WebApi.Controllers.UsersController (BooksReviewApp.WebApi).
2024-07-04 10:23:09.464 +03:00 [INF] Executing action method BooksReviewApp.WebApi.Controllers.UsersController.GetAllUsers (BooksReviewApp.WebApi) - Validation state: "Valid"
2024-07-04 10:23:11.521 +03:00 [INF] Executed DbCommand (157ms) [Parameters=[], CommandType='"Text"', CommandTimeout='30']
SELECT u."Id", u."Email", u."Password", u."Username"
FROM dbo."Users" AS u
2024-07-04 10:23:12.771 +03:00 [INF] Executed action method BooksReviewApp.WebApi.Controllers.UsersController.GetAllUsers (BooksReviewApp.WebApi), returned result Microsoft.AspNetCore.Mvc.BadRequestObjectResult in 3283.7771ms.
2024-07-04 10:23:12.815 +03:00 [INF] Executing BadRequestObjectResult, writing value of type '<>f__AnonymousType1`2[[System.String, System.Private.CoreLib, Version=8.0.0.0, Culture=neutral, PublicKeyToken=7cec85d7bea7798e],[System.Collections.Generic.IEnumerable`1[[<>f__AnonymousType0`2[[System.Guid, System.Private.CoreLib, Version=8.0.0.0, Culture=neutral, PublicKeyToken=7cec85d7bea7798e],[System.Collections.Generic.List`1[[System.String, System.Private.CoreLib, Version=8.0.0.0, Culture=neutral, PublicKeyToken=7cec85d7bea7798e]], System.Private.CoreLib, Version=8.0.0.0, Culture=neutral, PublicKeyToken=7cec85d7bea7798e]], BooksReviewApp.WebApi, Version=1.0.0.0, Culture=neutral, PublicKeyToken=null]], System.Private.CoreLib, Version=8.0.0.0, Culture=neutral, PublicKeyToken=7cec85d7bea7798e]]'.
2024-07-04 10:23:12.964 +03:00 [INF] Executed action BooksReviewApp.WebApi.Controllers.UsersController.GetAllUsers (BooksReviewApp.WebApi) in 11633.2258ms
2024-07-04 10:23:12.984 +03:00 [INF] Executed endpoint 'BooksReviewApp.WebApi.Controllers.UsersController.GetAllUsers (BooksReviewApp.WebApi)'
2024-07-04 10:23:19.522 +03:00 [INF] Request finished HTTP/2 GET https://localhost:7147/api/users - 400 null application/json; charset=utf-8 24288.3138ms
2024-07-04 10:24:23.259 +03:00 [INF] Request starting HTTP/2 GET https://localhost:7147/api/users/3a557d15-8f8f-47b2-92a2-10e145cff75d - null null
2024-07-04 10:24:25.691 +03:00 [INF] Executing endpoint 'BooksReviewApp.WebApi.Controllers.UsersController.GetUserById (BooksReviewApp.WebApi)'
2024-07-04 10:24:25.756 +03:00 [INF] Route matched with {action = "GetUserById", controller = "Users"}. Executing controller action with signature System.Threading.Tasks.Task`1[Microsoft.AspNetCore.Mvc.IActionResult] GetUserById(System.Guid) on controller BooksReviewApp.WebApi.Controllers.UsersController (BooksReviewApp.WebApi).
2024-07-04 10:24:26.140 +03:00 [INF] Executing action method BooksReviewApp.WebApi.Controllers.UsersController.GetUserById (BooksReviewApp.WebApi) - Validation state: "Valid"
2024-07-04 10:24:26.522 +03:00 [INF] Executed DbCommand (73ms) [Parameters=[@__id_0='?' (DbType = Guid)], CommandType='"Text"', CommandTimeout='30']
SELECT u."Id", u."Email", u."Password", u."Username"
FROM dbo."Users" AS u
WHERE u."Id" = @__id_0
LIMIT 1
2024-07-04 10:24:42.661 +03:00 [INF] Executed action BooksReviewApp.WebApi.Controllers.UsersController.GetUserById (BooksReviewApp.WebApi) in 16876.647ms
2024-07-04 10:24:42.675 +03:00 [INF] Executed endpoint 'BooksReviewApp.WebApi.Controllers.UsersController.GetUserById (BooksReviewApp.WebApi)'
2024-07-04 10:25:26.225 +03:00 [ERR] Validation error occurred. Message: Validation failed: 
 -- Password: The length of 'Password' must be at least 10 characters. You entered 7 characters. Severity: Error, Errors: The length of 'Password' must be at least 10 characters. You entered 7 characters., StackTrace:    at BooksReviewApp.WebApi.Controllers.UsersController.ValidateAsync[T](T model, IValidator`1 validator) in D:\Labs\BooksReviewApp\BooksReviewApp.WebApi\Controllers\UsersController.cs:line 144
   at BooksReviewApp.WebApi.Controllers.UsersController.GetUserById(Guid id) in D:\Labs\BooksReviewApp\BooksReviewApp.WebApi\Controllers\UsersController.cs:line 63
   at Microsoft.AspNetCore.Mvc.Infrastructure.ActionMethodExecutor.TaskOfIActionResultExecutor.Execute(ActionContext actionContext, IActionResultTypeMapper mapper, ObjectMethodExecutor executor, Object controller, Object[] arguments)
   at Microsoft.AspNetCore.Mvc.Infrastructure.ControllerActionInvoker.<InvokeActionMethodAsync>g__Logged|12_1(ControllerActionInvoker invoker)
   at Microsoft.AspNetCore.Mvc.Infrastructure.ControllerActionInvoker.<InvokeNextActionFilterAsync>g__Awaited|10_0(ControllerActionInvoker invoker, Task lastTask, State next, Scope scope, Object state, Boolean isCompleted)
   at Microsoft.AspNetCore.Mvc.Infrastructure.ControllerActionInvoker.Rethrow(ActionExecutedContextSealed context)
   at Microsoft.AspNetCore.Mvc.Infrastructure.ControllerActionInvoker.Next(State& next, Scope& scope, Object& state, Boolean& isCompleted)
   at Microsoft.AspNetCore.Mvc.Infrastructure.ControllerActionInvoker.<InvokeInnerFilterAsync>g__Awaited|13_0(ControllerActionInvoker invoker, Task lastTask, State next, Scope scope, Object state, Boolean isCompleted)
   at Microsoft.AspNetCore.Mvc.Infrastructure.ResourceInvoker.<InvokeFilterPipelineAsync>g__Awaited|20_0(ResourceInvoker invoker, Task lastTask, State next, Scope scope, Object state, Boolean isCompleted)
   at Microsoft.AspNetCore.Mvc.Infrastructure.ResourceInvoker.<InvokeAsync>g__Logged|17_1(ResourceInvoker invoker)
   at Microsoft.AspNetCore.Mvc.Infrastructure.ResourceInvoker.<InvokeAsync>g__Logged|17_1(ResourceInvoker invoker)
   at Microsoft.AspNetCore.Routing.EndpointMiddleware.<Invoke>g__AwaitRequestTask|7_0(Endpoint endpoint, Task requestTask, ILogger logger)
   at Microsoft.AspNetCore.Authorization.AuthorizationMiddleware.Invoke(HttpContext context)
   at BooksReviewApp.WebApi.Middlewares.ExceptionHandlingMiddleware.InvokeAsync(HttpContext context) in D:\Labs\BooksReviewApp\BooksReviewApp.WebApi\Middlewares\ExceptionHandlingMiddleware.cs:line 24, InnerException: null
2024-07-04 10:25:33.727 +03:00 [INF] Request finished HTTP/2 GET https://localhost:7147/api/users/3a557d15-8f8f-47b2-92a2-10e145cff75d - 404 null application/json 70469.0315ms
2024-07-04 10:31:05.121 +03:00 [INF] Now listening on: https://localhost:7147
2024-07-04 10:31:05.194 +03:00 [INF] Now listening on: http://localhost:5046
2024-07-04 10:31:05.200 +03:00 [INF] Application started. Press Ctrl+C to shut down.
2024-07-04 10:31:05.202 +03:00 [INF] Hosting environment: Development
2024-07-04 10:31:05.206 +03:00 [INF] Content root path: D:\Labs\BooksReviewApp\BooksReviewApp.Host
2024-07-04 10:31:08.222 +03:00 [INF] Request starting HTTP/2 GET https://localhost:7147/swagger/index.html - null null
2024-07-04 10:31:09.152 +03:00 [INF] Request finished HTTP/2 GET https://localhost:7147/swagger/index.html - 200 null text/html;charset=utf-8 941.7384ms
2024-07-04 10:31:09.156 +03:00 [INF] Request starting HTTP/2 GET https://localhost:7147/_framework/aspnetcore-browser-refresh.js - null null
2024-07-04 10:31:09.183 +03:00 [INF] Request finished HTTP/2 GET https://localhost:7147/_framework/aspnetcore-browser-refresh.js - 200 13774 application/javascript; charset=utf-8 27.036ms
2024-07-04 10:31:09.205 +03:00 [INF] Request starting HTTP/2 GET https://localhost:7147/_vs/browserLink - null null
2024-07-04 10:31:09.322 +03:00 [INF] Request finished HTTP/2 GET https://localhost:7147/_vs/browserLink - 200 null text/javascript; charset=UTF-8 116.8123ms
2024-07-04 10:31:10.206 +03:00 [INF] Request starting HTTP/2 GET https://localhost:7147/swagger/v1/swagger.json - null null
2024-07-04 10:31:10.576 +03:00 [INF] Request finished HTTP/2 GET https://localhost:7147/swagger/v1/swagger.json - 200 null application/json;charset=utf-8 370.3378ms
2024-07-04 10:31:20.104 +03:00 [INF] Request starting HTTP/2 GET https://localhost:7147/api/users - null null
2024-07-04 10:31:23.472 +03:00 [INF] Executing endpoint 'BooksReviewApp.WebApi.Controllers.UsersController.GetAllUsers (BooksReviewApp.WebApi)'
2024-07-04 10:31:23.548 +03:00 [INF] Route matched with {action = "GetAllUsers", controller = "Users"}. Executing controller action with signature System.Threading.Tasks.Task`1[Microsoft.AspNetCore.Mvc.IActionResult] GetAllUsers() on controller BooksReviewApp.WebApi.Controllers.UsersController (BooksReviewApp.WebApi).
2024-07-04 10:31:28.053 +03:00 [INF] Executing action method BooksReviewApp.WebApi.Controllers.UsersController.GetAllUsers (BooksReviewApp.WebApi) - Validation state: "Valid"
2024-07-04 10:31:30.105 +03:00 [INF] Executed DbCommand (130ms) [Parameters=[], CommandType='"Text"', CommandTimeout='30']
SELECT u."Id", u."Email", u."Password", u."Username"
FROM dbo."Users" AS u
2024-07-04 10:31:39.097 +03:00 [INF] Executed action BooksReviewApp.WebApi.Controllers.UsersController.GetAllUsers (BooksReviewApp.WebApi) in 15526.9895ms
2024-07-04 10:31:39.109 +03:00 [INF] Executed endpoint 'BooksReviewApp.WebApi.Controllers.UsersController.GetAllUsers (BooksReviewApp.WebApi)'
2024-07-04 10:31:43.012 +03:00 [ERR] Validation error occurred. Message: Validation failed: 
 -- Password: The length of 'Password' must be at least 10 characters. You entered 7 characters. Severity: Error, Errors: The length of 'Password' must be at least 10 characters. You entered 7 characters., StackTrace:    at BooksReviewApp.WebApi.Controllers.UsersController.ValidateAsync[T](T model, IValidator`1 validator) in D:\Labs\BooksReviewApp\BooksReviewApp.WebApi\Controllers\UsersController.cs:line 128
   at BooksReviewApp.WebApi.Controllers.UsersController.GetAllUsers() in D:\Labs\BooksReviewApp\BooksReviewApp.WebApi\Controllers\UsersController.cs:line 32
   at Microsoft.AspNetCore.Mvc.Infrastructure.ActionMethodExecutor.TaskOfIActionResultExecutor.Execute(ActionContext actionContext, IActionResultTypeMapper mapper, ObjectMethodExecutor executor, Object controller, Object[] arguments)
   at Microsoft.AspNetCore.Mvc.Infrastructure.ControllerActionInvoker.<InvokeActionMethodAsync>g__Logged|12_1(ControllerActionInvoker invoker)
   at Microsoft.AspNetCore.Mvc.Infrastructure.ControllerActionInvoker.<InvokeNextActionFilterAsync>g__Awaited|10_0(ControllerActionInvoker invoker, Task lastTask, State next, Scope scope, Object state, Boolean isCompleted)
   at Microsoft.AspNetCore.Mvc.Infrastructure.ControllerActionInvoker.Rethrow(ActionExecutedContextSealed context)
   at Microsoft.AspNetCore.Mvc.Infrastructure.ControllerActionInvoker.Next(State& next, Scope& scope, Object& state, Boolean& isCompleted)
   at Microsoft.AspNetCore.Mvc.Infrastructure.ControllerActionInvoker.<InvokeInnerFilterAsync>g__Awaited|13_0(ControllerActionInvoker invoker, Task lastTask, State next, Scope scope, Object state, Boolean isCompleted)
   at Microsoft.AspNetCore.Mvc.Infrastructure.ResourceInvoker.<InvokeFilterPipelineAsync>g__Awaited|20_0(ResourceInvoker invoker, Task lastTask, State next, Scope scope, Object state, Boolean isCompleted)
   at Microsoft.AspNetCore.Mvc.Infrastructure.ResourceInvoker.<InvokeAsync>g__Logged|17_1(ResourceInvoker invoker)
   at Microsoft.AspNetCore.Mvc.Infrastructure.ResourceInvoker.<InvokeAsync>g__Logged|17_1(ResourceInvoker invoker)
   at Microsoft.AspNetCore.Routing.EndpointMiddleware.<Invoke>g__AwaitRequestTask|7_0(Endpoint endpoint, Task requestTask, ILogger logger)
   at Microsoft.AspNetCore.Authorization.AuthorizationMiddleware.Invoke(HttpContext context)
   at BooksReviewApp.WebApi.Middlewares.ExceptionHandlingMiddleware.InvokeAsync(HttpContext context) in D:\Labs\BooksReviewApp\BooksReviewApp.WebApi\Middlewares\ExceptionHandlingMiddleware.cs:line 25, InnerException: null
2024-07-04 10:31:43.268 +03:00 [INF] Request finished HTTP/2 GET https://localhost:7147/api/users - 404 null application/json 23163.9583ms
