2024-07-24 14:27:08.056 +03:00 [INF] Now listening on: https://localhost:7147
2024-07-24 14:27:08.089 +03:00 [INF] Now listening on: http://localhost:5046
2024-07-24 14:27:08.092 +03:00 [INF] Application started. Press Ctrl+C to shut down.
2024-07-24 14:27:08.093 +03:00 [INF] Hosting environment: Development
2024-07-24 14:27:08.094 +03:00 [INF] Content root path: D:\Labs\BooksReviewApp\BooksReviewApp.Host
2024-07-24 14:27:12.117 +03:00 [INF] Request starting HTTP/2 GET https://localhost:7147/swagger/index.html - null null
2024-07-24 14:27:12.478 +03:00 [INF] Request finished HTTP/2 GET https://localhost:7147/swagger/index.html - 200 null text/html;charset=utf-8 372.5628ms
2024-07-24 14:27:12.495 +03:00 [INF] Request starting HTTP/2 GET https://localhost:7147/_framework/aspnetcore-browser-refresh.js - null null
2024-07-24 14:27:12.504 +03:00 [INF] Request finished HTTP/2 GET https://localhost:7147/_framework/aspnetcore-browser-refresh.js - 200 13774 application/javascript; charset=utf-8 9.1463ms
2024-07-24 14:27:12.509 +03:00 [INF] Request starting HTTP/2 GET https://localhost:7147/_vs/browserLink - null null
2024-07-24 14:27:12.556 +03:00 [INF] Request finished HTTP/2 GET https://localhost:7147/_vs/browserLink - 200 null text/javascript; charset=UTF-8 47.143ms
2024-07-24 14:27:12.741 +03:00 [INF] Request starting HTTP/2 GET https://localhost:7147/swagger/v1/swagger.json - null null
2024-07-24 14:27:12.856 +03:00 [INF] Request finished HTTP/2 GET https://localhost:7147/swagger/v1/swagger.json - 200 null application/json;charset=utf-8 114.6108ms
2024-07-24 14:27:19.611 +03:00 [INF] Request starting HTTP/1.1 POST https://localhost:7147/api/users?culture=de-DE - application/json 53
2024-07-24 14:27:19.621 +03:00 [INF] Executing endpoint 'BooksReviewApp.WebApi.Controllers.UsersController.CreateUser (BooksReviewApp.WebApi)'
2024-07-24 14:27:19.656 +03:00 [INF] Route matched with {action = "CreateUser", controller = "Users"}. Executing controller action with signature System.Threading.Tasks.Task`1[Microsoft.AspNetCore.Mvc.IActionResult] CreateUser(BooksReviewApp.WebApi.Dtos.User.CreateUserDto) on controller BooksReviewApp.WebApi.Controllers.UsersController (BooksReviewApp.WebApi).
2024-07-24 14:27:33.148 +03:00 [INF] Executed action BooksReviewApp.WebApi.Controllers.UsersController.CreateUser (BooksReviewApp.WebApi) in 13485.927ms
2024-07-24 14:27:33.152 +03:00 [INF] Executed endpoint 'BooksReviewApp.WebApi.Controllers.UsersController.CreateUser (BooksReviewApp.WebApi)'
2024-07-24 14:27:34.549 +03:00 [INF] Request finished HTTP/1.1 POST https://localhost:7147/api/users?culture=de-DE - 404 null application/json 14937.8213ms
2024-07-24 14:27:49.642 +03:00 [INF] Request starting HTTP/1.1 POST https://localhost:7147/api/users?culture=de-DE - application/json 53
2024-07-24 14:27:49.647 +03:00 [INF] Executing endpoint 'BooksReviewApp.WebApi.Controllers.UsersController.CreateUser (BooksReviewApp.WebApi)'
2024-07-24 14:27:49.648 +03:00 [INF] Route matched with {action = "CreateUser", controller = "Users"}. Executing controller action with signature System.Threading.Tasks.Task`1[Microsoft.AspNetCore.Mvc.IActionResult] CreateUser(BooksReviewApp.WebApi.Dtos.User.CreateUserDto) on controller BooksReviewApp.WebApi.Controllers.UsersController (BooksReviewApp.WebApi).
2024-07-24 17:26:18.209 +03:00 [INF] Now listening on: https://localhost:7147
2024-07-24 17:26:18.305 +03:00 [INF] Now listening on: http://localhost:5046
2024-07-24 17:26:18.318 +03:00 [INF] Application started. Press Ctrl+C to shut down.
2024-07-24 17:26:18.325 +03:00 [INF] Hosting environment: Development
2024-07-24 17:26:18.332 +03:00 [INF] Content root path: D:\Labs\BooksReviewApp\BooksReviewApp.Host
2024-07-24 17:26:38.262 +03:00 [INF] Request starting HTTP/2 GET https://localhost:7147/swagger/index.html - null null
2024-07-24 17:26:39.312 +03:00 [INF] Request finished HTTP/2 GET https://localhost:7147/swagger/index.html - 200 null text/html;charset=utf-8 1063.3258ms
2024-07-24 17:26:39.343 +03:00 [INF] Request starting HTTP/2 GET https://localhost:7147/_framework/aspnetcore-browser-refresh.js - null null
2024-07-24 17:26:39.363 +03:00 [INF] Request finished HTTP/2 GET https://localhost:7147/_framework/aspnetcore-browser-refresh.js - 200 13774 application/javascript; charset=utf-8 20.4643ms
2024-07-24 17:26:39.396 +03:00 [INF] Request starting HTTP/2 GET https://localhost:7147/_vs/browserLink - null null
2024-07-24 17:26:39.574 +03:00 [INF] Request finished HTTP/2 GET https://localhost:7147/_vs/browserLink - 200 null text/javascript; charset=UTF-8 179.1172ms
2024-07-24 17:26:39.982 +03:00 [INF] Request starting HTTP/2 GET https://localhost:7147/swagger/v1/swagger.json - null null
2024-07-24 17:26:40.300 +03:00 [INF] Request finished HTTP/2 GET https://localhost:7147/swagger/v1/swagger.json - 200 null application/json;charset=utf-8 318.2499ms
2024-07-24 17:26:49.899 +03:00 [INF] Request starting HTTP/1.1 POST https://localhost:7147/api/users?culture=de-DE - application/json 53
2024-07-24 17:26:50.010 +03:00 [INF] Executing endpoint 'BooksReviewApp.WebApi.Controllers.UsersController.CreateUser (BooksReviewApp.WebApi)'
2024-07-24 17:26:50.233 +03:00 [INF] Route matched with {action = "CreateUser", controller = "Users"}. Executing controller action with signature System.Threading.Tasks.Task`1[Microsoft.AspNetCore.Mvc.IActionResult] CreateUser(BooksReviewApp.WebApi.Dtos.User.CreateUserDto) on controller BooksReviewApp.WebApi.Controllers.UsersController (BooksReviewApp.WebApi).
2024-07-24 17:40:24.273 +03:00 [INF] Executed action BooksReviewApp.WebApi.Controllers.UsersController.CreateUser (BooksReviewApp.WebApi) in 814025.8427ms
2024-07-24 17:40:24.279 +03:00 [INF] Executed endpoint 'BooksReviewApp.WebApi.Controllers.UsersController.CreateUser (BooksReviewApp.WebApi)'
2024-07-24 17:40:27.656 +03:00 [ERR] Validation error occurred. Message: Validation failed: 
 -- Email: E-Mail ist erforderlich. Severity: Error
 -- Password: Das Passwort muss mindestens 8 Zeichen lang sein. Severity: Error
 -- Password: Das Passwort muss mindestens einen Kleinbuchstaben, einen Großbuchstaben und eine Ziffer enthalten. Severity: Error, Errors: E-Mail ist erforderlich.; Das Passwort muss mindestens 8 Zeichen lang sein.; Das Passwort muss mindestens einen Kleinbuchstaben, einen Großbuchstaben und eine Ziffer enthalten., StackTrace:    at BooksReviewApp.WebApi.Validators.BaseValidator`1.Validate(ValidationContext`1 context) in D:\Labs\BooksReviewApp\BooksReviewApp.WebApi\Validators\BaseValidator.cs:line 15
   at FluentValidation.AbstractValidator`1.FluentValidation.IValidator.Validate(IValidationContext context) in /_/src/FluentValidation/AbstractValidator.cs:line 153
   at FluentValidation.AspNetCore.FluentValidationModelValidator.Validate(ModelValidationContext mvContext) in /_/src/FluentValidation.AspNetCore/FluentValidationModelValidatorProvider.cs:line 146
   at Microsoft.AspNetCore.Mvc.ModelBinding.Validation.ValidationVisitor.ValidateNode()
   at Microsoft.AspNetCore.Mvc.ModelBinding.Validation.ValidationVisitor.VisitComplexType(IValidationStrategy defaultStrategy)
   at Microsoft.AspNetCore.Mvc.ModelBinding.Validation.ValidationVisitor.VisitImplementation(ModelMetadata& metadata, String& key, Object model)
   at Microsoft.AspNetCore.Mvc.ModelBinding.Validation.ValidationVisitor.Visit(ModelMetadata metadata, String key, Object model)
   at FluentValidation.AspNetCore.FluentValidationVisitor.<>n__1(ModelMetadata metadata, String key, Object model, Boolean alwaysValidateAtTopLevel, Object container)
   at FluentValidation.AspNetCore.FluentValidationVisitor.<>c__DisplayClass2_0.<Validate>g__BaseValidate|0() in /_/src/FluentValidation.AspNetCore/FluentValidationVisitor.cs:line 45
   at FluentValidation.AspNetCore.FluentValidationVisitor.ValidateInternal(ModelMetadata metadata, String key, Object model, Func`1 continuation) in /_/src/FluentValidation.AspNetCore/FluentValidationVisitor.cs:line 63
   at FluentValidation.AspNetCore.FluentValidationVisitor.Validate(ModelMetadata metadata, String key, Object model, Boolean alwaysValidateAtTopLevel, Object container) in /_/src/FluentValidation.AspNetCore/FluentValidationVisitor.cs:line 47
   at Microsoft.AspNetCore.Mvc.ModelBinding.ObjectModelValidator.Validate(ActionContext actionContext, ValidationStateDictionary validationState, String prefix, Object model, ModelMetadata metadata, Object container)
   at Microsoft.AspNetCore.Mvc.ModelBinding.ParameterBinder.EnforceBindRequiredAndValidate(ObjectModelValidator baseObjectValidator, ActionContext actionContext, ParameterDescriptor parameter, ModelMetadata metadata, ModelBindingContext modelBindingContext, ModelBindingResult modelBindingResult, Object container)
   at Microsoft.AspNetCore.Mvc.ModelBinding.ParameterBinder.BindModelAsync(ActionContext actionContext, IModelBinder modelBinder, IValueProvider valueProvider, ParameterDescriptor parameter, ModelMetadata metadata, Object value, Object container)
   at Microsoft.AspNetCore.Mvc.Controllers.ControllerBinderDelegateProvider.<>c__DisplayClass0_0.<<CreateBinderDelegate>g__Bind|0>d.MoveNext()
--- End of stack trace from previous location ---
   at Microsoft.AspNetCore.Mvc.Infrastructure.ControllerActionInvoker.<InvokeInnerFilterAsync>g__Awaited|13_0(ControllerActionInvoker invoker, Task lastTask, State next, Scope scope, Object state, Boolean isCompleted)
   at Microsoft.AspNetCore.Mvc.Infrastructure.ResourceInvoker.<InvokeFilterPipelineAsync>g__Awaited|20_0(ResourceInvoker invoker, Task lastTask, State next, Scope scope, Object state, Boolean isCompleted)
   at Microsoft.AspNetCore.Mvc.Infrastructure.ResourceInvoker.<InvokeAsync>g__Logged|17_1(ResourceInvoker invoker)
   at Microsoft.AspNetCore.Mvc.Infrastructure.ResourceInvoker.<InvokeAsync>g__Logged|17_1(ResourceInvoker invoker)
   at Microsoft.AspNetCore.Routing.EndpointMiddleware.<Invoke>g__AwaitRequestTask|7_0(Endpoint endpoint, Task requestTask, ILogger logger)
   at Microsoft.AspNetCore.Authorization.AuthorizationMiddleware.Invoke(HttpContext context)
   at BooksReviewApp.WebApi.Middlewares.ExceptionHandlingMiddleware.InvokeAsync(HttpContext context) in D:\Labs\BooksReviewApp\BooksReviewApp.WebApi\Middlewares\ExceptionHandlingMiddleware.cs:line 24, InnerException: null
FluentValidation.ValidationException: Validation failed: 
 -- Email: E-Mail ist erforderlich. Severity: Error
 -- Password: Das Passwort muss mindestens 8 Zeichen lang sein. Severity: Error
 -- Password: Das Passwort muss mindestens einen Kleinbuchstaben, einen Großbuchstaben und eine Ziffer enthalten. Severity: Error
   at BooksReviewApp.WebApi.Validators.BaseValidator`1.Validate(ValidationContext`1 context) in D:\Labs\BooksReviewApp\BooksReviewApp.WebApi\Validators\BaseValidator.cs:line 15
   at FluentValidation.AbstractValidator`1.FluentValidation.IValidator.Validate(IValidationContext context) in /_/src/FluentValidation/AbstractValidator.cs:line 153
   at FluentValidation.AspNetCore.FluentValidationModelValidator.Validate(ModelValidationContext mvContext) in /_/src/FluentValidation.AspNetCore/FluentValidationModelValidatorProvider.cs:line 146
   at Microsoft.AspNetCore.Mvc.ModelBinding.Validation.ValidationVisitor.ValidateNode()
   at Microsoft.AspNetCore.Mvc.ModelBinding.Validation.ValidationVisitor.VisitComplexType(IValidationStrategy defaultStrategy)
   at Microsoft.AspNetCore.Mvc.ModelBinding.Validation.ValidationVisitor.VisitImplementation(ModelMetadata& metadata, String& key, Object model)
   at Microsoft.AspNetCore.Mvc.ModelBinding.Validation.ValidationVisitor.Visit(ModelMetadata metadata, String key, Object model)
   at FluentValidation.AspNetCore.FluentValidationVisitor.<>n__1(ModelMetadata metadata, String key, Object model, Boolean alwaysValidateAtTopLevel, Object container)
   at FluentValidation.AspNetCore.FluentValidationVisitor.<>c__DisplayClass2_0.<Validate>g__BaseValidate|0() in /_/src/FluentValidation.AspNetCore/FluentValidationVisitor.cs:line 45
   at FluentValidation.AspNetCore.FluentValidationVisitor.ValidateInternal(ModelMetadata metadata, String key, Object model, Func`1 continuation) in /_/src/FluentValidation.AspNetCore/FluentValidationVisitor.cs:line 63
   at FluentValidation.AspNetCore.FluentValidationVisitor.Validate(ModelMetadata metadata, String key, Object model, Boolean alwaysValidateAtTopLevel, Object container) in /_/src/FluentValidation.AspNetCore/FluentValidationVisitor.cs:line 47
   at Microsoft.AspNetCore.Mvc.ModelBinding.ObjectModelValidator.Validate(ActionContext actionContext, ValidationStateDictionary validationState, String prefix, Object model, ModelMetadata metadata, Object container)
   at Microsoft.AspNetCore.Mvc.ModelBinding.ParameterBinder.EnforceBindRequiredAndValidate(ObjectModelValidator baseObjectValidator, ActionContext actionContext, ParameterDescriptor parameter, ModelMetadata metadata, ModelBindingContext modelBindingContext, ModelBindingResult modelBindingResult, Object container)
   at Microsoft.AspNetCore.Mvc.ModelBinding.ParameterBinder.BindModelAsync(ActionContext actionContext, IModelBinder modelBinder, IValueProvider valueProvider, ParameterDescriptor parameter, ModelMetadata metadata, Object value, Object container)
   at Microsoft.AspNetCore.Mvc.Controllers.ControllerBinderDelegateProvider.<>c__DisplayClass0_0.<<CreateBinderDelegate>g__Bind|0>d.MoveNext()
--- End of stack trace from previous location ---
   at Microsoft.AspNetCore.Mvc.Infrastructure.ControllerActionInvoker.<InvokeInnerFilterAsync>g__Awaited|13_0(ControllerActionInvoker invoker, Task lastTask, State next, Scope scope, Object state, Boolean isCompleted)
   at Microsoft.AspNetCore.Mvc.Infrastructure.ResourceInvoker.<InvokeFilterPipelineAsync>g__Awaited|20_0(ResourceInvoker invoker, Task lastTask, State next, Scope scope, Object state, Boolean isCompleted)
   at Microsoft.AspNetCore.Mvc.Infrastructure.ResourceInvoker.<InvokeAsync>g__Logged|17_1(ResourceInvoker invoker)
   at Microsoft.AspNetCore.Mvc.Infrastructure.ResourceInvoker.<InvokeAsync>g__Logged|17_1(ResourceInvoker invoker)
   at Microsoft.AspNetCore.Routing.EndpointMiddleware.<Invoke>g__AwaitRequestTask|7_0(Endpoint endpoint, Task requestTask, ILogger logger)
   at Microsoft.AspNetCore.Authorization.AuthorizationMiddleware.Invoke(HttpContext context)
   at BooksReviewApp.WebApi.Middlewares.ExceptionHandlingMiddleware.InvokeAsync(HttpContext context) in D:\Labs\BooksReviewApp\BooksReviewApp.WebApi\Middlewares\ExceptionHandlingMiddleware.cs:line 24
2024-07-24 17:40:27.732 +03:00 [INF] Request finished HTTP/1.1 POST https://localhost:7147/api/users?culture=de-DE - 404 null application/json 817833.6489ms
