2024-08-12 22:28:19.342 +03:00 [INF] Now listening on: https://localhost:7147
2024-08-12 22:28:19.563 +03:00 [INF] Now listening on: http://localhost:5046
2024-08-12 22:28:19.569 +03:00 [INF] Application started. Press Ctrl+C to shut down.
2024-08-12 22:28:19.572 +03:00 [INF] Hosting environment: Development
2024-08-12 22:28:19.574 +03:00 [INF] Content root path: D:\Labs\BooksReviewApp\BooksReviewApp.Host
2024-08-12 22:28:20.133 +03:00 [INF] Request starting HTTP/2 GET https://localhost:7147/swagger/index.html - null null
2024-08-12 22:28:21.228 +03:00 [INF] HTTP GET /swagger/index.html responded 200 in 333.3185 ms
2024-08-12 22:28:21.241 +03:00 [INF] Request starting HTTP/2 GET https://localhost:7147/_framework/aspnetcore-browser-refresh.js - null null
2024-08-12 22:28:21.250 +03:00 [INF] Request finished HTTP/2 GET https://localhost:7147/swagger/index.html - 200 null text/html;charset=utf-8 1128.994ms
2024-08-12 22:28:21.289 +03:00 [INF] Request starting HTTP/2 GET https://localhost:7147/_vs/browserLink - null null
2024-08-12 22:28:21.340 +03:00 [INF] Request finished HTTP/2 GET https://localhost:7147/_framework/aspnetcore-browser-refresh.js - 200 13774 application/javascript; charset=utf-8 98.816ms
2024-08-12 22:28:21.460 +03:00 [INF] Request finished HTTP/2 GET https://localhost:7147/_vs/browserLink - 200 null text/javascript; charset=UTF-8 170.6097ms
2024-08-12 22:28:22.068 +03:00 [INF] Request starting HTTP/2 GET https://localhost:7147/swagger/v1/swagger.json - null null
2024-08-12 22:28:22.629 +03:00 [INF] HTTP GET /swagger/v1/swagger.json responded 200 in 525.3023 ms
2024-08-12 22:28:22.644 +03:00 [INF] Request finished HTTP/2 GET https://localhost:7147/swagger/v1/swagger.json - 200 null application/json;charset=utf-8 577.8786ms
2024-08-12 22:28:46.445 +03:00 [INF] Request starting HTTP/1.1 POST https://localhost:7147/api/users?culture=de-DE - application/json 53
2024-08-12 22:28:46.506 +03:00 [INF] Executing endpoint 'BooksReviewApp.WebApi.Controllers.UsersController.CreateUser (BooksReviewApp.WebApi)'
2024-08-12 22:28:46.575 +03:00 [INF] Route matched with {action = "CreateUser", controller = "Users"}. Executing controller action with signature System.Threading.Tasks.Task`1[Microsoft.AspNetCore.Mvc.IActionResult] CreateUser(BooksReviewApp.WebApi.Dtos.User.CreateUserDto) on controller BooksReviewApp.WebApi.Controllers.UsersController (BooksReviewApp.WebApi).
2024-08-12 22:29:28.562 +03:00 [INF] Executed action BooksReviewApp.WebApi.Controllers.UsersController.CreateUser (BooksReviewApp.WebApi) in 41957.0821ms
2024-08-12 22:29:28.596 +03:00 [INF] Executed endpoint 'BooksReviewApp.WebApi.Controllers.UsersController.CreateUser (BooksReviewApp.WebApi)'
2024-08-12 22:29:45.728 +03:00 [ERR] Validation error occurred. Message: Validation failed: 
 -- Email: E-Mail ist erforderlich. Severity: Error
 -- Password: Das Passwort muss mindestens 8 Zeichen lang sein. Severity: Error
 -- Password: Das Passwort muss mindestens einen Kleinbuchstaben, einen Großbuchstaben und eine Ziffer enthalten. Severity: Error, StackTrace:    at BooksReviewApp.WebApi.Validators.BaseValidator`1.Validate(ValidationContext`1 context) in D:\Labs\BooksReviewApp\BooksReviewApp.WebApi\Validators\BaseValidator.cs:line 14
   at FluentValidation.AbstractValidator`1.FluentValidation.IValidator.Validate(IValidationContext context) in /_/src/FluentValidation/AbstractValidator.cs:line 153
   at FluentValidation.AspNetCore.FluentValidationModelValidator.Validate(ModelValidationContext mvContext) in /_/src/FluentValidation.AspNetCore/FluentValidationModelValidatorProvider.cs:line 146
   at Microsoft.AspNetCore.Mvc.ModelBinding.Validation.ValidationVisitor.ValidateNode()
   at Microsoft.AspNetCore.Mvc.ModelBinding.Validation.ValidationVisitor.VisitComplexType(IValidationStrategy defaultStrategy)
   at Microsoft.AspNetCore.Mvc.ModelBinding.Validation.ValidationVisitor.VisitImplementation(ModelMetadata& metadata, String& key, Object model)
   at Microsoft.AspNetCore.Mvc.ModelBinding.Validation.ValidationVisitor.Visit(ModelMetadata metadata, String key, Object model)
   at FluentValidation.AspNetCore.FluentValidationVisitor.<>n__1(ModelMetadata metadata, String key, Object model, Boolean alwaysValidateAtTopLevel, Object container)
   at FluentValidation.AspNetCore.FluentValidationVisitor.<>c__DisplayClass2_0.<Validate>g__BaseValidate|0() in /_/src/FluentValidation.AspNetCore/FluentValidationVisitor.cs:line 45
   at FluentValidation.AspNetCore.FluentValidationVisitor.ValidateInternal(ModelMetadata metadata, String key, Object model, Func`1 continuation) in /_/src/FluentValidation.AspNetCore/FluentValidationVisitor.cs:line 63
   at FluentValidation.AspNetCore.FluentValidationVisitor.Validate(ModelMetadata metadata, String key, Object model, Boolean alwaysValidateAtTopLevel, Object container) in /_/src/FluentValidation.AspNetCore/FluentValidationVisitor.cs:line 47
   at Microsoft.AspNetCore.Mvc.ModelBinding.ObjectModelValidator.Validate(ActionContext actionContext, ValidationStateDictionary validationState, String prefix, Object model, ModelMetadata metadata, Object container)
   at Microsoft.AspNetCore.Mvc.ModelBinding.ParameterBinder.EnforceBindRequiredAndValidate(ObjectModelValidator baseObjectValidator, ActionContext actionContext, ParameterDescriptor parameter, ModelMetadata metadata, ModelBindingContext modelBindingContext, ModelBindingResult modelBindingResult, Object container)
   at Microsoft.AspNetCore.Mvc.ModelBinding.ParameterBinder.BindModelAsync(ActionContext actionContext, IModelBinder modelBinder, IValueProvider valueProvider, ParameterDescriptor parameter, ModelMetadata metadata, Object value, Object container)
   at Microsoft.AspNetCore.Mvc.Controllers.ControllerBinderDelegateProvider.<>c__DisplayClass0_0.<<CreateBinderDelegate>g__Bind|0>d.MoveNext()
--- End of stack trace from previous location ---
   at Microsoft.AspNetCore.Mvc.Infrastructure.ControllerActionInvoker.<InvokeInnerFilterAsync>g__Awaited|13_0(ControllerActionInvoker invoker, Task lastTask, State next, Scope scope, Object state, Boolean isCompleted)
   at Microsoft.AspNetCore.Mvc.Infrastructure.ResourceInvoker.<InvokeFilterPipelineAsync>g__Awaited|20_0(ResourceInvoker invoker, Task lastTask, State next, Scope scope, Object state, Boolean isCompleted)
   at Microsoft.AspNetCore.Mvc.Infrastructure.ResourceInvoker.<InvokeAsync>g__Logged|17_1(ResourceInvoker invoker)
   at Microsoft.AspNetCore.Mvc.Infrastructure.ResourceInvoker.<InvokeAsync>g__Logged|17_1(ResourceInvoker invoker)
   at Microsoft.AspNetCore.Routing.EndpointMiddleware.<Invoke>g__AwaitRequestTask|7_0(Endpoint endpoint, Task requestTask, ILogger logger)
   at Microsoft.AspNetCore.Authorization.AuthorizationMiddleware.Invoke(HttpContext context)
   at BooksReviewApp.WebApi.Middlewares.ExceptionHandlingMiddleware.InvokeAsync(HttpContext context) in D:\Labs\BooksReviewApp\BooksReviewApp.WebApi\Middlewares\ExceptionHandlingMiddleware.cs:line 24
FluentValidation.ValidationException: Validation failed: 
 -- Email: E-Mail ist erforderlich. Severity: Error
 -- Password: Das Passwort muss mindestens 8 Zeichen lang sein. Severity: Error
 -- Password: Das Passwort muss mindestens einen Kleinbuchstaben, einen Großbuchstaben und eine Ziffer enthalten. Severity: Error
   at BooksReviewApp.WebApi.Validators.BaseValidator`1.Validate(ValidationContext`1 context) in D:\Labs\BooksReviewApp\BooksReviewApp.WebApi\Validators\BaseValidator.cs:line 14
   at FluentValidation.AbstractValidator`1.FluentValidation.IValidator.Validate(IValidationContext context) in /_/src/FluentValidation/AbstractValidator.cs:line 153
   at FluentValidation.AspNetCore.FluentValidationModelValidator.Validate(ModelValidationContext mvContext) in /_/src/FluentValidation.AspNetCore/FluentValidationModelValidatorProvider.cs:line 146
   at Microsoft.AspNetCore.Mvc.ModelBinding.Validation.ValidationVisitor.ValidateNode()
   at Microsoft.AspNetCore.Mvc.ModelBinding.Validation.ValidationVisitor.VisitComplexType(IValidationStrategy defaultStrategy)
   at Microsoft.AspNetCore.Mvc.ModelBinding.Validation.ValidationVisitor.VisitImplementation(ModelMetadata& metadata, String& key, Object model)
   at Microsoft.AspNetCore.Mvc.ModelBinding.Validation.ValidationVisitor.Visit(ModelMetadata metadata, String key, Object model)
   at FluentValidation.AspNetCore.FluentValidationVisitor.<>n__1(ModelMetadata metadata, String key, Object model, Boolean alwaysValidateAtTopLevel, Object container)
   at FluentValidation.AspNetCore.FluentValidationVisitor.<>c__DisplayClass2_0.<Validate>g__BaseValidate|0() in /_/src/FluentValidation.AspNetCore/FluentValidationVisitor.cs:line 45
   at FluentValidation.AspNetCore.FluentValidationVisitor.ValidateInternal(ModelMetadata metadata, String key, Object model, Func`1 continuation) in /_/src/FluentValidation.AspNetCore/FluentValidationVisitor.cs:line 63
   at FluentValidation.AspNetCore.FluentValidationVisitor.Validate(ModelMetadata metadata, String key, Object model, Boolean alwaysValidateAtTopLevel, Object container) in /_/src/FluentValidation.AspNetCore/FluentValidationVisitor.cs:line 47
   at Microsoft.AspNetCore.Mvc.ModelBinding.ObjectModelValidator.Validate(ActionContext actionContext, ValidationStateDictionary validationState, String prefix, Object model, ModelMetadata metadata, Object container)
   at Microsoft.AspNetCore.Mvc.ModelBinding.ParameterBinder.EnforceBindRequiredAndValidate(ObjectModelValidator baseObjectValidator, ActionContext actionContext, ParameterDescriptor parameter, ModelMetadata metadata, ModelBindingContext modelBindingContext, ModelBindingResult modelBindingResult, Object container)
   at Microsoft.AspNetCore.Mvc.ModelBinding.ParameterBinder.BindModelAsync(ActionContext actionContext, IModelBinder modelBinder, IValueProvider valueProvider, ParameterDescriptor parameter, ModelMetadata metadata, Object value, Object container)
   at Microsoft.AspNetCore.Mvc.Controllers.ControllerBinderDelegateProvider.<>c__DisplayClass0_0.<<CreateBinderDelegate>g__Bind|0>d.MoveNext()
--- End of stack trace from previous location ---
   at Microsoft.AspNetCore.Mvc.Infrastructure.ControllerActionInvoker.<InvokeInnerFilterAsync>g__Awaited|13_0(ControllerActionInvoker invoker, Task lastTask, State next, Scope scope, Object state, Boolean isCompleted)
   at Microsoft.AspNetCore.Mvc.Infrastructure.ResourceInvoker.<InvokeFilterPipelineAsync>g__Awaited|20_0(ResourceInvoker invoker, Task lastTask, State next, Scope scope, Object state, Boolean isCompleted)
   at Microsoft.AspNetCore.Mvc.Infrastructure.ResourceInvoker.<InvokeAsync>g__Logged|17_1(ResourceInvoker invoker)
   at Microsoft.AspNetCore.Mvc.Infrastructure.ResourceInvoker.<InvokeAsync>g__Logged|17_1(ResourceInvoker invoker)
   at Microsoft.AspNetCore.Routing.EndpointMiddleware.<Invoke>g__AwaitRequestTask|7_0(Endpoint endpoint, Task requestTask, ILogger logger)
   at Microsoft.AspNetCore.Authorization.AuthorizationMiddleware.Invoke(HttpContext context)
   at BooksReviewApp.WebApi.Middlewares.ExceptionHandlingMiddleware.InvokeAsync(HttpContext context) in D:\Labs\BooksReviewApp\BooksReviewApp.WebApi\Middlewares\ExceptionHandlingMiddleware.cs:line 24
2024-08-12 22:29:45.992 +03:00 [INF] HTTP POST /api/users responded 404 in 59503.8311 ms
2024-08-12 22:29:46.071 +03:00 [INF] Request finished HTTP/1.1 POST https://localhost:7147/api/users?culture=de-DE - 404 null application/json 59627.0237ms
